<?xml version="1.0" encoding="UTF-8"?>
<!-- Generated by org.testng.reporters.JUnitXMLReporter -->
<testsuite ignored="4" hostname="IN-PG02NJQY" failures="0" tests="11" name="Test" time="4.643" errors="0" timestamp="2022-02-09T18:59:29 IST">
  <testcase classname="com.SeleniumAssignment.tests.BaseTest" name="@BeforeMethod initializationBrowsers" time="1.886">
    <failure type="org.openqa.selenium.SessionNotCreatedException" message="session not created: This version of ChromeDriver only supports Chrome version 96
Current browser version is 98.0.4758.81 with binary path C:\Program Files\Google\Chrome\Application\chrome.exe
Build info: version: &amp;apos;3.141.59&amp;apos;, revision: &amp;apos;e82be7d358&amp;apos;, time: &amp;apos;2018-11-14T08:17:03&amp;apos;
System info: host: &amp;apos;IN-PG02NJQY&amp;apos;, ip: &amp;apos;192.168.38.148&amp;apos;, os.name: &amp;apos;Windows 10&amp;apos;, os.arch: &amp;apos;amd64&amp;apos;, os.version: &amp;apos;10.0&amp;apos;, java.version: &amp;apos;11.0.12&amp;apos;
Driver info: driver.version: ChromeDriver
remote stacktrace: Backtrace:
	Ordinal0 [0x009C6903+2517251]
	Ordinal0 [0x0095F8E1+2095329]
	Ordinal0 [0x00862848+1058888]
	Ordinal0 [0x00880B9D+1182621]
	Ordinal0 [0x0087CA60+1165920]
	Ordinal0 [0x0087A2CF+1155791]
	Ordinal0 [0x008AAAAF+1354415]
	Ordinal0 [0x008AA71A+1353498]
	Ordinal0 [0x008A639B+1336219]
	Ordinal0 [0x008827A7+1189799]
	Ordinal0 [0x00883609+1193481]
	GetHandleVerifier [0x00B55904+1577972]
	GetHandleVerifier [0x00C00B97+2279047]
	GetHandleVerifier [0x00A56D09+534521]
	GetHandleVerifier [0x00A55DB9+530601]
	Ordinal0 [0x00964FF9+2117625]
	Ordinal0 [0x009698A8+2136232]
	Ordinal0 [0x009699E2+2136546]
	Ordinal0 [0x00973541+2176321]
	BaseThreadInitThunk [0x75F1FA29+25]
	RtlGetAppContainerNamedObjectPath [0x77AE7A9E+286]
	RtlGetAppContainerNamedObjectPath [0x77AE7A6E+238]
">
      <![CDATA[org.openqa.selenium.SessionNotCreatedException: session not created: This version of ChromeDriver only supports Chrome version 96
Current browser version is 98.0.4758.81 with binary path C:\Program Files\Google\Chrome\Application\chrome.exe
Build info: version: '3.141.59', revision: 'e82be7d358', time: '2018-11-14T08:17:03'
System info: host: 'IN-PG02NJQY', ip: '192.168.38.148', os.name: 'Windows 10', os.arch: 'amd64', os.version: '10.0', java.version: '11.0.12'
Driver info: driver.version: ChromeDriver
remote stacktrace: Backtrace:
Ordinal0 [0x009C6903+2517251]
Ordinal0 [0x0095F8E1+2095329]
Ordinal0 [0x00862848+1058888]
Ordinal0 [0x00880B9D+1182621]
Ordinal0 [0x0087CA60+1165920]
Ordinal0 [0x0087A2CF+1155791]
Ordinal0 [0x008AAAAF+1354415]
Ordinal0 [0x008AA71A+1353498]
Ordinal0 [0x008A639B+1336219]
Ordinal0 [0x008827A7+1189799]
Ordinal0 [0x00883609+1193481]
GetHandleVerifier [0x00B55904+1577972]
GetHandleVerifier [0x00C00B97+2279047]
GetHandleVerifier [0x00A56D09+534521]
GetHandleVerifier [0x00A55DB9+530601]
Ordinal0 [0x00964FF9+2117625]
Ordinal0 [0x009698A8+2136232]
Ordinal0 [0x009699E2+2136546]
Ordinal0 [0x00973541+2176321]
BaseThreadInitThunk [0x75F1FA29+25]
RtlGetAppContainerNamedObjectPath [0x77AE7A9E+286]
RtlGetAppContainerNamedObjectPath [0x77AE7A6E+238]

at org.openqa.selenium.remote.W3CHandshakeResponse.lambda$errorHandler$0(W3CHandshakeResponse.java:62)
at org.openqa.selenium.remote.HandshakeResponse.lambda$getResponseFunction$0(HandshakeResponse.java:30)
at org.openqa.selenium.remote.ProtocolHandshake.lambda$createSession$0(ProtocolHandshake.java:126)
at java.base/java.util.stream.ReferencePipeline$3$1.accept(ReferencePipeline.java:195)
at java.base/java.util.Spliterators$ArraySpliterator.tryAdvance(Spliterators.java:958)
at java.base/java.util.stream.ReferencePipeline.forEachWithCancel(ReferencePipeline.java:127)
at java.base/java.util.stream.AbstractPipeline.copyIntoWithCancel(AbstractPipeline.java:502)
at java.base/java.util.stream.AbstractPipeline.copyInto(AbstractPipeline.java:488)
at java.base/java.util.stream.AbstractPipeline.wrapAndCopyInto(AbstractPipeline.java:474)
at java.base/java.util.stream.FindOps$FindOp.evaluateSequential(FindOps.java:150)
at java.base/java.util.stream.AbstractPipeline.evaluate(AbstractPipeline.java:234)
at java.base/java.util.stream.ReferencePipeline.findFirst(ReferencePipeline.java:543)
at org.openqa.selenium.remote.ProtocolHandshake.createSession(ProtocolHandshake.java:128)
at org.openqa.selenium.remote.ProtocolHandshake.createSession(ProtocolHandshake.java:74)
at org.openqa.selenium.remote.HttpCommandExecutor.execute(HttpCommandExecutor.java:136)
at org.openqa.selenium.remote.service.DriverCommandExecutor.execute(DriverCommandExecutor.java:83)
at org.openqa.selenium.remote.RemoteWebDriver.execute(RemoteWebDriver.java:552)
at org.openqa.selenium.remote.RemoteWebDriver.startSession(RemoteWebDriver.java:213)
at org.openqa.selenium.remote.RemoteWebDriver.<init>(RemoteWebDriver.java:131)
at org.openqa.selenium.chrome.ChromeDriver.<init>(ChromeDriver.java:181)
at org.openqa.selenium.chrome.ChromeDriver.<init>(ChromeDriver.java:168)
at org.openqa.selenium.chrome.ChromeDriver.<init>(ChromeDriver.java:157)
at com.SeleniumAssignment.tests.BaseTest.initializationBrowsers(BaseTest.java:81)
at java.base/java.util.ArrayList.forEach(ArrayList.java:1541)
... Removed 35 stack frames]]>
    </failure>
  </testcase> <!-- @BeforeMethod initializationBrowsers -->
  <testcase classname="com.SeleniumAssignment.tests.BaseTest" name="@BeforeMethod urlLunch" time="-1.644413366923E9">
    <skipped/>
  </testcase> <!-- @BeforeMethod urlLunch -->
  <testcase classname="com.SeleniumAssignment.tests.BaseTest" name="@AfterMethod attachScreenshot" time="-1.644413366933E9">
    <skipped/>
  </testcase> <!-- @AfterMethod attachScreenshot -->
  <testcase classname="com.SeleniumAssignment.tests.BaseTest" name="@AfterMethod close" time="-1.644413366934E9">
    <skipped/>
  </testcase> <!-- @AfterMethod close -->
  <testcase classname="com.SeleniumAssignment.tests.BaseTest" name="@BeforeMethod initializationBrowsers" time="-1.644413366937E9">
    <skipped/>
  </testcase> <!-- @BeforeMethod initializationBrowsers -->
  <testcase classname="com.SeleniumAssignment.tests.BaseTest" name="@BeforeMethod urlLunch" time="-1.644413366938E9">
    <skipped/>
  </testcase> <!-- @BeforeMethod urlLunch -->
  <testcase classname="com.SeleniumAssignment.tests.BaseTest" name="@AfterMethod attachScreenshot" time="-1.644413366945E9">
    <skipped/>
  </testcase> <!-- @AfterMethod attachScreenshot -->
  <testcase classname="com.SeleniumAssignment.tests.BaseTest" name="@AfterMethod close" time="-1.644413366947E9">
    <skipped/>
  </testcase> <!-- @AfterMethod close -->
  <testcase classname="com.SeleniumAssignment.tests.BaseTest" name="@BeforeMethod initializationBrowsers" time="-1.644413366948E9">
    <skipped/>
  </testcase> <!-- @BeforeMethod initializationBrowsers -->
  <testcase classname="com.SeleniumAssignment.tests.BaseTest" name="@BeforeMethod urlLunch" time="-1.64441336695E9">
    <skipped/>
  </testcase> <!-- @BeforeMethod urlLunch -->
  <testcase classname="com.SeleniumAssignment.tests.BaseTest" name="@AfterMethod attachScreenshot" time="-1.644413366958E9">
    <skipped/>
  </testcase> <!-- @AfterMethod attachScreenshot -->
  <testcase classname="com.SeleniumAssignment.tests.BaseTest" name="@AfterMethod close" time="-1.64441336696E9">
    <skipped/>
  </testcase> <!-- @AfterMethod close -->
  <testcase classname="com.SeleniumAssignment.tests.BaseTest" name="@BeforeMethod initializationBrowsers" time="-1.644413366962E9">
    <skipped/>
  </testcase> <!-- @BeforeMethod initializationBrowsers -->
  <testcase classname="com.SeleniumAssignment.tests.BaseTest" name="@BeforeMethod urlLunch" time="-1.644413366964E9">
    <skipped/>
  </testcase> <!-- @BeforeMethod urlLunch -->
  <testcase classname="com.SeleniumAssignment.tests.BaseTest" name="@AfterMethod attachScreenshot" time="-1.644413366971E9">
    <skipped/>
  </testcase> <!-- @AfterMethod attachScreenshot -->
  <testcase classname="com.SeleniumAssignment.tests.BaseTest" name="@AfterMethod close" time="-1.644413366973E9">
    <skipped/>
  </testcase> <!-- @AfterMethod close -->
  <testcase classname="com.SeleniumAssignment.tests.BaseTest" name="@BeforeMethod initializationBrowsers" time="-1.644413366974E9">
    <skipped/>
  </testcase> <!-- @BeforeMethod initializationBrowsers -->
  <testcase classname="com.SeleniumAssignment.tests.BaseTest" name="@BeforeMethod urlLunch" time="-1.644413366976E9">
    <skipped/>
  </testcase> <!-- @BeforeMethod urlLunch -->
  <testcase classname="com.SeleniumAssignment.tests.BaseTest" name="@AfterMethod attachScreenshot" time="-1.644413366982E9">
    <skipped/>
  </testcase> <!-- @AfterMethod attachScreenshot -->
  <testcase classname="com.SeleniumAssignment.tests.BaseTest" name="@AfterMethod close" time="-1.644413366983E9">
    <skipped/>
  </testcase> <!-- @AfterMethod close -->
  <testcase classname="com.SeleniumAssignment.tests.BaseTest" name="@BeforeMethod initializationBrowsers" time="-1.644413366984E9">
    <skipped/>
  </testcase> <!-- @BeforeMethod initializationBrowsers -->
  <testcase classname="com.SeleniumAssignment.tests.BaseTest" name="@BeforeMethod urlLunch" time="-1.644413366985E9">
    <skipped/>
  </testcase> <!-- @BeforeMethod urlLunch -->
  <testcase classname="com.SeleniumAssignment.tests.BaseTest" name="@AfterMethod attachScreenshot" time="-1.644413366995E9">
    <skipped/>
  </testcase> <!-- @AfterMethod attachScreenshot -->
  <testcase classname="com.SeleniumAssignment.tests.BaseTest" name="@AfterMethod close" time="-1.644413366996E9">
    <skipped/>
  </testcase> <!-- @AfterMethod close -->
  <testcase classname="com.SeleniumAssignment.tests.BaseTest" name="@BeforeMethod initializationBrowsers" time="-1.644413366997E9">
    <skipped/>
  </testcase> <!-- @BeforeMethod initializationBrowsers -->
  <testcase classname="com.SeleniumAssignment.tests.BaseTest" name="@BeforeMethod urlLunch" time="-1.644413366998E9">
    <skipped/>
  </testcase> <!-- @BeforeMethod urlLunch -->
  <testcase classname="com.SeleniumAssignment.tests.BaseTest" name="@AfterMethod attachScreenshot" time="-1.644413367004E9">
    <skipped/>
  </testcase> <!-- @AfterMethod attachScreenshot -->
  <testcase classname="com.SeleniumAssignment.tests.BaseTest" name="@AfterMethod close" time="-1.644413367005E9">
    <skipped/>
  </testcase> <!-- @AfterMethod close -->
  <testcase classname="com.SeleniumAssignment.tests.BaseTest" name="@BeforeMethod initializationBrowsers" time="-1.644413367006E9">
    <skipped/>
  </testcase> <!-- @BeforeMethod initializationBrowsers -->
  <testcase classname="com.SeleniumAssignment.tests.BaseTest" name="@BeforeMethod urlLunch" time="-1.644413367007E9">
    <skipped/>
  </testcase> <!-- @BeforeMethod urlLunch -->
  <testcase classname="com.SeleniumAssignment.tests.BaseTest" name="@AfterMethod attachScreenshot" time="-1.644413367012E9">
    <skipped/>
  </testcase> <!-- @AfterMethod attachScreenshot -->
  <testcase classname="com.SeleniumAssignment.tests.BaseTest" name="@AfterMethod close" time="-1.644413367013E9">
    <skipped/>
  </testcase> <!-- @AfterMethod close -->
  <testcase classname="com.SeleniumAssignment.tests.BaseTest" name="@BeforeMethod initializationBrowsers" time="-1.644413367014E9">
    <skipped/>
  </testcase> <!-- @BeforeMethod initializationBrowsers -->
  <testcase classname="com.SeleniumAssignment.tests.BaseTest" name="@BeforeMethod urlLunch" time="-1.644413367016E9">
    <skipped/>
  </testcase> <!-- @BeforeMethod urlLunch -->
  <testcase classname="com.SeleniumAssignment.tests.BaseTest" name="@AfterMethod attachScreenshot" time="-1.644413367022E9">
    <skipped/>
  </testcase> <!-- @AfterMethod attachScreenshot -->
  <testcase classname="com.SeleniumAssignment.tests.BaseTest" name="@AfterMethod close" time="-1.644413367023E9">
    <skipped/>
  </testcase> <!-- @AfterMethod close -->
  <testcase classname="com.SeleniumAssignment.tests.BaseTest" name="@BeforeMethod initializationBrowsers" time="1.276">
    <failure type="org.openqa.selenium.SessionNotCreatedException" message="session not created: This version of ChromeDriver only supports Chrome version 96
Current browser version is 98.0.4758.81 with binary path C:\Program Files\Google\Chrome\Application\chrome.exe
Build info: version: &amp;apos;3.141.59&amp;apos;, revision: &amp;apos;e82be7d358&amp;apos;, time: &amp;apos;2018-11-14T08:17:03&amp;apos;
System info: host: &amp;apos;IN-PG02NJQY&amp;apos;, ip: &amp;apos;192.168.38.148&amp;apos;, os.name: &amp;apos;Windows 10&amp;apos;, os.arch: &amp;apos;amd64&amp;apos;, os.version: &amp;apos;10.0&amp;apos;, java.version: &amp;apos;11.0.12&amp;apos;
Driver info: driver.version: ChromeDriver
remote stacktrace: Backtrace:
	Ordinal0 [0x009C6903+2517251]
	Ordinal0 [0x0095F8E1+2095329]
	Ordinal0 [0x00862848+1058888]
	Ordinal0 [0x00880B9D+1182621]
	Ordinal0 [0x0087CA60+1165920]
	Ordinal0 [0x0087A2CF+1155791]
	Ordinal0 [0x008AAAAF+1354415]
	Ordinal0 [0x008AA71A+1353498]
	Ordinal0 [0x008A639B+1336219]
	Ordinal0 [0x008827A7+1189799]
	Ordinal0 [0x00883609+1193481]
	GetHandleVerifier [0x00B55904+1577972]
	GetHandleVerifier [0x00C00B97+2279047]
	GetHandleVerifier [0x00A56D09+534521]
	GetHandleVerifier [0x00A55DB9+530601]
	Ordinal0 [0x00964FF9+2117625]
	Ordinal0 [0x009698A8+2136232]
	Ordinal0 [0x009699E2+2136546]
	Ordinal0 [0x00973541+2176321]
	BaseThreadInitThunk [0x75F1FA29+25]
	RtlGetAppContainerNamedObjectPath [0x77AE7A9E+286]
	RtlGetAppContainerNamedObjectPath [0x77AE7A6E+238]
">
      <![CDATA[org.openqa.selenium.SessionNotCreatedException: session not created: This version of ChromeDriver only supports Chrome version 96
Current browser version is 98.0.4758.81 with binary path C:\Program Files\Google\Chrome\Application\chrome.exe
Build info: version: '3.141.59', revision: 'e82be7d358', time: '2018-11-14T08:17:03'
System info: host: 'IN-PG02NJQY', ip: '192.168.38.148', os.name: 'Windows 10', os.arch: 'amd64', os.version: '10.0', java.version: '11.0.12'
Driver info: driver.version: ChromeDriver
remote stacktrace: Backtrace:
Ordinal0 [0x009C6903+2517251]
Ordinal0 [0x0095F8E1+2095329]
Ordinal0 [0x00862848+1058888]
Ordinal0 [0x00880B9D+1182621]
Ordinal0 [0x0087CA60+1165920]
Ordinal0 [0x0087A2CF+1155791]
Ordinal0 [0x008AAAAF+1354415]
Ordinal0 [0x008AA71A+1353498]
Ordinal0 [0x008A639B+1336219]
Ordinal0 [0x008827A7+1189799]
Ordinal0 [0x00883609+1193481]
GetHandleVerifier [0x00B55904+1577972]
GetHandleVerifier [0x00C00B97+2279047]
GetHandleVerifier [0x00A56D09+534521]
GetHandleVerifier [0x00A55DB9+530601]
Ordinal0 [0x00964FF9+2117625]
Ordinal0 [0x009698A8+2136232]
Ordinal0 [0x009699E2+2136546]
Ordinal0 [0x00973541+2176321]
BaseThreadInitThunk [0x75F1FA29+25]
RtlGetAppContainerNamedObjectPath [0x77AE7A9E+286]
RtlGetAppContainerNamedObjectPath [0x77AE7A6E+238]

at org.openqa.selenium.remote.W3CHandshakeResponse.lambda$errorHandler$0(W3CHandshakeResponse.java:62)
at org.openqa.selenium.remote.HandshakeResponse.lambda$getResponseFunction$0(HandshakeResponse.java:30)
at org.openqa.selenium.remote.ProtocolHandshake.lambda$createSession$0(ProtocolHandshake.java:126)
at java.base/java.util.stream.ReferencePipeline$3$1.accept(ReferencePipeline.java:195)
at java.base/java.util.Spliterators$ArraySpliterator.tryAdvance(Spliterators.java:958)
at java.base/java.util.stream.ReferencePipeline.forEachWithCancel(ReferencePipeline.java:127)
at java.base/java.util.stream.AbstractPipeline.copyIntoWithCancel(AbstractPipeline.java:502)
at java.base/java.util.stream.AbstractPipeline.copyInto(AbstractPipeline.java:488)
at java.base/java.util.stream.AbstractPipeline.wrapAndCopyInto(AbstractPipeline.java:474)
at java.base/java.util.stream.FindOps$FindOp.evaluateSequential(FindOps.java:150)
at java.base/java.util.stream.AbstractPipeline.evaluate(AbstractPipeline.java:234)
at java.base/java.util.stream.ReferencePipeline.findFirst(ReferencePipeline.java:543)
at org.openqa.selenium.remote.ProtocolHandshake.createSession(ProtocolHandshake.java:128)
at org.openqa.selenium.remote.ProtocolHandshake.createSession(ProtocolHandshake.java:74)
at org.openqa.selenium.remote.HttpCommandExecutor.execute(HttpCommandExecutor.java:136)
at org.openqa.selenium.remote.service.DriverCommandExecutor.execute(DriverCommandExecutor.java:83)
at org.openqa.selenium.remote.RemoteWebDriver.execute(RemoteWebDriver.java:552)
at org.openqa.selenium.remote.RemoteWebDriver.startSession(RemoteWebDriver.java:213)
at org.openqa.selenium.remote.RemoteWebDriver.<init>(RemoteWebDriver.java:131)
at org.openqa.selenium.chrome.ChromeDriver.<init>(ChromeDriver.java:181)
at org.openqa.selenium.chrome.ChromeDriver.<init>(ChromeDriver.java:168)
at org.openqa.selenium.chrome.ChromeDriver.<init>(ChromeDriver.java:157)
at com.SeleniumAssignment.tests.BaseTest.initializationBrowsers(BaseTest.java:81)
at java.base/java.util.ArrayList.forEach(ArrayList.java:1541)
... Removed 35 stack frames]]>
    </failure>
  </testcase> <!-- @BeforeMethod initializationBrowsers -->
  <testcase classname="com.SeleniumAssignment.tests.BaseTest" name="@BeforeMethod urlLunch" time="-1.64441336831E9">
    <skipped/>
  </testcase> <!-- @BeforeMethod urlLunch -->
  <testcase classname="com.SeleniumAssignment.tests.BaseTest" name="@AfterMethod attachScreenshot" time="-1.644413368318E9">
    <skipped/>
  </testcase> <!-- @AfterMethod attachScreenshot -->
  <testcase classname="com.SeleniumAssignment.tests.BaseTest" name="@AfterMethod close" time="-1.644413368319E9">
    <skipped/>
  </testcase> <!-- @AfterMethod close -->
  <testcase classname="com.SeleniumAssignment.tests.BaseTest" name="@BeforeMethod initializationBrowsers" time="1.314">
    <failure type="org.openqa.selenium.SessionNotCreatedException" message="session not created: This version of ChromeDriver only supports Chrome version 96
Current browser version is 98.0.4758.81 with binary path C:\Program Files\Google\Chrome\Application\chrome.exe
Build info: version: &amp;apos;3.141.59&amp;apos;, revision: &amp;apos;e82be7d358&amp;apos;, time: &amp;apos;2018-11-14T08:17:03&amp;apos;
System info: host: &amp;apos;IN-PG02NJQY&amp;apos;, ip: &amp;apos;192.168.38.148&amp;apos;, os.name: &amp;apos;Windows 10&amp;apos;, os.arch: &amp;apos;amd64&amp;apos;, os.version: &amp;apos;10.0&amp;apos;, java.version: &amp;apos;11.0.12&amp;apos;
Driver info: driver.version: ChromeDriver
remote stacktrace: Backtrace:
	Ordinal0 [0x009C6903+2517251]
	Ordinal0 [0x0095F8E1+2095329]
	Ordinal0 [0x00862848+1058888]
	Ordinal0 [0x00880B9D+1182621]
	Ordinal0 [0x0087CA60+1165920]
	Ordinal0 [0x0087A2CF+1155791]
	Ordinal0 [0x008AAAAF+1354415]
	Ordinal0 [0x008AA71A+1353498]
	Ordinal0 [0x008A639B+1336219]
	Ordinal0 [0x008827A7+1189799]
	Ordinal0 [0x00883609+1193481]
	GetHandleVerifier [0x00B55904+1577972]
	GetHandleVerifier [0x00C00B97+2279047]
	GetHandleVerifier [0x00A56D09+534521]
	GetHandleVerifier [0x00A55DB9+530601]
	Ordinal0 [0x00964FF9+2117625]
	Ordinal0 [0x009698A8+2136232]
	Ordinal0 [0x009699E2+2136546]
	Ordinal0 [0x00973541+2176321]
	BaseThreadInitThunk [0x75F1FA29+25]
	RtlGetAppContainerNamedObjectPath [0x77AE7A9E+286]
	RtlGetAppContainerNamedObjectPath [0x77AE7A6E+238]
">
      <![CDATA[org.openqa.selenium.SessionNotCreatedException: session not created: This version of ChromeDriver only supports Chrome version 96
Current browser version is 98.0.4758.81 with binary path C:\Program Files\Google\Chrome\Application\chrome.exe
Build info: version: '3.141.59', revision: 'e82be7d358', time: '2018-11-14T08:17:03'
System info: host: 'IN-PG02NJQY', ip: '192.168.38.148', os.name: 'Windows 10', os.arch: 'amd64', os.version: '10.0', java.version: '11.0.12'
Driver info: driver.version: ChromeDriver
remote stacktrace: Backtrace:
Ordinal0 [0x009C6903+2517251]
Ordinal0 [0x0095F8E1+2095329]
Ordinal0 [0x00862848+1058888]
Ordinal0 [0x00880B9D+1182621]
Ordinal0 [0x0087CA60+1165920]
Ordinal0 [0x0087A2CF+1155791]
Ordinal0 [0x008AAAAF+1354415]
Ordinal0 [0x008AA71A+1353498]
Ordinal0 [0x008A639B+1336219]
Ordinal0 [0x008827A7+1189799]
Ordinal0 [0x00883609+1193481]
GetHandleVerifier [0x00B55904+1577972]
GetHandleVerifier [0x00C00B97+2279047]
GetHandleVerifier [0x00A56D09+534521]
GetHandleVerifier [0x00A55DB9+530601]
Ordinal0 [0x00964FF9+2117625]
Ordinal0 [0x009698A8+2136232]
Ordinal0 [0x009699E2+2136546]
Ordinal0 [0x00973541+2176321]
BaseThreadInitThunk [0x75F1FA29+25]
RtlGetAppContainerNamedObjectPath [0x77AE7A9E+286]
RtlGetAppContainerNamedObjectPath [0x77AE7A6E+238]

at org.openqa.selenium.remote.W3CHandshakeResponse.lambda$errorHandler$0(W3CHandshakeResponse.java:62)
at org.openqa.selenium.remote.HandshakeResponse.lambda$getResponseFunction$0(HandshakeResponse.java:30)
at org.openqa.selenium.remote.ProtocolHandshake.lambda$createSession$0(ProtocolHandshake.java:126)
at java.base/java.util.stream.ReferencePipeline$3$1.accept(ReferencePipeline.java:195)
at java.base/java.util.Spliterators$ArraySpliterator.tryAdvance(Spliterators.java:958)
at java.base/java.util.stream.ReferencePipeline.forEachWithCancel(ReferencePipeline.java:127)
at java.base/java.util.stream.AbstractPipeline.copyIntoWithCancel(AbstractPipeline.java:502)
at java.base/java.util.stream.AbstractPipeline.copyInto(AbstractPipeline.java:488)
at java.base/java.util.stream.AbstractPipeline.wrapAndCopyInto(AbstractPipeline.java:474)
at java.base/java.util.stream.FindOps$FindOp.evaluateSequential(FindOps.java:150)
at java.base/java.util.stream.AbstractPipeline.evaluate(AbstractPipeline.java:234)
at java.base/java.util.stream.ReferencePipeline.findFirst(ReferencePipeline.java:543)
at org.openqa.selenium.remote.ProtocolHandshake.createSession(ProtocolHandshake.java:128)
at org.openqa.selenium.remote.ProtocolHandshake.createSession(ProtocolHandshake.java:74)
at org.openqa.selenium.remote.HttpCommandExecutor.execute(HttpCommandExecutor.java:136)
at org.openqa.selenium.remote.service.DriverCommandExecutor.execute(DriverCommandExecutor.java:83)
at org.openqa.selenium.remote.RemoteWebDriver.execute(RemoteWebDriver.java:552)
at org.openqa.selenium.remote.RemoteWebDriver.startSession(RemoteWebDriver.java:213)
at org.openqa.selenium.remote.RemoteWebDriver.<init>(RemoteWebDriver.java:131)
at org.openqa.selenium.chrome.ChromeDriver.<init>(ChromeDriver.java:181)
at org.openqa.selenium.chrome.ChromeDriver.<init>(ChromeDriver.java:168)
at org.openqa.selenium.chrome.ChromeDriver.<init>(ChromeDriver.java:157)
at com.SeleniumAssignment.tests.BaseTest.initializationBrowsers(BaseTest.java:81)
at java.base/java.util.ArrayList.forEach(ArrayList.java:1541)
... Removed 35 stack frames]]>
    </failure>
  </testcase> <!-- @BeforeMethod initializationBrowsers -->
  <testcase classname="com.SeleniumAssignment.tests.BaseTest" name="@BeforeMethod urlLunch" time="-1.644413369638E9">
    <skipped/>
  </testcase> <!-- @BeforeMethod urlLunch -->
  <testcase classname="com.SeleniumAssignment.tests.BaseTest" name="@AfterMethod attachScreenshot" time="-1.644413369642E9">
    <skipped/>
  </testcase> <!-- @AfterMethod attachScreenshot -->
  <testcase classname="com.SeleniumAssignment.tests.BaseTest" name="@AfterMethod close" time="-1.644413369642E9">
    <skipped/>
  </testcase> <!-- @AfterMethod close -->
  <testcase classname="com.SeleniumAssignment.tests.HomeTest" name="contectWithUsFacebookClickTest" time="0.0">
    <skipped/>
  </testcase> <!-- contectWithUsFacebookClickTest -->
  <testcase classname="com.SeleniumAssignment.tests.HomeTest" name="contectWithUsInstagramClickTest" time="0.0">
    <skipped/>
  </testcase> <!-- contectWithUsInstagramClickTest -->
  <testcase classname="com.SeleniumAssignment.tests.HomeTest" name="contectWithUsTwitterClickTest" time="0.0">
    <skipped/>
  </testcase> <!-- contectWithUsTwitterClickTest -->
  <testcase classname="com.SeleniumAssignment.tests.HomeTest" name="enterSearchText" time="0.0">
    <skipped/>
  </testcase> <!-- enterSearchText -->
  <testcase classname="com.SeleniumAssignment.tests.HomeTest" name="navigationBarBestSellerClickTest" time="0.0">
    <skipped/>
  </testcase> <!-- navigationBarBestSellerClickTest -->
  <testcase classname="com.SeleniumAssignment.tests.HomeTest" name="navigationBarElectronicsClickTest" time="0.0">
    <skipped/>
  </testcase> <!-- navigationBarElectronicsClickTest -->
  <testcase classname="com.SeleniumAssignment.tests.HomeTest" name="navigationBarFashionClickTest" time="0.0">
    <skipped/>
  </testcase> <!-- navigationBarFashionClickTest -->
  <testcase classname="com.SeleniumAssignment.tests.HomeTest" name="navigationBarMobilesClickTest" time="0.001">
    <skipped/>
  </testcase> <!-- navigationBarMobilesClickTest -->
  <testcase classname="com.SeleniumAssignment.tests.HomeTest" name="navigationBarPrimeClickTest" time="0.001">
    <skipped/>
  </testcase> <!-- navigationBarPrimeClickTest -->
  <testcase classname="com.SeleniumAssignment.tests.CareersTest" name="careersSearchJobTest" time="0.0">
    <skipped/>
  </testcase> <!-- careersSearchJobTest -->
  <testcase classname="com.SeleniumAssignment.tests.RegistrationTest" name="RegistrionFormTest" time="0.0">
    <skipped/>
  </testcase> <!-- RegistrionFormTest -->
  <testcase classname="com.SeleniumAssignment.tests.BaseTest" name="@BeforeSuite setExtentReport" time="0.0">
    <ignored/>
  </testcase> <!-- @BeforeSuite setExtentReport -->
  <testcase classname="com.SeleniumAssignment.tests.BaseTest" name="@BeforeSuite setExtentReport" time="0.0">
    <ignored/>
  </testcase> <!-- @BeforeSuite setExtentReport -->
  <testcase classname="com.SeleniumAssignment.tests.BaseTest" name="@AfterSuite endTest" time="0.0">
    <ignored/>
  </testcase> <!-- @AfterSuite endTest -->
  <testcase classname="com.SeleniumAssignment.tests.BaseTest" name="@AfterSuite endTest" time="0.0">
    <ignored/>
  </testcase> <!-- @AfterSuite endTest -->
</testsuite> <!-- Test -->
