<?xml version="1.0" encoding="UTF-8"?>
<!-- Generated by org.testng.reporters.JUnitXMLReporter -->
<testsuite ignored="4" hostname="IN-PG02NJQY" failures="3" tests="11" name="Test" time="179.784" errors="0" timestamp="2021-12-19T15:37:32 IST">
  <testcase classname="com.SeleniumAssignment.tests.HomeTest" name="contectWithUsFacebookClickTest" time="30.438"/>
  <testcase classname="com.SeleniumAssignment.tests.HomeTest" name="contectWithUsInstagramClickTest" time="7.42"/>
  <testcase classname="com.SeleniumAssignment.tests.HomeTest" name="contectWithUsTwitterClickTest" time="8.715"/>
  <testcase classname="com.SeleniumAssignment.tests.HomeTest" name="enterSearchText" time="2.354"/>
  <testcase classname="com.SeleniumAssignment.tests.HomeTest" name="navigationBarBestSellerClickTest" time="1.81"/>
  <testcase classname="com.SeleniumAssignment.tests.HomeTest" name="navigationBarElectronicsClickTest" time="4.036">
    <failure type="java.lang.AssertionError" message="expected [Amazon.in Bestsellers: The most popular items on Amazon] but found [Electronics Store: Buy Electronics products Online at Best Prices in India at Amazon.in]">
      <![CDATA[java.lang.AssertionError: expected [Amazon.in Bestsellers: The most popular items on Amazon] but found [Electronics Store: Buy Electronics products Online at Best Prices in India at Amazon.in]
at com.SeleniumAssignment.tests.HomeTest.navigationBarElectronicsClickTest(HomeTest.java:44)
at java.base/java.util.ArrayList.forEach(ArrayList.java:1541)
... Removed 37 stack frames]]>
    </failure>
  </testcase> <!-- navigationBarElectronicsClickTest -->
  <testcase classname="com.SeleniumAssignment.tests.HomeTest" name="navigationBarFashionClickTest" time="7.678">
    <failure type="java.lang.AssertionError" message="expected [Amazon.in Bestsellers: The most popular items on Amazon] but found [Amazon Fashion: Clothing, Footwear and Accessories online for Men, Women and Kids]">
      <![CDATA[java.lang.AssertionError: expected [Amazon.in Bestsellers: The most popular items on Amazon] but found [Amazon Fashion: Clothing, Footwear and Accessories online for Men, Women and Kids]
at com.SeleniumAssignment.tests.HomeTest.navigationBarFashionClickTest(HomeTest.java:60)
at java.base/java.util.ArrayList.forEach(ArrayList.java:1541)
... Removed 37 stack frames]]>
    </failure>
  </testcase> <!-- navigationBarFashionClickTest -->
  <testcase classname="com.SeleniumAssignment.tests.HomeTest" name="navigationBarMobilesClickTest" time="5.192"/>
  <testcase classname="com.SeleniumAssignment.tests.HomeTest" name="navigationBarPrimeClickTest" time="10.215">
    <failure type="org.openqa.selenium.NoSuchElementException" message="no such element: Unable to locate element: {&amp;quot;method&amp;quot;:&amp;quot;link text&amp;quot;,&amp;quot;selector&amp;quot;:&amp;quot;Prime&amp;quot;}
  (Session info: headless chrome=96.0.4664.110)
For documentation on this error, please visit: https://www.seleniumhq.org/exceptions/no_such_element.html
Build info: version: &amp;apos;3.141.59&amp;apos;, revision: &amp;apos;e82be7d358&amp;apos;, time: &amp;apos;2018-11-14T08:17:03&amp;apos;
System info: host: &amp;apos;IN-PG02NJQY&amp;apos;, ip: &amp;apos;192.168.32.148&amp;apos;, os.name: &amp;apos;Windows 10&amp;apos;, os.arch: &amp;apos;amd64&amp;apos;, os.version: &amp;apos;10.0&amp;apos;, java.version: &amp;apos;11.0.12&amp;apos;
Driver info: org.openqa.selenium.chrome.ChromeDriver
Capabilities {acceptInsecureCerts: false, browserName: chrome, browserVersion: 96.0.4664.110, chrome: {chromedriverVersion: 96.0.4664.45 (76e4c1bb2ab46..., userDataDir: C:\Users\RAJIBM~1\AppData\L...}, goog:chromeOptions: {debuggerAddress: localhost:65141}, javascriptEnabled: true, networkConnectionEnabled: false, pageLoadStrategy: normal, platform: WINDOWS, platformName: WINDOWS, proxy: Proxy(), setWindowRect: true, strictFileInteractability: false, timeouts: {implicit: 0, pageLoad: 300000, script: 30000}, unhandledPromptBehavior: dismiss and notify, webauthn:extension:credBlob: true, webauthn:extension:largeBlob: true, webauthn:virtualAuthenticators: true}
Session ID: fbefa5e2a2492ffd63a81f01fb44c30b
*** Element info: {Using=link text, value=Prime}">
      <![CDATA[org.openqa.selenium.NoSuchElementException: no such element: Unable to locate element: {"method":"link text","selector":"Prime"}
  (Session info: headless chrome=96.0.4664.110)
For documentation on this error, please visit: https://www.seleniumhq.org/exceptions/no_such_element.html
Build info: version: '3.141.59', revision: 'e82be7d358', time: '2018-11-14T08:17:03'
System info: host: 'IN-PG02NJQY', ip: '192.168.32.148', os.name: 'Windows 10', os.arch: 'amd64', os.version: '10.0', java.version: '11.0.12'
Driver info: org.openqa.selenium.chrome.ChromeDriver
Capabilities {acceptInsecureCerts: false, browserName: chrome, browserVersion: 96.0.4664.110, chrome: {chromedriverVersion: 96.0.4664.45 (76e4c1bb2ab46..., userDataDir: C:\Users\RAJIBM~1\AppData\L...}, goog:chromeOptions: {debuggerAddress: localhost:65141}, javascriptEnabled: true, networkConnectionEnabled: false, pageLoadStrategy: normal, platform: WINDOWS, platformName: WINDOWS, proxy: Proxy(), setWindowRect: true, strictFileInteractability: false, timeouts: {implicit: 0, pageLoad: 300000, script: 30000}, unhandledPromptBehavior: dismiss and notify, webauthn:extension:credBlob: true, webauthn:extension:largeBlob: true, webauthn:virtualAuthenticators: true}
Session ID: fbefa5e2a2492ffd63a81f01fb44c30b
*** Element info: {Using=link text, value=Prime}
at org.openqa.selenium.remote.http.W3CHttpResponseCodec.createException(W3CHttpResponseCodec.java:187)
at org.openqa.selenium.remote.http.W3CHttpResponseCodec.decode(W3CHttpResponseCodec.java:122)
at org.openqa.selenium.remote.http.W3CHttpResponseCodec.decode(W3CHttpResponseCodec.java:49)
at org.openqa.selenium.remote.HttpCommandExecutor.execute(HttpCommandExecutor.java:158)
at org.openqa.selenium.remote.service.DriverCommandExecutor.execute(DriverCommandExecutor.java:83)
at org.openqa.selenium.remote.RemoteWebDriver.execute(RemoteWebDriver.java:552)
at org.openqa.selenium.remote.RemoteWebDriver.findElement(RemoteWebDriver.java:323)
at org.openqa.selenium.remote.RemoteWebDriver.findElementByLinkText(RemoteWebDriver.java:380)
at org.openqa.selenium.By$ByLinkText.findElement(By.java:220)
at org.openqa.selenium.remote.RemoteWebDriver.findElement(RemoteWebDriver.java:315)
at org.openqa.selenium.support.pagefactory.DefaultElementLocator.findElement(DefaultElementLocator.java:69)
at org.openqa.selenium.support.pagefactory.internal.LocatingElementHandler.invoke(LocatingElementHandler.java:38)
at com.sun.proxy.$Proxy12.click(Unknown Source)
at com.SeleniumAssignment.pages.HomePage.clickPrime(HomePage.java:75)
at com.SeleniumAssignment.tests.HomeTest.navigationBarPrimeClickTest(HomeTest.java:51)
at java.base/java.util.ArrayList.forEach(ArrayList.java:1541)
... Removed 35 stack frames]]>
    </failure>
  </testcase> <!-- navigationBarPrimeClickTest -->
  <testcase classname="com.SeleniumAssignment.tests.CareersTest" name="careersSearchJobTest" time="14.051"/>
  <testcase classname="com.SeleniumAssignment.tests.RegistrationTest" name="RegistrionFormTest" time="2.617"/>
  <testcase classname="com.SeleniumAssignment.tests.BaseTest" name="@BeforeSuite setExtentReport" time="0.0">
    <ignored/>
  </testcase> <!-- @BeforeSuite setExtentReport -->
  <testcase classname="com.SeleniumAssignment.tests.BaseTest" name="@BeforeSuite setExtentReport" time="0.0">
    <ignored/>
  </testcase> <!-- @BeforeSuite setExtentReport -->
  <testcase classname="com.SeleniumAssignment.tests.BaseTest" name="@AfterSuite endTest" time="0.0">
    <ignored/>
  </testcase> <!-- @AfterSuite endTest -->
  <testcase classname="com.SeleniumAssignment.tests.BaseTest" name="@AfterSuite endTest" time="0.0">
    <ignored/>
  </testcase> <!-- @AfterSuite endTest -->
</testsuite> <!-- Test -->
