<?xml version="1.0" encoding="UTF-8"?>
<testng-results ignored="4" total="15" passed="0" failed="0" skipped="11">
  <reporter-output>
  </reporter-output>
  <suite started-at="2022-02-09T18:59:25 IST" name="Suite" finished-at="2022-02-09T18:59:29 IST" duration-ms="4643">
    <groups>
      <group name="careers">
        <method signature="CareersTest.careersSearchJobTest()[pri:0, instance:com.SeleniumAssignment.tests.CareersTest@f5acb9d]" name="careersSearchJobTest" class="com.SeleniumAssignment.tests.CareersTest"/>
      </group> <!-- careers -->
      <group name="util">
        <method signature="RegistrationTest.RegistrionFormTest(java.lang.String,java.lang.String,java.lang.String,java.lang.String)[pri:0, instance:com.SeleniumAssignment.tests.RegistrationTest@4fb3ee4e]" name="RegistrionFormTest" class="com.SeleniumAssignment.tests.RegistrationTest"/>
      </group> <!-- util -->
      <group name="top">
        <method signature="HomeTest.enterSearchText(java.lang.String)[pri:0, instance:com.SeleniumAssignment.tests.HomeTest@a530d0a]" name="enterSearchText" class="com.SeleniumAssignment.tests.HomeTest"/>
        <method signature="HomeTest.navigationBarBestSellerClickTest()[pri:0, instance:com.SeleniumAssignment.tests.HomeTest@a530d0a]" name="navigationBarBestSellerClickTest" class="com.SeleniumAssignment.tests.HomeTest"/>
        <method signature="HomeTest.navigationBarElectronicsClickTest()[pri:0, instance:com.SeleniumAssignment.tests.HomeTest@a530d0a]" name="navigationBarElectronicsClickTest" class="com.SeleniumAssignment.tests.HomeTest"/>
        <method signature="HomeTest.navigationBarFashionClickTest()[pri:0, instance:com.SeleniumAssignment.tests.HomeTest@a530d0a]" name="navigationBarFashionClickTest" class="com.SeleniumAssignment.tests.HomeTest"/>
        <method signature="HomeTest.navigationBarMobilesClickTest()[pri:0, instance:com.SeleniumAssignment.tests.HomeTest@a530d0a]" name="navigationBarMobilesClickTest" class="com.SeleniumAssignment.tests.HomeTest"/>
        <method signature="HomeTest.navigationBarPrimeClickTest()[pri:0, instance:com.SeleniumAssignment.tests.HomeTest@a530d0a]" name="navigationBarPrimeClickTest" class="com.SeleniumAssignment.tests.HomeTest"/>
      </group> <!-- top -->
      <group name="footer">
        <method signature="HomeTest.contectWithUsFacebookClickTest()[pri:0, instance:com.SeleniumAssignment.tests.HomeTest@a530d0a]" name="contectWithUsFacebookClickTest" class="com.SeleniumAssignment.tests.HomeTest"/>
        <method signature="HomeTest.contectWithUsInstagramClickTest()[pri:0, instance:com.SeleniumAssignment.tests.HomeTest@a530d0a]" name="contectWithUsInstagramClickTest" class="com.SeleniumAssignment.tests.HomeTest"/>
        <method signature="HomeTest.contectWithUsTwitterClickTest()[pri:0, instance:com.SeleniumAssignment.tests.HomeTest@a530d0a]" name="contectWithUsTwitterClickTest" class="com.SeleniumAssignment.tests.HomeTest"/>
      </group> <!-- footer -->
      <group name="sanity">
        <method signature="CareersTest.careersSearchJobTest()[pri:0, instance:com.SeleniumAssignment.tests.CareersTest@f5acb9d]" name="careersSearchJobTest" class="com.SeleniumAssignment.tests.CareersTest"/>
        <method signature="HomeTest.contectWithUsFacebookClickTest()[pri:0, instance:com.SeleniumAssignment.tests.HomeTest@a530d0a]" name="contectWithUsFacebookClickTest" class="com.SeleniumAssignment.tests.HomeTest"/>
        <method signature="HomeTest.contectWithUsInstagramClickTest()[pri:0, instance:com.SeleniumAssignment.tests.HomeTest@a530d0a]" name="contectWithUsInstagramClickTest" class="com.SeleniumAssignment.tests.HomeTest"/>
        <method signature="HomeTest.contectWithUsTwitterClickTest()[pri:0, instance:com.SeleniumAssignment.tests.HomeTest@a530d0a]" name="contectWithUsTwitterClickTest" class="com.SeleniumAssignment.tests.HomeTest"/>
        <method signature="HomeTest.enterSearchText(java.lang.String)[pri:0, instance:com.SeleniumAssignment.tests.HomeTest@a530d0a]" name="enterSearchText" class="com.SeleniumAssignment.tests.HomeTest"/>
        <method signature="HomeTest.navigationBarBestSellerClickTest()[pri:0, instance:com.SeleniumAssignment.tests.HomeTest@a530d0a]" name="navigationBarBestSellerClickTest" class="com.SeleniumAssignment.tests.HomeTest"/>
        <method signature="HomeTest.navigationBarElectronicsClickTest()[pri:0, instance:com.SeleniumAssignment.tests.HomeTest@a530d0a]" name="navigationBarElectronicsClickTest" class="com.SeleniumAssignment.tests.HomeTest"/>
        <method signature="HomeTest.navigationBarFashionClickTest()[pri:0, instance:com.SeleniumAssignment.tests.HomeTest@a530d0a]" name="navigationBarFashionClickTest" class="com.SeleniumAssignment.tests.HomeTest"/>
        <method signature="HomeTest.navigationBarMobilesClickTest()[pri:0, instance:com.SeleniumAssignment.tests.HomeTest@a530d0a]" name="navigationBarMobilesClickTest" class="com.SeleniumAssignment.tests.HomeTest"/>
        <method signature="HomeTest.navigationBarPrimeClickTest()[pri:0, instance:com.SeleniumAssignment.tests.HomeTest@a530d0a]" name="navigationBarPrimeClickTest" class="com.SeleniumAssignment.tests.HomeTest"/>
        <method signature="RegistrationTest.RegistrionFormTest(java.lang.String,java.lang.String,java.lang.String,java.lang.String)[pri:0, instance:com.SeleniumAssignment.tests.RegistrationTest@4fb3ee4e]" name="RegistrionFormTest" class="com.SeleniumAssignment.tests.RegistrationTest"/>
      </group> <!-- sanity -->
      <group name="registration">
        <method signature="RegistrationTest.RegistrionFormTest(java.lang.String,java.lang.String,java.lang.String,java.lang.String)[pri:0, instance:com.SeleniumAssignment.tests.RegistrationTest@4fb3ee4e]" name="RegistrionFormTest" class="com.SeleniumAssignment.tests.RegistrationTest"/>
      </group> <!-- registration -->
    </groups>
    <test started-at="2022-02-09T18:59:25 IST" name="Test" finished-at="2022-02-09T18:59:29 IST" duration-ms="4643">
      <class name="com.SeleniumAssignment.tests.HomeTest">
        <test-method is-config="true" signature="setExtentReport()[pri:0, instance:com.SeleniumAssignment.tests.HomeTest@a530d0a]" started-at="2022-02-09T18:59:24 IST" name="setExtentReport" finished-at="2022-02-09T18:59:25 IST" duration-ms="221" status="PASS">
          <reporter-output>
          </reporter-output>
        </test-method> <!-- setExtentReport -->
        <test-method is-config="true" signature="initializationBrowsers(java.lang.String)[pri:0, instance:com.SeleniumAssignment.tests.HomeTest@a530d0a]" started-at="2022-02-09T18:59:25 IST" name="initializationBrowsers" finished-at="2022-02-09T18:59:26 IST" duration-ms="1886" status="FAIL">
          <params>
            <param index="0">
              <value>
                <![CDATA[chrome]]>
              </value>
            </param>
          </params>
          <exception class="org.openqa.selenium.SessionNotCreatedException">
            <message>
              <![CDATA[session not created: This version of ChromeDriver only supports Chrome version 96
Current browser version is 98.0.4758.81 with binary path C:\Program Files\Google\Chrome\Application\chrome.exe
Build info: version: '3.141.59', revision: 'e82be7d358', time: '2018-11-14T08:17:03'
System info: host: 'IN-PG02NJQY', ip: '192.168.38.148', os.name: 'Windows 10', os.arch: 'amd64', os.version: '10.0', java.version: '11.0.12'
Driver info: driver.version: ChromeDriver
remote stacktrace: Backtrace:
Ordinal0 [0x009C6903+2517251]
Ordinal0 [0x0095F8E1+2095329]
Ordinal0 [0x00862848+1058888]
Ordinal0 [0x00880B9D+1182621]
Ordinal0 [0x0087CA60+1165920]
Ordinal0 [0x0087A2CF+1155791]
Ordinal0 [0x008AAAAF+1354415]
Ordinal0 [0x008AA71A+1353498]
Ordinal0 [0x008A639B+1336219]
Ordinal0 [0x008827A7+1189799]
Ordinal0 [0x00883609+1193481]
GetHandleVerifier [0x00B55904+1577972]
GetHandleVerifier [0x00C00B97+2279047]
GetHandleVerifier [0x00A56D09+534521]
GetHandleVerifier [0x00A55DB9+530601]
Ordinal0 [0x00964FF9+2117625]
Ordinal0 [0x009698A8+2136232]
Ordinal0 [0x009699E2+2136546]
Ordinal0 [0x00973541+2176321]
BaseThreadInitThunk [0x75F1FA29+25]
RtlGetAppContainerNamedObjectPath [0x77AE7A9E+286]
RtlGetAppContainerNamedObjectPath [0x77AE7A6E+238]
]]>
            </message>
            <full-stacktrace>
              <![CDATA[org.openqa.selenium.SessionNotCreatedException: session not created: This version of ChromeDriver only supports Chrome version 96
Current browser version is 98.0.4758.81 with binary path C:\Program Files\Google\Chrome\Application\chrome.exe
Build info: version: '3.141.59', revision: 'e82be7d358', time: '2018-11-14T08:17:03'
System info: host: 'IN-PG02NJQY', ip: '192.168.38.148', os.name: 'Windows 10', os.arch: 'amd64', os.version: '10.0', java.version: '11.0.12'
Driver info: driver.version: ChromeDriver
remote stacktrace: Backtrace:
Ordinal0 [0x009C6903+2517251]
Ordinal0 [0x0095F8E1+2095329]
Ordinal0 [0x00862848+1058888]
Ordinal0 [0x00880B9D+1182621]
Ordinal0 [0x0087CA60+1165920]
Ordinal0 [0x0087A2CF+1155791]
Ordinal0 [0x008AAAAF+1354415]
Ordinal0 [0x008AA71A+1353498]
Ordinal0 [0x008A639B+1336219]
Ordinal0 [0x008827A7+1189799]
Ordinal0 [0x00883609+1193481]
GetHandleVerifier [0x00B55904+1577972]
GetHandleVerifier [0x00C00B97+2279047]
GetHandleVerifier [0x00A56D09+534521]
GetHandleVerifier [0x00A55DB9+530601]
Ordinal0 [0x00964FF9+2117625]
Ordinal0 [0x009698A8+2136232]
Ordinal0 [0x009699E2+2136546]
Ordinal0 [0x00973541+2176321]
BaseThreadInitThunk [0x75F1FA29+25]
RtlGetAppContainerNamedObjectPath [0x77AE7A9E+286]
RtlGetAppContainerNamedObjectPath [0x77AE7A6E+238]

at java.base/jdk.internal.reflect.NativeConstructorAccessorImpl.newInstance0(Native Method)
at java.base/jdk.internal.reflect.NativeConstructorAccessorImpl.newInstance(NativeConstructorAccessorImpl.java:62)
at java.base/jdk.internal.reflect.DelegatingConstructorAccessorImpl.newInstance(DelegatingConstructorAccessorImpl.java:45)
at java.base/java.lang.reflect.Constructor.newInstance(Constructor.java:490)
at org.openqa.selenium.remote.W3CHandshakeResponse.lambda$errorHandler$0(W3CHandshakeResponse.java:62)
at org.openqa.selenium.remote.HandshakeResponse.lambda$getResponseFunction$0(HandshakeResponse.java:30)
at org.openqa.selenium.remote.ProtocolHandshake.lambda$createSession$0(ProtocolHandshake.java:126)
at java.base/java.util.stream.ReferencePipeline$3$1.accept(ReferencePipeline.java:195)
at java.base/java.util.Spliterators$ArraySpliterator.tryAdvance(Spliterators.java:958)
at java.base/java.util.stream.ReferencePipeline.forEachWithCancel(ReferencePipeline.java:127)
at java.base/java.util.stream.AbstractPipeline.copyIntoWithCancel(AbstractPipeline.java:502)
at java.base/java.util.stream.AbstractPipeline.copyInto(AbstractPipeline.java:488)
at java.base/java.util.stream.AbstractPipeline.wrapAndCopyInto(AbstractPipeline.java:474)
at java.base/java.util.stream.FindOps$FindOp.evaluateSequential(FindOps.java:150)
at java.base/java.util.stream.AbstractPipeline.evaluate(AbstractPipeline.java:234)
at java.base/java.util.stream.ReferencePipeline.findFirst(ReferencePipeline.java:543)
at org.openqa.selenium.remote.ProtocolHandshake.createSession(ProtocolHandshake.java:128)
at org.openqa.selenium.remote.ProtocolHandshake.createSession(ProtocolHandshake.java:74)
at org.openqa.selenium.remote.HttpCommandExecutor.execute(HttpCommandExecutor.java:136)
at org.openqa.selenium.remote.service.DriverCommandExecutor.execute(DriverCommandExecutor.java:83)
at org.openqa.selenium.remote.RemoteWebDriver.execute(RemoteWebDriver.java:552)
at org.openqa.selenium.remote.RemoteWebDriver.startSession(RemoteWebDriver.java:213)
at org.openqa.selenium.remote.RemoteWebDriver.<init>(RemoteWebDriver.java:131)
at org.openqa.selenium.chrome.ChromeDriver.<init>(ChromeDriver.java:181)
at org.openqa.selenium.chrome.ChromeDriver.<init>(ChromeDriver.java:168)
at org.openqa.selenium.chrome.ChromeDriver.<init>(ChromeDriver.java:157)
at com.SeleniumAssignment.tests.BaseTest.initializationBrowsers(BaseTest.java:81)
at java.base/jdk.internal.reflect.NativeMethodAccessorImpl.invoke0(Native Method)
at java.base/jdk.internal.reflect.NativeMethodAccessorImpl.invoke(NativeMethodAccessorImpl.java:62)
at java.base/jdk.internal.reflect.DelegatingMethodAccessorImpl.invoke(DelegatingMethodAccessorImpl.java:43)
at java.base/java.lang.reflect.Method.invoke(Method.java:566)
at org.testng.internal.MethodInvocationHelper.invokeMethod(MethodInvocationHelper.java:133)
at org.testng.internal.MethodInvocationHelper.invokeMethodConsideringTimeout(MethodInvocationHelper.java:62)
at org.testng.internal.ConfigInvoker.invokeConfigurationMethod(ConfigInvoker.java:385)
at org.testng.internal.ConfigInvoker.invokeConfigurations(ConfigInvoker.java:321)
at org.testng.internal.TestInvoker.runConfigMethods(TestInvoker.java:700)
at org.testng.internal.TestInvoker.invokeMethod(TestInvoker.java:527)
at org.testng.internal.TestInvoker.invokeTestMethod(TestInvoker.java:173)
at org.testng.internal.MethodRunner.runInSequence(MethodRunner.java:46)
at org.testng.internal.TestInvoker$MethodInvocationAgent.invoke(TestInvoker.java:824)
at org.testng.internal.TestInvoker.invokeTestMethods(TestInvoker.java:146)
at org.testng.internal.TestMethodWorker.invokeTestMethods(TestMethodWorker.java:146)
at org.testng.internal.TestMethodWorker.run(TestMethodWorker.java:128)
at java.base/java.util.ArrayList.forEach(ArrayList.java:1541)
at org.testng.TestRunner.privateRun(TestRunner.java:794)
at org.testng.TestRunner.run(TestRunner.java:596)
at org.testng.SuiteRunner.runTest(SuiteRunner.java:377)
at org.testng.SuiteRunner.runSequentially(SuiteRunner.java:371)
at org.testng.SuiteRunner.privateRun(SuiteRunner.java:332)
at org.testng.SuiteRunner.run(SuiteRunner.java:276)
at org.testng.SuiteRunnerWorker.runSuite(SuiteRunnerWorker.java:53)
at org.testng.SuiteRunnerWorker.run(SuiteRunnerWorker.java:96)
at org.testng.TestNG.runSuitesSequentially(TestNG.java:1212)
at org.testng.TestNG.runSuitesLocally(TestNG.java:1134)
at org.testng.TestNG.runSuites(TestNG.java:1063)
at org.testng.TestNG.run(TestNG.java:1031)
at org.testng.remote.AbstractRemoteTestNG.run(AbstractRemoteTestNG.java:115)
at org.testng.remote.RemoteTestNG.initAndRun(RemoteTestNG.java:251)
at org.testng.remote.RemoteTestNG.main(RemoteTestNG.java:77)
]]>
            </full-stacktrace>
          </exception> <!-- org.openqa.selenium.SessionNotCreatedException -->
          <reporter-output>
          </reporter-output>
        </test-method> <!-- initializationBrowsers -->
        <test-method is-config="true" signature="urlLunch()[pri:0, instance:com.SeleniumAssignment.tests.HomeTest@a530d0a]" started-at="2022-02-09T18:59:26 IST" name="urlLunch" finished-at="1970-01-01T05:30:00 IST" duration-ms="-1644413366923" status="SKIP">
          <reporter-output>
          </reporter-output>
        </test-method> <!-- urlLunch -->
        <test-method signature="contectWithUsFacebookClickTest()[pri:0, instance:com.SeleniumAssignment.tests.HomeTest@a530d0a]" started-at="2022-02-09T18:59:26 IST" name="contectWithUsFacebookClickTest" finished-at="2022-02-09T18:59:26 IST" duration-ms="0" status="SKIP">
          <exception class="org.openqa.selenium.SessionNotCreatedException">
            <message>
              <![CDATA[session not created: This version of ChromeDriver only supports Chrome version 96
Current browser version is 98.0.4758.81 with binary path C:\Program Files\Google\Chrome\Application\chrome.exe
Build info: version: '3.141.59', revision: 'e82be7d358', time: '2018-11-14T08:17:03'
System info: host: 'IN-PG02NJQY', ip: '192.168.38.148', os.name: 'Windows 10', os.arch: 'amd64', os.version: '10.0', java.version: '11.0.12'
Driver info: driver.version: ChromeDriver
remote stacktrace: Backtrace:
Ordinal0 [0x009C6903+2517251]
Ordinal0 [0x0095F8E1+2095329]
Ordinal0 [0x00862848+1058888]
Ordinal0 [0x00880B9D+1182621]
Ordinal0 [0x0087CA60+1165920]
Ordinal0 [0x0087A2CF+1155791]
Ordinal0 [0x008AAAAF+1354415]
Ordinal0 [0x008AA71A+1353498]
Ordinal0 [0x008A639B+1336219]
Ordinal0 [0x008827A7+1189799]
Ordinal0 [0x00883609+1193481]
GetHandleVerifier [0x00B55904+1577972]
GetHandleVerifier [0x00C00B97+2279047]
GetHandleVerifier [0x00A56D09+534521]
GetHandleVerifier [0x00A55DB9+530601]
Ordinal0 [0x00964FF9+2117625]
Ordinal0 [0x009698A8+2136232]
Ordinal0 [0x009699E2+2136546]
Ordinal0 [0x00973541+2176321]
BaseThreadInitThunk [0x75F1FA29+25]
RtlGetAppContainerNamedObjectPath [0x77AE7A9E+286]
RtlGetAppContainerNamedObjectPath [0x77AE7A6E+238]
]]>
            </message>
            <full-stacktrace>
              <![CDATA[org.openqa.selenium.SessionNotCreatedException: session not created: This version of ChromeDriver only supports Chrome version 96
Current browser version is 98.0.4758.81 with binary path C:\Program Files\Google\Chrome\Application\chrome.exe
Build info: version: '3.141.59', revision: 'e82be7d358', time: '2018-11-14T08:17:03'
System info: host: 'IN-PG02NJQY', ip: '192.168.38.148', os.name: 'Windows 10', os.arch: 'amd64', os.version: '10.0', java.version: '11.0.12'
Driver info: driver.version: ChromeDriver
remote stacktrace: Backtrace:
Ordinal0 [0x009C6903+2517251]
Ordinal0 [0x0095F8E1+2095329]
Ordinal0 [0x00862848+1058888]
Ordinal0 [0x00880B9D+1182621]
Ordinal0 [0x0087CA60+1165920]
Ordinal0 [0x0087A2CF+1155791]
Ordinal0 [0x008AAAAF+1354415]
Ordinal0 [0x008AA71A+1353498]
Ordinal0 [0x008A639B+1336219]
Ordinal0 [0x008827A7+1189799]
Ordinal0 [0x00883609+1193481]
GetHandleVerifier [0x00B55904+1577972]
GetHandleVerifier [0x00C00B97+2279047]
GetHandleVerifier [0x00A56D09+534521]
GetHandleVerifier [0x00A55DB9+530601]
Ordinal0 [0x00964FF9+2117625]
Ordinal0 [0x009698A8+2136232]
Ordinal0 [0x009699E2+2136546]
Ordinal0 [0x00973541+2176321]
BaseThreadInitThunk [0x75F1FA29+25]
RtlGetAppContainerNamedObjectPath [0x77AE7A9E+286]
RtlGetAppContainerNamedObjectPath [0x77AE7A6E+238]

at java.base/jdk.internal.reflect.NativeConstructorAccessorImpl.newInstance0(Native Method)
at java.base/jdk.internal.reflect.NativeConstructorAccessorImpl.newInstance(NativeConstructorAccessorImpl.java:62)
at java.base/jdk.internal.reflect.DelegatingConstructorAccessorImpl.newInstance(DelegatingConstructorAccessorImpl.java:45)
at java.base/java.lang.reflect.Constructor.newInstance(Constructor.java:490)
at org.openqa.selenium.remote.W3CHandshakeResponse.lambda$errorHandler$0(W3CHandshakeResponse.java:62)
at org.openqa.selenium.remote.HandshakeResponse.lambda$getResponseFunction$0(HandshakeResponse.java:30)
at org.openqa.selenium.remote.ProtocolHandshake.lambda$createSession$0(ProtocolHandshake.java:126)
at java.base/java.util.stream.ReferencePipeline$3$1.accept(ReferencePipeline.java:195)
at java.base/java.util.Spliterators$ArraySpliterator.tryAdvance(Spliterators.java:958)
at java.base/java.util.stream.ReferencePipeline.forEachWithCancel(ReferencePipeline.java:127)
at java.base/java.util.stream.AbstractPipeline.copyIntoWithCancel(AbstractPipeline.java:502)
at java.base/java.util.stream.AbstractPipeline.copyInto(AbstractPipeline.java:488)
at java.base/java.util.stream.AbstractPipeline.wrapAndCopyInto(AbstractPipeline.java:474)
at java.base/java.util.stream.FindOps$FindOp.evaluateSequential(FindOps.java:150)
at java.base/java.util.stream.AbstractPipeline.evaluate(AbstractPipeline.java:234)
at java.base/java.util.stream.ReferencePipeline.findFirst(ReferencePipeline.java:543)
at org.openqa.selenium.remote.ProtocolHandshake.createSession(ProtocolHandshake.java:128)
at org.openqa.selenium.remote.ProtocolHandshake.createSession(ProtocolHandshake.java:74)
at org.openqa.selenium.remote.HttpCommandExecutor.execute(HttpCommandExecutor.java:136)
at org.openqa.selenium.remote.service.DriverCommandExecutor.execute(DriverCommandExecutor.java:83)
at org.openqa.selenium.remote.RemoteWebDriver.execute(RemoteWebDriver.java:552)
at org.openqa.selenium.remote.RemoteWebDriver.startSession(RemoteWebDriver.java:213)
at org.openqa.selenium.remote.RemoteWebDriver.<init>(RemoteWebDriver.java:131)
at org.openqa.selenium.chrome.ChromeDriver.<init>(ChromeDriver.java:181)
at org.openqa.selenium.chrome.ChromeDriver.<init>(ChromeDriver.java:168)
at org.openqa.selenium.chrome.ChromeDriver.<init>(ChromeDriver.java:157)
at com.SeleniumAssignment.tests.BaseTest.initializationBrowsers(BaseTest.java:81)
at java.base/jdk.internal.reflect.NativeMethodAccessorImpl.invoke0(Native Method)
at java.base/jdk.internal.reflect.NativeMethodAccessorImpl.invoke(NativeMethodAccessorImpl.java:62)
at java.base/jdk.internal.reflect.DelegatingMethodAccessorImpl.invoke(DelegatingMethodAccessorImpl.java:43)
at java.base/java.lang.reflect.Method.invoke(Method.java:566)
at org.testng.internal.MethodInvocationHelper.invokeMethod(MethodInvocationHelper.java:133)
at org.testng.internal.MethodInvocationHelper.invokeMethodConsideringTimeout(MethodInvocationHelper.java:62)
at org.testng.internal.ConfigInvoker.invokeConfigurationMethod(ConfigInvoker.java:385)
at org.testng.internal.ConfigInvoker.invokeConfigurations(ConfigInvoker.java:321)
at org.testng.internal.TestInvoker.runConfigMethods(TestInvoker.java:700)
at org.testng.internal.TestInvoker.invokeMethod(TestInvoker.java:527)
at org.testng.internal.TestInvoker.invokeTestMethod(TestInvoker.java:173)
at org.testng.internal.MethodRunner.runInSequence(MethodRunner.java:46)
at org.testng.internal.TestInvoker$MethodInvocationAgent.invoke(TestInvoker.java:824)
at org.testng.internal.TestInvoker.invokeTestMethods(TestInvoker.java:146)
at org.testng.internal.TestMethodWorker.invokeTestMethods(TestMethodWorker.java:146)
at org.testng.internal.TestMethodWorker.run(TestMethodWorker.java:128)
at java.base/java.util.ArrayList.forEach(ArrayList.java:1541)
at org.testng.TestRunner.privateRun(TestRunner.java:794)
at org.testng.TestRunner.run(TestRunner.java:596)
at org.testng.SuiteRunner.runTest(SuiteRunner.java:377)
at org.testng.SuiteRunner.runSequentially(SuiteRunner.java:371)
at org.testng.SuiteRunner.privateRun(SuiteRunner.java:332)
at org.testng.SuiteRunner.run(SuiteRunner.java:276)
at org.testng.SuiteRunnerWorker.runSuite(SuiteRunnerWorker.java:53)
at org.testng.SuiteRunnerWorker.run(SuiteRunnerWorker.java:96)
at org.testng.TestNG.runSuitesSequentially(TestNG.java:1212)
at org.testng.TestNG.runSuitesLocally(TestNG.java:1134)
at org.testng.TestNG.runSuites(TestNG.java:1063)
at org.testng.TestNG.run(TestNG.java:1031)
at org.testng.remote.AbstractRemoteTestNG.run(AbstractRemoteTestNG.java:115)
at org.testng.remote.RemoteTestNG.initAndRun(RemoteTestNG.java:251)
at org.testng.remote.RemoteTestNG.main(RemoteTestNG.java:77)
]]>
            </full-stacktrace>
          </exception> <!-- org.openqa.selenium.SessionNotCreatedException -->
          <reporter-output>
          </reporter-output>
        </test-method> <!-- contectWithUsFacebookClickTest -->
        <test-method is-config="true" signature="attachScreenshot(org.testng.ITestResult)[pri:0, instance:com.SeleniumAssignment.tests.HomeTest@a530d0a]" started-at="2022-02-09T18:59:26 IST" name="attachScreenshot" finished-at="1970-01-01T05:30:00 IST" duration-ms="-1644413366933" status="SKIP">
          <reporter-output>
          </reporter-output>
        </test-method> <!-- attachScreenshot -->
        <test-method is-config="true" signature="close()[pri:0, instance:com.SeleniumAssignment.tests.HomeTest@a530d0a]" started-at="2022-02-09T18:59:26 IST" name="close" finished-at="1970-01-01T05:30:00 IST" duration-ms="-1644413366934" status="SKIP">
          <reporter-output>
          </reporter-output>
        </test-method> <!-- close -->
        <test-method is-config="true" signature="initializationBrowsers(java.lang.String)[pri:0, instance:com.SeleniumAssignment.tests.HomeTest@a530d0a]" started-at="2022-02-09T18:59:26 IST" name="initializationBrowsers" finished-at="1970-01-01T05:30:00 IST" duration-ms="-1644413366937" status="SKIP">
          <reporter-output>
          </reporter-output>
        </test-method> <!-- initializationBrowsers -->
        <test-method is-config="true" signature="urlLunch()[pri:0, instance:com.SeleniumAssignment.tests.HomeTest@a530d0a]" started-at="2022-02-09T18:59:26 IST" name="urlLunch" finished-at="1970-01-01T05:30:00 IST" duration-ms="-1644413366938" status="SKIP">
          <reporter-output>
          </reporter-output>
        </test-method> <!-- urlLunch -->
        <test-method signature="contectWithUsInstagramClickTest()[pri:0, instance:com.SeleniumAssignment.tests.HomeTest@a530d0a]" started-at="2022-02-09T18:59:26 IST" name="contectWithUsInstagramClickTest" finished-at="2022-02-09T18:59:26 IST" duration-ms="0" status="SKIP">
          <exception class="org.openqa.selenium.SessionNotCreatedException">
            <message>
              <![CDATA[session not created: This version of ChromeDriver only supports Chrome version 96
Current browser version is 98.0.4758.81 with binary path C:\Program Files\Google\Chrome\Application\chrome.exe
Build info: version: '3.141.59', revision: 'e82be7d358', time: '2018-11-14T08:17:03'
System info: host: 'IN-PG02NJQY', ip: '192.168.38.148', os.name: 'Windows 10', os.arch: 'amd64', os.version: '10.0', java.version: '11.0.12'
Driver info: driver.version: ChromeDriver
remote stacktrace: Backtrace:
Ordinal0 [0x009C6903+2517251]
Ordinal0 [0x0095F8E1+2095329]
Ordinal0 [0x00862848+1058888]
Ordinal0 [0x00880B9D+1182621]
Ordinal0 [0x0087CA60+1165920]
Ordinal0 [0x0087A2CF+1155791]
Ordinal0 [0x008AAAAF+1354415]
Ordinal0 [0x008AA71A+1353498]
Ordinal0 [0x008A639B+1336219]
Ordinal0 [0x008827A7+1189799]
Ordinal0 [0x00883609+1193481]
GetHandleVerifier [0x00B55904+1577972]
GetHandleVerifier [0x00C00B97+2279047]
GetHandleVerifier [0x00A56D09+534521]
GetHandleVerifier [0x00A55DB9+530601]
Ordinal0 [0x00964FF9+2117625]
Ordinal0 [0x009698A8+2136232]
Ordinal0 [0x009699E2+2136546]
Ordinal0 [0x00973541+2176321]
BaseThreadInitThunk [0x75F1FA29+25]
RtlGetAppContainerNamedObjectPath [0x77AE7A9E+286]
RtlGetAppContainerNamedObjectPath [0x77AE7A6E+238]
]]>
            </message>
            <full-stacktrace>
              <![CDATA[org.openqa.selenium.SessionNotCreatedException: session not created: This version of ChromeDriver only supports Chrome version 96
Current browser version is 98.0.4758.81 with binary path C:\Program Files\Google\Chrome\Application\chrome.exe
Build info: version: '3.141.59', revision: 'e82be7d358', time: '2018-11-14T08:17:03'
System info: host: 'IN-PG02NJQY', ip: '192.168.38.148', os.name: 'Windows 10', os.arch: 'amd64', os.version: '10.0', java.version: '11.0.12'
Driver info: driver.version: ChromeDriver
remote stacktrace: Backtrace:
Ordinal0 [0x009C6903+2517251]
Ordinal0 [0x0095F8E1+2095329]
Ordinal0 [0x00862848+1058888]
Ordinal0 [0x00880B9D+1182621]
Ordinal0 [0x0087CA60+1165920]
Ordinal0 [0x0087A2CF+1155791]
Ordinal0 [0x008AAAAF+1354415]
Ordinal0 [0x008AA71A+1353498]
Ordinal0 [0x008A639B+1336219]
Ordinal0 [0x008827A7+1189799]
Ordinal0 [0x00883609+1193481]
GetHandleVerifier [0x00B55904+1577972]
GetHandleVerifier [0x00C00B97+2279047]
GetHandleVerifier [0x00A56D09+534521]
GetHandleVerifier [0x00A55DB9+530601]
Ordinal0 [0x00964FF9+2117625]
Ordinal0 [0x009698A8+2136232]
Ordinal0 [0x009699E2+2136546]
Ordinal0 [0x00973541+2176321]
BaseThreadInitThunk [0x75F1FA29+25]
RtlGetAppContainerNamedObjectPath [0x77AE7A9E+286]
RtlGetAppContainerNamedObjectPath [0x77AE7A6E+238]

at java.base/jdk.internal.reflect.NativeConstructorAccessorImpl.newInstance0(Native Method)
at java.base/jdk.internal.reflect.NativeConstructorAccessorImpl.newInstance(NativeConstructorAccessorImpl.java:62)
at java.base/jdk.internal.reflect.DelegatingConstructorAccessorImpl.newInstance(DelegatingConstructorAccessorImpl.java:45)
at java.base/java.lang.reflect.Constructor.newInstance(Constructor.java:490)
at org.openqa.selenium.remote.W3CHandshakeResponse.lambda$errorHandler$0(W3CHandshakeResponse.java:62)
at org.openqa.selenium.remote.HandshakeResponse.lambda$getResponseFunction$0(HandshakeResponse.java:30)
at org.openqa.selenium.remote.ProtocolHandshake.lambda$createSession$0(ProtocolHandshake.java:126)
at java.base/java.util.stream.ReferencePipeline$3$1.accept(ReferencePipeline.java:195)
at java.base/java.util.Spliterators$ArraySpliterator.tryAdvance(Spliterators.java:958)
at java.base/java.util.stream.ReferencePipeline.forEachWithCancel(ReferencePipeline.java:127)
at java.base/java.util.stream.AbstractPipeline.copyIntoWithCancel(AbstractPipeline.java:502)
at java.base/java.util.stream.AbstractPipeline.copyInto(AbstractPipeline.java:488)
at java.base/java.util.stream.AbstractPipeline.wrapAndCopyInto(AbstractPipeline.java:474)
at java.base/java.util.stream.FindOps$FindOp.evaluateSequential(FindOps.java:150)
at java.base/java.util.stream.AbstractPipeline.evaluate(AbstractPipeline.java:234)
at java.base/java.util.stream.ReferencePipeline.findFirst(ReferencePipeline.java:543)
at org.openqa.selenium.remote.ProtocolHandshake.createSession(ProtocolHandshake.java:128)
at org.openqa.selenium.remote.ProtocolHandshake.createSession(ProtocolHandshake.java:74)
at org.openqa.selenium.remote.HttpCommandExecutor.execute(HttpCommandExecutor.java:136)
at org.openqa.selenium.remote.service.DriverCommandExecutor.execute(DriverCommandExecutor.java:83)
at org.openqa.selenium.remote.RemoteWebDriver.execute(RemoteWebDriver.java:552)
at org.openqa.selenium.remote.RemoteWebDriver.startSession(RemoteWebDriver.java:213)
at org.openqa.selenium.remote.RemoteWebDriver.<init>(RemoteWebDriver.java:131)
at org.openqa.selenium.chrome.ChromeDriver.<init>(ChromeDriver.java:181)
at org.openqa.selenium.chrome.ChromeDriver.<init>(ChromeDriver.java:168)
at org.openqa.selenium.chrome.ChromeDriver.<init>(ChromeDriver.java:157)
at com.SeleniumAssignment.tests.BaseTest.initializationBrowsers(BaseTest.java:81)
at java.base/jdk.internal.reflect.NativeMethodAccessorImpl.invoke0(Native Method)
at java.base/jdk.internal.reflect.NativeMethodAccessorImpl.invoke(NativeMethodAccessorImpl.java:62)
at java.base/jdk.internal.reflect.DelegatingMethodAccessorImpl.invoke(DelegatingMethodAccessorImpl.java:43)
at java.base/java.lang.reflect.Method.invoke(Method.java:566)
at org.testng.internal.MethodInvocationHelper.invokeMethod(MethodInvocationHelper.java:133)
at org.testng.internal.MethodInvocationHelper.invokeMethodConsideringTimeout(MethodInvocationHelper.java:62)
at org.testng.internal.ConfigInvoker.invokeConfigurationMethod(ConfigInvoker.java:385)
at org.testng.internal.ConfigInvoker.invokeConfigurations(ConfigInvoker.java:321)
at org.testng.internal.TestInvoker.runConfigMethods(TestInvoker.java:700)
at org.testng.internal.TestInvoker.invokeMethod(TestInvoker.java:527)
at org.testng.internal.TestInvoker.invokeTestMethod(TestInvoker.java:173)
at org.testng.internal.MethodRunner.runInSequence(MethodRunner.java:46)
at org.testng.internal.TestInvoker$MethodInvocationAgent.invoke(TestInvoker.java:824)
at org.testng.internal.TestInvoker.invokeTestMethods(TestInvoker.java:146)
at org.testng.internal.TestMethodWorker.invokeTestMethods(TestMethodWorker.java:146)
at org.testng.internal.TestMethodWorker.run(TestMethodWorker.java:128)
at java.base/java.util.ArrayList.forEach(ArrayList.java:1541)
at org.testng.TestRunner.privateRun(TestRunner.java:794)
at org.testng.TestRunner.run(TestRunner.java:596)
at org.testng.SuiteRunner.runTest(SuiteRunner.java:377)
at org.testng.SuiteRunner.runSequentially(SuiteRunner.java:371)
at org.testng.SuiteRunner.privateRun(SuiteRunner.java:332)
at org.testng.SuiteRunner.run(SuiteRunner.java:276)
at org.testng.SuiteRunnerWorker.runSuite(SuiteRunnerWorker.java:53)
at org.testng.SuiteRunnerWorker.run(SuiteRunnerWorker.java:96)
at org.testng.TestNG.runSuitesSequentially(TestNG.java:1212)
at org.testng.TestNG.runSuitesLocally(TestNG.java:1134)
at org.testng.TestNG.runSuites(TestNG.java:1063)
at org.testng.TestNG.run(TestNG.java:1031)
at org.testng.remote.AbstractRemoteTestNG.run(AbstractRemoteTestNG.java:115)
at org.testng.remote.RemoteTestNG.initAndRun(RemoteTestNG.java:251)
at org.testng.remote.RemoteTestNG.main(RemoteTestNG.java:77)
]]>
            </full-stacktrace>
          </exception> <!-- org.openqa.selenium.SessionNotCreatedException -->
          <reporter-output>
          </reporter-output>
        </test-method> <!-- contectWithUsInstagramClickTest -->
        <test-method is-config="true" signature="attachScreenshot(org.testng.ITestResult)[pri:0, instance:com.SeleniumAssignment.tests.HomeTest@a530d0a]" started-at="2022-02-09T18:59:26 IST" name="attachScreenshot" finished-at="1970-01-01T05:30:00 IST" duration-ms="-1644413366945" status="SKIP">
          <reporter-output>
          </reporter-output>
        </test-method> <!-- attachScreenshot -->
        <test-method is-config="true" signature="close()[pri:0, instance:com.SeleniumAssignment.tests.HomeTest@a530d0a]" started-at="2022-02-09T18:59:26 IST" name="close" finished-at="1970-01-01T05:30:00 IST" duration-ms="-1644413366947" status="SKIP">
          <reporter-output>
          </reporter-output>
        </test-method> <!-- close -->
        <test-method is-config="true" signature="initializationBrowsers(java.lang.String)[pri:0, instance:com.SeleniumAssignment.tests.HomeTest@a530d0a]" started-at="2022-02-09T18:59:26 IST" name="initializationBrowsers" finished-at="1970-01-01T05:30:00 IST" duration-ms="-1644413366948" status="SKIP">
          <reporter-output>
          </reporter-output>
        </test-method> <!-- initializationBrowsers -->
        <test-method is-config="true" signature="urlLunch()[pri:0, instance:com.SeleniumAssignment.tests.HomeTest@a530d0a]" started-at="2022-02-09T18:59:26 IST" name="urlLunch" finished-at="1970-01-01T05:30:00 IST" duration-ms="-1644413366950" status="SKIP">
          <reporter-output>
          </reporter-output>
        </test-method> <!-- urlLunch -->
        <test-method signature="contectWithUsTwitterClickTest()[pri:0, instance:com.SeleniumAssignment.tests.HomeTest@a530d0a]" started-at="2022-02-09T18:59:26 IST" name="contectWithUsTwitterClickTest" finished-at="2022-02-09T18:59:26 IST" duration-ms="0" status="SKIP">
          <exception class="org.openqa.selenium.SessionNotCreatedException">
            <message>
              <![CDATA[session not created: This version of ChromeDriver only supports Chrome version 96
Current browser version is 98.0.4758.81 with binary path C:\Program Files\Google\Chrome\Application\chrome.exe
Build info: version: '3.141.59', revision: 'e82be7d358', time: '2018-11-14T08:17:03'
System info: host: 'IN-PG02NJQY', ip: '192.168.38.148', os.name: 'Windows 10', os.arch: 'amd64', os.version: '10.0', java.version: '11.0.12'
Driver info: driver.version: ChromeDriver
remote stacktrace: Backtrace:
Ordinal0 [0x009C6903+2517251]
Ordinal0 [0x0095F8E1+2095329]
Ordinal0 [0x00862848+1058888]
Ordinal0 [0x00880B9D+1182621]
Ordinal0 [0x0087CA60+1165920]
Ordinal0 [0x0087A2CF+1155791]
Ordinal0 [0x008AAAAF+1354415]
Ordinal0 [0x008AA71A+1353498]
Ordinal0 [0x008A639B+1336219]
Ordinal0 [0x008827A7+1189799]
Ordinal0 [0x00883609+1193481]
GetHandleVerifier [0x00B55904+1577972]
GetHandleVerifier [0x00C00B97+2279047]
GetHandleVerifier [0x00A56D09+534521]
GetHandleVerifier [0x00A55DB9+530601]
Ordinal0 [0x00964FF9+2117625]
Ordinal0 [0x009698A8+2136232]
Ordinal0 [0x009699E2+2136546]
Ordinal0 [0x00973541+2176321]
BaseThreadInitThunk [0x75F1FA29+25]
RtlGetAppContainerNamedObjectPath [0x77AE7A9E+286]
RtlGetAppContainerNamedObjectPath [0x77AE7A6E+238]
]]>
            </message>
            <full-stacktrace>
              <![CDATA[org.openqa.selenium.SessionNotCreatedException: session not created: This version of ChromeDriver only supports Chrome version 96
Current browser version is 98.0.4758.81 with binary path C:\Program Files\Google\Chrome\Application\chrome.exe
Build info: version: '3.141.59', revision: 'e82be7d358', time: '2018-11-14T08:17:03'
System info: host: 'IN-PG02NJQY', ip: '192.168.38.148', os.name: 'Windows 10', os.arch: 'amd64', os.version: '10.0', java.version: '11.0.12'
Driver info: driver.version: ChromeDriver
remote stacktrace: Backtrace:
Ordinal0 [0x009C6903+2517251]
Ordinal0 [0x0095F8E1+2095329]
Ordinal0 [0x00862848+1058888]
Ordinal0 [0x00880B9D+1182621]
Ordinal0 [0x0087CA60+1165920]
Ordinal0 [0x0087A2CF+1155791]
Ordinal0 [0x008AAAAF+1354415]
Ordinal0 [0x008AA71A+1353498]
Ordinal0 [0x008A639B+1336219]
Ordinal0 [0x008827A7+1189799]
Ordinal0 [0x00883609+1193481]
GetHandleVerifier [0x00B55904+1577972]
GetHandleVerifier [0x00C00B97+2279047]
GetHandleVerifier [0x00A56D09+534521]
GetHandleVerifier [0x00A55DB9+530601]
Ordinal0 [0x00964FF9+2117625]
Ordinal0 [0x009698A8+2136232]
Ordinal0 [0x009699E2+2136546]
Ordinal0 [0x00973541+2176321]
BaseThreadInitThunk [0x75F1FA29+25]
RtlGetAppContainerNamedObjectPath [0x77AE7A9E+286]
RtlGetAppContainerNamedObjectPath [0x77AE7A6E+238]

at java.base/jdk.internal.reflect.NativeConstructorAccessorImpl.newInstance0(Native Method)
at java.base/jdk.internal.reflect.NativeConstructorAccessorImpl.newInstance(NativeConstructorAccessorImpl.java:62)
at java.base/jdk.internal.reflect.DelegatingConstructorAccessorImpl.newInstance(DelegatingConstructorAccessorImpl.java:45)
at java.base/java.lang.reflect.Constructor.newInstance(Constructor.java:490)
at org.openqa.selenium.remote.W3CHandshakeResponse.lambda$errorHandler$0(W3CHandshakeResponse.java:62)
at org.openqa.selenium.remote.HandshakeResponse.lambda$getResponseFunction$0(HandshakeResponse.java:30)
at org.openqa.selenium.remote.ProtocolHandshake.lambda$createSession$0(ProtocolHandshake.java:126)
at java.base/java.util.stream.ReferencePipeline$3$1.accept(ReferencePipeline.java:195)
at java.base/java.util.Spliterators$ArraySpliterator.tryAdvance(Spliterators.java:958)
at java.base/java.util.stream.ReferencePipeline.forEachWithCancel(ReferencePipeline.java:127)
at java.base/java.util.stream.AbstractPipeline.copyIntoWithCancel(AbstractPipeline.java:502)
at java.base/java.util.stream.AbstractPipeline.copyInto(AbstractPipeline.java:488)
at java.base/java.util.stream.AbstractPipeline.wrapAndCopyInto(AbstractPipeline.java:474)
at java.base/java.util.stream.FindOps$FindOp.evaluateSequential(FindOps.java:150)
at java.base/java.util.stream.AbstractPipeline.evaluate(AbstractPipeline.java:234)
at java.base/java.util.stream.ReferencePipeline.findFirst(ReferencePipeline.java:543)
at org.openqa.selenium.remote.ProtocolHandshake.createSession(ProtocolHandshake.java:128)
at org.openqa.selenium.remote.ProtocolHandshake.createSession(ProtocolHandshake.java:74)
at org.openqa.selenium.remote.HttpCommandExecutor.execute(HttpCommandExecutor.java:136)
at org.openqa.selenium.remote.service.DriverCommandExecutor.execute(DriverCommandExecutor.java:83)
at org.openqa.selenium.remote.RemoteWebDriver.execute(RemoteWebDriver.java:552)
at org.openqa.selenium.remote.RemoteWebDriver.startSession(RemoteWebDriver.java:213)
at org.openqa.selenium.remote.RemoteWebDriver.<init>(RemoteWebDriver.java:131)
at org.openqa.selenium.chrome.ChromeDriver.<init>(ChromeDriver.java:181)
at org.openqa.selenium.chrome.ChromeDriver.<init>(ChromeDriver.java:168)
at org.openqa.selenium.chrome.ChromeDriver.<init>(ChromeDriver.java:157)
at com.SeleniumAssignment.tests.BaseTest.initializationBrowsers(BaseTest.java:81)
at java.base/jdk.internal.reflect.NativeMethodAccessorImpl.invoke0(Native Method)
at java.base/jdk.internal.reflect.NativeMethodAccessorImpl.invoke(NativeMethodAccessorImpl.java:62)
at java.base/jdk.internal.reflect.DelegatingMethodAccessorImpl.invoke(DelegatingMethodAccessorImpl.java:43)
at java.base/java.lang.reflect.Method.invoke(Method.java:566)
at org.testng.internal.MethodInvocationHelper.invokeMethod(MethodInvocationHelper.java:133)
at org.testng.internal.MethodInvocationHelper.invokeMethodConsideringTimeout(MethodInvocationHelper.java:62)
at org.testng.internal.ConfigInvoker.invokeConfigurationMethod(ConfigInvoker.java:385)
at org.testng.internal.ConfigInvoker.invokeConfigurations(ConfigInvoker.java:321)
at org.testng.internal.TestInvoker.runConfigMethods(TestInvoker.java:700)
at org.testng.internal.TestInvoker.invokeMethod(TestInvoker.java:527)
at org.testng.internal.TestInvoker.invokeTestMethod(TestInvoker.java:173)
at org.testng.internal.MethodRunner.runInSequence(MethodRunner.java:46)
at org.testng.internal.TestInvoker$MethodInvocationAgent.invoke(TestInvoker.java:824)
at org.testng.internal.TestInvoker.invokeTestMethods(TestInvoker.java:146)
at org.testng.internal.TestMethodWorker.invokeTestMethods(TestMethodWorker.java:146)
at org.testng.internal.TestMethodWorker.run(TestMethodWorker.java:128)
at java.base/java.util.ArrayList.forEach(ArrayList.java:1541)
at org.testng.TestRunner.privateRun(TestRunner.java:794)
at org.testng.TestRunner.run(TestRunner.java:596)
at org.testng.SuiteRunner.runTest(SuiteRunner.java:377)
at org.testng.SuiteRunner.runSequentially(SuiteRunner.java:371)
at org.testng.SuiteRunner.privateRun(SuiteRunner.java:332)
at org.testng.SuiteRunner.run(SuiteRunner.java:276)
at org.testng.SuiteRunnerWorker.runSuite(SuiteRunnerWorker.java:53)
at org.testng.SuiteRunnerWorker.run(SuiteRunnerWorker.java:96)
at org.testng.TestNG.runSuitesSequentially(TestNG.java:1212)
at org.testng.TestNG.runSuitesLocally(TestNG.java:1134)
at org.testng.TestNG.runSuites(TestNG.java:1063)
at org.testng.TestNG.run(TestNG.java:1031)
at org.testng.remote.AbstractRemoteTestNG.run(AbstractRemoteTestNG.java:115)
at org.testng.remote.RemoteTestNG.initAndRun(RemoteTestNG.java:251)
at org.testng.remote.RemoteTestNG.main(RemoteTestNG.java:77)
]]>
            </full-stacktrace>
          </exception> <!-- org.openqa.selenium.SessionNotCreatedException -->
          <reporter-output>
          </reporter-output>
        </test-method> <!-- contectWithUsTwitterClickTest -->
        <test-method is-config="true" signature="attachScreenshot(org.testng.ITestResult)[pri:0, instance:com.SeleniumAssignment.tests.HomeTest@a530d0a]" started-at="2022-02-09T18:59:26 IST" name="attachScreenshot" finished-at="1970-01-01T05:30:00 IST" duration-ms="-1644413366958" status="SKIP">
          <reporter-output>
          </reporter-output>
        </test-method> <!-- attachScreenshot -->
        <test-method is-config="true" signature="close()[pri:0, instance:com.SeleniumAssignment.tests.HomeTest@a530d0a]" started-at="2022-02-09T18:59:26 IST" name="close" finished-at="1970-01-01T05:30:00 IST" duration-ms="-1644413366960" status="SKIP">
          <reporter-output>
          </reporter-output>
        </test-method> <!-- close -->
        <test-method is-config="true" signature="initializationBrowsers(java.lang.String)[pri:0, instance:com.SeleniumAssignment.tests.HomeTest@a530d0a]" started-at="2022-02-09T18:59:26 IST" name="initializationBrowsers" finished-at="1970-01-01T05:30:00 IST" duration-ms="-1644413366962" status="SKIP">
          <reporter-output>
          </reporter-output>
        </test-method> <!-- initializationBrowsers -->
        <test-method is-config="true" signature="urlLunch()[pri:0, instance:com.SeleniumAssignment.tests.HomeTest@a530d0a]" started-at="2022-02-09T18:59:26 IST" name="urlLunch" finished-at="1970-01-01T05:30:00 IST" duration-ms="-1644413366964" status="SKIP">
          <reporter-output>
          </reporter-output>
        </test-method> <!-- urlLunch -->
        <test-method signature="enterSearchText(java.lang.String)[pri:0, instance:com.SeleniumAssignment.tests.HomeTest@a530d0a]" started-at="2022-02-09T18:59:26 IST" name="enterSearchText" finished-at="2022-02-09T18:59:26 IST" duration-ms="0" status="SKIP">
          <params>
            <param index="0">
              <value>
                <![CDATA[iphone]]>
              </value>
            </param>
          </params>
          <exception class="org.openqa.selenium.SessionNotCreatedException">
            <message>
              <![CDATA[session not created: This version of ChromeDriver only supports Chrome version 96
Current browser version is 98.0.4758.81 with binary path C:\Program Files\Google\Chrome\Application\chrome.exe
Build info: version: '3.141.59', revision: 'e82be7d358', time: '2018-11-14T08:17:03'
System info: host: 'IN-PG02NJQY', ip: '192.168.38.148', os.name: 'Windows 10', os.arch: 'amd64', os.version: '10.0', java.version: '11.0.12'
Driver info: driver.version: ChromeDriver
remote stacktrace: Backtrace:
Ordinal0 [0x009C6903+2517251]
Ordinal0 [0x0095F8E1+2095329]
Ordinal0 [0x00862848+1058888]
Ordinal0 [0x00880B9D+1182621]
Ordinal0 [0x0087CA60+1165920]
Ordinal0 [0x0087A2CF+1155791]
Ordinal0 [0x008AAAAF+1354415]
Ordinal0 [0x008AA71A+1353498]
Ordinal0 [0x008A639B+1336219]
Ordinal0 [0x008827A7+1189799]
Ordinal0 [0x00883609+1193481]
GetHandleVerifier [0x00B55904+1577972]
GetHandleVerifier [0x00C00B97+2279047]
GetHandleVerifier [0x00A56D09+534521]
GetHandleVerifier [0x00A55DB9+530601]
Ordinal0 [0x00964FF9+2117625]
Ordinal0 [0x009698A8+2136232]
Ordinal0 [0x009699E2+2136546]
Ordinal0 [0x00973541+2176321]
BaseThreadInitThunk [0x75F1FA29+25]
RtlGetAppContainerNamedObjectPath [0x77AE7A9E+286]
RtlGetAppContainerNamedObjectPath [0x77AE7A6E+238]
]]>
            </message>
            <full-stacktrace>
              <![CDATA[org.openqa.selenium.SessionNotCreatedException: session not created: This version of ChromeDriver only supports Chrome version 96
Current browser version is 98.0.4758.81 with binary path C:\Program Files\Google\Chrome\Application\chrome.exe
Build info: version: '3.141.59', revision: 'e82be7d358', time: '2018-11-14T08:17:03'
System info: host: 'IN-PG02NJQY', ip: '192.168.38.148', os.name: 'Windows 10', os.arch: 'amd64', os.version: '10.0', java.version: '11.0.12'
Driver info: driver.version: ChromeDriver
remote stacktrace: Backtrace:
Ordinal0 [0x009C6903+2517251]
Ordinal0 [0x0095F8E1+2095329]
Ordinal0 [0x00862848+1058888]
Ordinal0 [0x00880B9D+1182621]
Ordinal0 [0x0087CA60+1165920]
Ordinal0 [0x0087A2CF+1155791]
Ordinal0 [0x008AAAAF+1354415]
Ordinal0 [0x008AA71A+1353498]
Ordinal0 [0x008A639B+1336219]
Ordinal0 [0x008827A7+1189799]
Ordinal0 [0x00883609+1193481]
GetHandleVerifier [0x00B55904+1577972]
GetHandleVerifier [0x00C00B97+2279047]
GetHandleVerifier [0x00A56D09+534521]
GetHandleVerifier [0x00A55DB9+530601]
Ordinal0 [0x00964FF9+2117625]
Ordinal0 [0x009698A8+2136232]
Ordinal0 [0x009699E2+2136546]
Ordinal0 [0x00973541+2176321]
BaseThreadInitThunk [0x75F1FA29+25]
RtlGetAppContainerNamedObjectPath [0x77AE7A9E+286]
RtlGetAppContainerNamedObjectPath [0x77AE7A6E+238]

at java.base/jdk.internal.reflect.NativeConstructorAccessorImpl.newInstance0(Native Method)
at java.base/jdk.internal.reflect.NativeConstructorAccessorImpl.newInstance(NativeConstructorAccessorImpl.java:62)
at java.base/jdk.internal.reflect.DelegatingConstructorAccessorImpl.newInstance(DelegatingConstructorAccessorImpl.java:45)
at java.base/java.lang.reflect.Constructor.newInstance(Constructor.java:490)
at org.openqa.selenium.remote.W3CHandshakeResponse.lambda$errorHandler$0(W3CHandshakeResponse.java:62)
at org.openqa.selenium.remote.HandshakeResponse.lambda$getResponseFunction$0(HandshakeResponse.java:30)
at org.openqa.selenium.remote.ProtocolHandshake.lambda$createSession$0(ProtocolHandshake.java:126)
at java.base/java.util.stream.ReferencePipeline$3$1.accept(ReferencePipeline.java:195)
at java.base/java.util.Spliterators$ArraySpliterator.tryAdvance(Spliterators.java:958)
at java.base/java.util.stream.ReferencePipeline.forEachWithCancel(ReferencePipeline.java:127)
at java.base/java.util.stream.AbstractPipeline.copyIntoWithCancel(AbstractPipeline.java:502)
at java.base/java.util.stream.AbstractPipeline.copyInto(AbstractPipeline.java:488)
at java.base/java.util.stream.AbstractPipeline.wrapAndCopyInto(AbstractPipeline.java:474)
at java.base/java.util.stream.FindOps$FindOp.evaluateSequential(FindOps.java:150)
at java.base/java.util.stream.AbstractPipeline.evaluate(AbstractPipeline.java:234)
at java.base/java.util.stream.ReferencePipeline.findFirst(ReferencePipeline.java:543)
at org.openqa.selenium.remote.ProtocolHandshake.createSession(ProtocolHandshake.java:128)
at org.openqa.selenium.remote.ProtocolHandshake.createSession(ProtocolHandshake.java:74)
at org.openqa.selenium.remote.HttpCommandExecutor.execute(HttpCommandExecutor.java:136)
at org.openqa.selenium.remote.service.DriverCommandExecutor.execute(DriverCommandExecutor.java:83)
at org.openqa.selenium.remote.RemoteWebDriver.execute(RemoteWebDriver.java:552)
at org.openqa.selenium.remote.RemoteWebDriver.startSession(RemoteWebDriver.java:213)
at org.openqa.selenium.remote.RemoteWebDriver.<init>(RemoteWebDriver.java:131)
at org.openqa.selenium.chrome.ChromeDriver.<init>(ChromeDriver.java:181)
at org.openqa.selenium.chrome.ChromeDriver.<init>(ChromeDriver.java:168)
at org.openqa.selenium.chrome.ChromeDriver.<init>(ChromeDriver.java:157)
at com.SeleniumAssignment.tests.BaseTest.initializationBrowsers(BaseTest.java:81)
at java.base/jdk.internal.reflect.NativeMethodAccessorImpl.invoke0(Native Method)
at java.base/jdk.internal.reflect.NativeMethodAccessorImpl.invoke(NativeMethodAccessorImpl.java:62)
at java.base/jdk.internal.reflect.DelegatingMethodAccessorImpl.invoke(DelegatingMethodAccessorImpl.java:43)
at java.base/java.lang.reflect.Method.invoke(Method.java:566)
at org.testng.internal.MethodInvocationHelper.invokeMethod(MethodInvocationHelper.java:133)
at org.testng.internal.MethodInvocationHelper.invokeMethodConsideringTimeout(MethodInvocationHelper.java:62)
at org.testng.internal.ConfigInvoker.invokeConfigurationMethod(ConfigInvoker.java:385)
at org.testng.internal.ConfigInvoker.invokeConfigurations(ConfigInvoker.java:321)
at org.testng.internal.TestInvoker.runConfigMethods(TestInvoker.java:700)
at org.testng.internal.TestInvoker.invokeMethod(TestInvoker.java:527)
at org.testng.internal.TestInvoker.invokeTestMethod(TestInvoker.java:173)
at org.testng.internal.MethodRunner.runInSequence(MethodRunner.java:46)
at org.testng.internal.TestInvoker$MethodInvocationAgent.invoke(TestInvoker.java:824)
at org.testng.internal.TestInvoker.invokeTestMethods(TestInvoker.java:146)
at org.testng.internal.TestMethodWorker.invokeTestMethods(TestMethodWorker.java:146)
at org.testng.internal.TestMethodWorker.run(TestMethodWorker.java:128)
at java.base/java.util.ArrayList.forEach(ArrayList.java:1541)
at org.testng.TestRunner.privateRun(TestRunner.java:794)
at org.testng.TestRunner.run(TestRunner.java:596)
at org.testng.SuiteRunner.runTest(SuiteRunner.java:377)
at org.testng.SuiteRunner.runSequentially(SuiteRunner.java:371)
at org.testng.SuiteRunner.privateRun(SuiteRunner.java:332)
at org.testng.SuiteRunner.run(SuiteRunner.java:276)
at org.testng.SuiteRunnerWorker.runSuite(SuiteRunnerWorker.java:53)
at org.testng.SuiteRunnerWorker.run(SuiteRunnerWorker.java:96)
at org.testng.TestNG.runSuitesSequentially(TestNG.java:1212)
at org.testng.TestNG.runSuitesLocally(TestNG.java:1134)
at org.testng.TestNG.runSuites(TestNG.java:1063)
at org.testng.TestNG.run(TestNG.java:1031)
at org.testng.remote.AbstractRemoteTestNG.run(AbstractRemoteTestNG.java:115)
at org.testng.remote.RemoteTestNG.initAndRun(RemoteTestNG.java:251)
at org.testng.remote.RemoteTestNG.main(RemoteTestNG.java:77)
]]>
            </full-stacktrace>
          </exception> <!-- org.openqa.selenium.SessionNotCreatedException -->
          <reporter-output>
          </reporter-output>
        </test-method> <!-- enterSearchText -->
        <test-method is-config="true" signature="attachScreenshot(org.testng.ITestResult)[pri:0, instance:com.SeleniumAssignment.tests.HomeTest@a530d0a]" started-at="2022-02-09T18:59:26 IST" name="attachScreenshot" finished-at="1970-01-01T05:30:00 IST" duration-ms="-1644413366971" status="SKIP">
          <reporter-output>
          </reporter-output>
        </test-method> <!-- attachScreenshot -->
        <test-method is-config="true" signature="close()[pri:0, instance:com.SeleniumAssignment.tests.HomeTest@a530d0a]" started-at="2022-02-09T18:59:26 IST" name="close" finished-at="1970-01-01T05:30:00 IST" duration-ms="-1644413366973" status="SKIP">
          <reporter-output>
          </reporter-output>
        </test-method> <!-- close -->
        <test-method is-config="true" signature="initializationBrowsers(java.lang.String)[pri:0, instance:com.SeleniumAssignment.tests.HomeTest@a530d0a]" started-at="2022-02-09T18:59:26 IST" name="initializationBrowsers" finished-at="1970-01-01T05:30:00 IST" duration-ms="-1644413366974" status="SKIP">
          <reporter-output>
          </reporter-output>
        </test-method> <!-- initializationBrowsers -->
        <test-method is-config="true" signature="urlLunch()[pri:0, instance:com.SeleniumAssignment.tests.HomeTest@a530d0a]" started-at="2022-02-09T18:59:26 IST" name="urlLunch" finished-at="1970-01-01T05:30:00 IST" duration-ms="-1644413366976" status="SKIP">
          <reporter-output>
          </reporter-output>
        </test-method> <!-- urlLunch -->
        <test-method signature="navigationBarBestSellerClickTest()[pri:0, instance:com.SeleniumAssignment.tests.HomeTest@a530d0a]" started-at="2022-02-09T18:59:26 IST" name="navigationBarBestSellerClickTest" finished-at="2022-02-09T18:59:26 IST" duration-ms="0" status="SKIP">
          <exception class="org.openqa.selenium.SessionNotCreatedException">
            <message>
              <![CDATA[session not created: This version of ChromeDriver only supports Chrome version 96
Current browser version is 98.0.4758.81 with binary path C:\Program Files\Google\Chrome\Application\chrome.exe
Build info: version: '3.141.59', revision: 'e82be7d358', time: '2018-11-14T08:17:03'
System info: host: 'IN-PG02NJQY', ip: '192.168.38.148', os.name: 'Windows 10', os.arch: 'amd64', os.version: '10.0', java.version: '11.0.12'
Driver info: driver.version: ChromeDriver
remote stacktrace: Backtrace:
Ordinal0 [0x009C6903+2517251]
Ordinal0 [0x0095F8E1+2095329]
Ordinal0 [0x00862848+1058888]
Ordinal0 [0x00880B9D+1182621]
Ordinal0 [0x0087CA60+1165920]
Ordinal0 [0x0087A2CF+1155791]
Ordinal0 [0x008AAAAF+1354415]
Ordinal0 [0x008AA71A+1353498]
Ordinal0 [0x008A639B+1336219]
Ordinal0 [0x008827A7+1189799]
Ordinal0 [0x00883609+1193481]
GetHandleVerifier [0x00B55904+1577972]
GetHandleVerifier [0x00C00B97+2279047]
GetHandleVerifier [0x00A56D09+534521]
GetHandleVerifier [0x00A55DB9+530601]
Ordinal0 [0x00964FF9+2117625]
Ordinal0 [0x009698A8+2136232]
Ordinal0 [0x009699E2+2136546]
Ordinal0 [0x00973541+2176321]
BaseThreadInitThunk [0x75F1FA29+25]
RtlGetAppContainerNamedObjectPath [0x77AE7A9E+286]
RtlGetAppContainerNamedObjectPath [0x77AE7A6E+238]
]]>
            </message>
            <full-stacktrace>
              <![CDATA[org.openqa.selenium.SessionNotCreatedException: session not created: This version of ChromeDriver only supports Chrome version 96
Current browser version is 98.0.4758.81 with binary path C:\Program Files\Google\Chrome\Application\chrome.exe
Build info: version: '3.141.59', revision: 'e82be7d358', time: '2018-11-14T08:17:03'
System info: host: 'IN-PG02NJQY', ip: '192.168.38.148', os.name: 'Windows 10', os.arch: 'amd64', os.version: '10.0', java.version: '11.0.12'
Driver info: driver.version: ChromeDriver
remote stacktrace: Backtrace:
Ordinal0 [0x009C6903+2517251]
Ordinal0 [0x0095F8E1+2095329]
Ordinal0 [0x00862848+1058888]
Ordinal0 [0x00880B9D+1182621]
Ordinal0 [0x0087CA60+1165920]
Ordinal0 [0x0087A2CF+1155791]
Ordinal0 [0x008AAAAF+1354415]
Ordinal0 [0x008AA71A+1353498]
Ordinal0 [0x008A639B+1336219]
Ordinal0 [0x008827A7+1189799]
Ordinal0 [0x00883609+1193481]
GetHandleVerifier [0x00B55904+1577972]
GetHandleVerifier [0x00C00B97+2279047]
GetHandleVerifier [0x00A56D09+534521]
GetHandleVerifier [0x00A55DB9+530601]
Ordinal0 [0x00964FF9+2117625]
Ordinal0 [0x009698A8+2136232]
Ordinal0 [0x009699E2+2136546]
Ordinal0 [0x00973541+2176321]
BaseThreadInitThunk [0x75F1FA29+25]
RtlGetAppContainerNamedObjectPath [0x77AE7A9E+286]
RtlGetAppContainerNamedObjectPath [0x77AE7A6E+238]

at java.base/jdk.internal.reflect.NativeConstructorAccessorImpl.newInstance0(Native Method)
at java.base/jdk.internal.reflect.NativeConstructorAccessorImpl.newInstance(NativeConstructorAccessorImpl.java:62)
at java.base/jdk.internal.reflect.DelegatingConstructorAccessorImpl.newInstance(DelegatingConstructorAccessorImpl.java:45)
at java.base/java.lang.reflect.Constructor.newInstance(Constructor.java:490)
at org.openqa.selenium.remote.W3CHandshakeResponse.lambda$errorHandler$0(W3CHandshakeResponse.java:62)
at org.openqa.selenium.remote.HandshakeResponse.lambda$getResponseFunction$0(HandshakeResponse.java:30)
at org.openqa.selenium.remote.ProtocolHandshake.lambda$createSession$0(ProtocolHandshake.java:126)
at java.base/java.util.stream.ReferencePipeline$3$1.accept(ReferencePipeline.java:195)
at java.base/java.util.Spliterators$ArraySpliterator.tryAdvance(Spliterators.java:958)
at java.base/java.util.stream.ReferencePipeline.forEachWithCancel(ReferencePipeline.java:127)
at java.base/java.util.stream.AbstractPipeline.copyIntoWithCancel(AbstractPipeline.java:502)
at java.base/java.util.stream.AbstractPipeline.copyInto(AbstractPipeline.java:488)
at java.base/java.util.stream.AbstractPipeline.wrapAndCopyInto(AbstractPipeline.java:474)
at java.base/java.util.stream.FindOps$FindOp.evaluateSequential(FindOps.java:150)
at java.base/java.util.stream.AbstractPipeline.evaluate(AbstractPipeline.java:234)
at java.base/java.util.stream.ReferencePipeline.findFirst(ReferencePipeline.java:543)
at org.openqa.selenium.remote.ProtocolHandshake.createSession(ProtocolHandshake.java:128)
at org.openqa.selenium.remote.ProtocolHandshake.createSession(ProtocolHandshake.java:74)
at org.openqa.selenium.remote.HttpCommandExecutor.execute(HttpCommandExecutor.java:136)
at org.openqa.selenium.remote.service.DriverCommandExecutor.execute(DriverCommandExecutor.java:83)
at org.openqa.selenium.remote.RemoteWebDriver.execute(RemoteWebDriver.java:552)
at org.openqa.selenium.remote.RemoteWebDriver.startSession(RemoteWebDriver.java:213)
at org.openqa.selenium.remote.RemoteWebDriver.<init>(RemoteWebDriver.java:131)
at org.openqa.selenium.chrome.ChromeDriver.<init>(ChromeDriver.java:181)
at org.openqa.selenium.chrome.ChromeDriver.<init>(ChromeDriver.java:168)
at org.openqa.selenium.chrome.ChromeDriver.<init>(ChromeDriver.java:157)
at com.SeleniumAssignment.tests.BaseTest.initializationBrowsers(BaseTest.java:81)
at java.base/jdk.internal.reflect.NativeMethodAccessorImpl.invoke0(Native Method)
at java.base/jdk.internal.reflect.NativeMethodAccessorImpl.invoke(NativeMethodAccessorImpl.java:62)
at java.base/jdk.internal.reflect.DelegatingMethodAccessorImpl.invoke(DelegatingMethodAccessorImpl.java:43)
at java.base/java.lang.reflect.Method.invoke(Method.java:566)
at org.testng.internal.MethodInvocationHelper.invokeMethod(MethodInvocationHelper.java:133)
at org.testng.internal.MethodInvocationHelper.invokeMethodConsideringTimeout(MethodInvocationHelper.java:62)
at org.testng.internal.ConfigInvoker.invokeConfigurationMethod(ConfigInvoker.java:385)
at org.testng.internal.ConfigInvoker.invokeConfigurations(ConfigInvoker.java:321)
at org.testng.internal.TestInvoker.runConfigMethods(TestInvoker.java:700)
at org.testng.internal.TestInvoker.invokeMethod(TestInvoker.java:527)
at org.testng.internal.TestInvoker.invokeTestMethod(TestInvoker.java:173)
at org.testng.internal.MethodRunner.runInSequence(MethodRunner.java:46)
at org.testng.internal.TestInvoker$MethodInvocationAgent.invoke(TestInvoker.java:824)
at org.testng.internal.TestInvoker.invokeTestMethods(TestInvoker.java:146)
at org.testng.internal.TestMethodWorker.invokeTestMethods(TestMethodWorker.java:146)
at org.testng.internal.TestMethodWorker.run(TestMethodWorker.java:128)
at java.base/java.util.ArrayList.forEach(ArrayList.java:1541)
at org.testng.TestRunner.privateRun(TestRunner.java:794)
at org.testng.TestRunner.run(TestRunner.java:596)
at org.testng.SuiteRunner.runTest(SuiteRunner.java:377)
at org.testng.SuiteRunner.runSequentially(SuiteRunner.java:371)
at org.testng.SuiteRunner.privateRun(SuiteRunner.java:332)
at org.testng.SuiteRunner.run(SuiteRunner.java:276)
at org.testng.SuiteRunnerWorker.runSuite(SuiteRunnerWorker.java:53)
at org.testng.SuiteRunnerWorker.run(SuiteRunnerWorker.java:96)
at org.testng.TestNG.runSuitesSequentially(TestNG.java:1212)
at org.testng.TestNG.runSuitesLocally(TestNG.java:1134)
at org.testng.TestNG.runSuites(TestNG.java:1063)
at org.testng.TestNG.run(TestNG.java:1031)
at org.testng.remote.AbstractRemoteTestNG.run(AbstractRemoteTestNG.java:115)
at org.testng.remote.RemoteTestNG.initAndRun(RemoteTestNG.java:251)
at org.testng.remote.RemoteTestNG.main(RemoteTestNG.java:77)
]]>
            </full-stacktrace>
          </exception> <!-- org.openqa.selenium.SessionNotCreatedException -->
          <reporter-output>
          </reporter-output>
        </test-method> <!-- navigationBarBestSellerClickTest -->
        <test-method is-config="true" signature="attachScreenshot(org.testng.ITestResult)[pri:0, instance:com.SeleniumAssignment.tests.HomeTest@a530d0a]" started-at="2022-02-09T18:59:26 IST" name="attachScreenshot" finished-at="1970-01-01T05:30:00 IST" duration-ms="-1644413366982" status="SKIP">
          <reporter-output>
          </reporter-output>
        </test-method> <!-- attachScreenshot -->
        <test-method is-config="true" signature="close()[pri:0, instance:com.SeleniumAssignment.tests.HomeTest@a530d0a]" started-at="2022-02-09T18:59:26 IST" name="close" finished-at="1970-01-01T05:30:00 IST" duration-ms="-1644413366983" status="SKIP">
          <reporter-output>
          </reporter-output>
        </test-method> <!-- close -->
        <test-method is-config="true" signature="initializationBrowsers(java.lang.String)[pri:0, instance:com.SeleniumAssignment.tests.HomeTest@a530d0a]" started-at="2022-02-09T18:59:26 IST" name="initializationBrowsers" finished-at="1970-01-01T05:30:00 IST" duration-ms="-1644413366984" status="SKIP">
          <reporter-output>
          </reporter-output>
        </test-method> <!-- initializationBrowsers -->
        <test-method is-config="true" signature="urlLunch()[pri:0, instance:com.SeleniumAssignment.tests.HomeTest@a530d0a]" started-at="2022-02-09T18:59:26 IST" name="urlLunch" finished-at="1970-01-01T05:30:00 IST" duration-ms="-1644413366985" status="SKIP">
          <reporter-output>
          </reporter-output>
        </test-method> <!-- urlLunch -->
        <test-method signature="navigationBarElectronicsClickTest()[pri:0, instance:com.SeleniumAssignment.tests.HomeTest@a530d0a]" started-at="2022-02-09T18:59:26 IST" name="navigationBarElectronicsClickTest" finished-at="2022-02-09T18:59:26 IST" duration-ms="0" status="SKIP">
          <exception class="org.openqa.selenium.SessionNotCreatedException">
            <message>
              <![CDATA[session not created: This version of ChromeDriver only supports Chrome version 96
Current browser version is 98.0.4758.81 with binary path C:\Program Files\Google\Chrome\Application\chrome.exe
Build info: version: '3.141.59', revision: 'e82be7d358', time: '2018-11-14T08:17:03'
System info: host: 'IN-PG02NJQY', ip: '192.168.38.148', os.name: 'Windows 10', os.arch: 'amd64', os.version: '10.0', java.version: '11.0.12'
Driver info: driver.version: ChromeDriver
remote stacktrace: Backtrace:
Ordinal0 [0x009C6903+2517251]
Ordinal0 [0x0095F8E1+2095329]
Ordinal0 [0x00862848+1058888]
Ordinal0 [0x00880B9D+1182621]
Ordinal0 [0x0087CA60+1165920]
Ordinal0 [0x0087A2CF+1155791]
Ordinal0 [0x008AAAAF+1354415]
Ordinal0 [0x008AA71A+1353498]
Ordinal0 [0x008A639B+1336219]
Ordinal0 [0x008827A7+1189799]
Ordinal0 [0x00883609+1193481]
GetHandleVerifier [0x00B55904+1577972]
GetHandleVerifier [0x00C00B97+2279047]
GetHandleVerifier [0x00A56D09+534521]
GetHandleVerifier [0x00A55DB9+530601]
Ordinal0 [0x00964FF9+2117625]
Ordinal0 [0x009698A8+2136232]
Ordinal0 [0x009699E2+2136546]
Ordinal0 [0x00973541+2176321]
BaseThreadInitThunk [0x75F1FA29+25]
RtlGetAppContainerNamedObjectPath [0x77AE7A9E+286]
RtlGetAppContainerNamedObjectPath [0x77AE7A6E+238]
]]>
            </message>
            <full-stacktrace>
              <![CDATA[org.openqa.selenium.SessionNotCreatedException: session not created: This version of ChromeDriver only supports Chrome version 96
Current browser version is 98.0.4758.81 with binary path C:\Program Files\Google\Chrome\Application\chrome.exe
Build info: version: '3.141.59', revision: 'e82be7d358', time: '2018-11-14T08:17:03'
System info: host: 'IN-PG02NJQY', ip: '192.168.38.148', os.name: 'Windows 10', os.arch: 'amd64', os.version: '10.0', java.version: '11.0.12'
Driver info: driver.version: ChromeDriver
remote stacktrace: Backtrace:
Ordinal0 [0x009C6903+2517251]
Ordinal0 [0x0095F8E1+2095329]
Ordinal0 [0x00862848+1058888]
Ordinal0 [0x00880B9D+1182621]
Ordinal0 [0x0087CA60+1165920]
Ordinal0 [0x0087A2CF+1155791]
Ordinal0 [0x008AAAAF+1354415]
Ordinal0 [0x008AA71A+1353498]
Ordinal0 [0x008A639B+1336219]
Ordinal0 [0x008827A7+1189799]
Ordinal0 [0x00883609+1193481]
GetHandleVerifier [0x00B55904+1577972]
GetHandleVerifier [0x00C00B97+2279047]
GetHandleVerifier [0x00A56D09+534521]
GetHandleVerifier [0x00A55DB9+530601]
Ordinal0 [0x00964FF9+2117625]
Ordinal0 [0x009698A8+2136232]
Ordinal0 [0x009699E2+2136546]
Ordinal0 [0x00973541+2176321]
BaseThreadInitThunk [0x75F1FA29+25]
RtlGetAppContainerNamedObjectPath [0x77AE7A9E+286]
RtlGetAppContainerNamedObjectPath [0x77AE7A6E+238]

at java.base/jdk.internal.reflect.NativeConstructorAccessorImpl.newInstance0(Native Method)
at java.base/jdk.internal.reflect.NativeConstructorAccessorImpl.newInstance(NativeConstructorAccessorImpl.java:62)
at java.base/jdk.internal.reflect.DelegatingConstructorAccessorImpl.newInstance(DelegatingConstructorAccessorImpl.java:45)
at java.base/java.lang.reflect.Constructor.newInstance(Constructor.java:490)
at org.openqa.selenium.remote.W3CHandshakeResponse.lambda$errorHandler$0(W3CHandshakeResponse.java:62)
at org.openqa.selenium.remote.HandshakeResponse.lambda$getResponseFunction$0(HandshakeResponse.java:30)
at org.openqa.selenium.remote.ProtocolHandshake.lambda$createSession$0(ProtocolHandshake.java:126)
at java.base/java.util.stream.ReferencePipeline$3$1.accept(ReferencePipeline.java:195)
at java.base/java.util.Spliterators$ArraySpliterator.tryAdvance(Spliterators.java:958)
at java.base/java.util.stream.ReferencePipeline.forEachWithCancel(ReferencePipeline.java:127)
at java.base/java.util.stream.AbstractPipeline.copyIntoWithCancel(AbstractPipeline.java:502)
at java.base/java.util.stream.AbstractPipeline.copyInto(AbstractPipeline.java:488)
at java.base/java.util.stream.AbstractPipeline.wrapAndCopyInto(AbstractPipeline.java:474)
at java.base/java.util.stream.FindOps$FindOp.evaluateSequential(FindOps.java:150)
at java.base/java.util.stream.AbstractPipeline.evaluate(AbstractPipeline.java:234)
at java.base/java.util.stream.ReferencePipeline.findFirst(ReferencePipeline.java:543)
at org.openqa.selenium.remote.ProtocolHandshake.createSession(ProtocolHandshake.java:128)
at org.openqa.selenium.remote.ProtocolHandshake.createSession(ProtocolHandshake.java:74)
at org.openqa.selenium.remote.HttpCommandExecutor.execute(HttpCommandExecutor.java:136)
at org.openqa.selenium.remote.service.DriverCommandExecutor.execute(DriverCommandExecutor.java:83)
at org.openqa.selenium.remote.RemoteWebDriver.execute(RemoteWebDriver.java:552)
at org.openqa.selenium.remote.RemoteWebDriver.startSession(RemoteWebDriver.java:213)
at org.openqa.selenium.remote.RemoteWebDriver.<init>(RemoteWebDriver.java:131)
at org.openqa.selenium.chrome.ChromeDriver.<init>(ChromeDriver.java:181)
at org.openqa.selenium.chrome.ChromeDriver.<init>(ChromeDriver.java:168)
at org.openqa.selenium.chrome.ChromeDriver.<init>(ChromeDriver.java:157)
at com.SeleniumAssignment.tests.BaseTest.initializationBrowsers(BaseTest.java:81)
at java.base/jdk.internal.reflect.NativeMethodAccessorImpl.invoke0(Native Method)
at java.base/jdk.internal.reflect.NativeMethodAccessorImpl.invoke(NativeMethodAccessorImpl.java:62)
at java.base/jdk.internal.reflect.DelegatingMethodAccessorImpl.invoke(DelegatingMethodAccessorImpl.java:43)
at java.base/java.lang.reflect.Method.invoke(Method.java:566)
at org.testng.internal.MethodInvocationHelper.invokeMethod(MethodInvocationHelper.java:133)
at org.testng.internal.MethodInvocationHelper.invokeMethodConsideringTimeout(MethodInvocationHelper.java:62)
at org.testng.internal.ConfigInvoker.invokeConfigurationMethod(ConfigInvoker.java:385)
at org.testng.internal.ConfigInvoker.invokeConfigurations(ConfigInvoker.java:321)
at org.testng.internal.TestInvoker.runConfigMethods(TestInvoker.java:700)
at org.testng.internal.TestInvoker.invokeMethod(TestInvoker.java:527)
at org.testng.internal.TestInvoker.invokeTestMethod(TestInvoker.java:173)
at org.testng.internal.MethodRunner.runInSequence(MethodRunner.java:46)
at org.testng.internal.TestInvoker$MethodInvocationAgent.invoke(TestInvoker.java:824)
at org.testng.internal.TestInvoker.invokeTestMethods(TestInvoker.java:146)
at org.testng.internal.TestMethodWorker.invokeTestMethods(TestMethodWorker.java:146)
at org.testng.internal.TestMethodWorker.run(TestMethodWorker.java:128)
at java.base/java.util.ArrayList.forEach(ArrayList.java:1541)
at org.testng.TestRunner.privateRun(TestRunner.java:794)
at org.testng.TestRunner.run(TestRunner.java:596)
at org.testng.SuiteRunner.runTest(SuiteRunner.java:377)
at org.testng.SuiteRunner.runSequentially(SuiteRunner.java:371)
at org.testng.SuiteRunner.privateRun(SuiteRunner.java:332)
at org.testng.SuiteRunner.run(SuiteRunner.java:276)
at org.testng.SuiteRunnerWorker.runSuite(SuiteRunnerWorker.java:53)
at org.testng.SuiteRunnerWorker.run(SuiteRunnerWorker.java:96)
at org.testng.TestNG.runSuitesSequentially(TestNG.java:1212)
at org.testng.TestNG.runSuitesLocally(TestNG.java:1134)
at org.testng.TestNG.runSuites(TestNG.java:1063)
at org.testng.TestNG.run(TestNG.java:1031)
at org.testng.remote.AbstractRemoteTestNG.run(AbstractRemoteTestNG.java:115)
at org.testng.remote.RemoteTestNG.initAndRun(RemoteTestNG.java:251)
at org.testng.remote.RemoteTestNG.main(RemoteTestNG.java:77)
]]>
            </full-stacktrace>
          </exception> <!-- org.openqa.selenium.SessionNotCreatedException -->
          <reporter-output>
          </reporter-output>
        </test-method> <!-- navigationBarElectronicsClickTest -->
        <test-method is-config="true" signature="attachScreenshot(org.testng.ITestResult)[pri:0, instance:com.SeleniumAssignment.tests.HomeTest@a530d0a]" started-at="2022-02-09T18:59:26 IST" name="attachScreenshot" finished-at="1970-01-01T05:30:00 IST" duration-ms="-1644413366995" status="SKIP">
          <reporter-output>
          </reporter-output>
        </test-method> <!-- attachScreenshot -->
        <test-method is-config="true" signature="close()[pri:0, instance:com.SeleniumAssignment.tests.HomeTest@a530d0a]" started-at="2022-02-09T18:59:26 IST" name="close" finished-at="1970-01-01T05:30:00 IST" duration-ms="-1644413366996" status="SKIP">
          <reporter-output>
          </reporter-output>
        </test-method> <!-- close -->
        <test-method is-config="true" signature="initializationBrowsers(java.lang.String)[pri:0, instance:com.SeleniumAssignment.tests.HomeTest@a530d0a]" started-at="2022-02-09T18:59:26 IST" name="initializationBrowsers" finished-at="1970-01-01T05:30:00 IST" duration-ms="-1644413366997" status="SKIP">
          <reporter-output>
          </reporter-output>
        </test-method> <!-- initializationBrowsers -->
        <test-method is-config="true" signature="urlLunch()[pri:0, instance:com.SeleniumAssignment.tests.HomeTest@a530d0a]" started-at="2022-02-09T18:59:26 IST" name="urlLunch" finished-at="1970-01-01T05:30:00 IST" duration-ms="-1644413366998" status="SKIP">
          <reporter-output>
          </reporter-output>
        </test-method> <!-- urlLunch -->
        <test-method signature="navigationBarFashionClickTest()[pri:0, instance:com.SeleniumAssignment.tests.HomeTest@a530d0a]" started-at="2022-02-09T18:59:26 IST" name="navigationBarFashionClickTest" finished-at="2022-02-09T18:59:26 IST" duration-ms="0" status="SKIP">
          <exception class="org.openqa.selenium.SessionNotCreatedException">
            <message>
              <![CDATA[session not created: This version of ChromeDriver only supports Chrome version 96
Current browser version is 98.0.4758.81 with binary path C:\Program Files\Google\Chrome\Application\chrome.exe
Build info: version: '3.141.59', revision: 'e82be7d358', time: '2018-11-14T08:17:03'
System info: host: 'IN-PG02NJQY', ip: '192.168.38.148', os.name: 'Windows 10', os.arch: 'amd64', os.version: '10.0', java.version: '11.0.12'
Driver info: driver.version: ChromeDriver
remote stacktrace: Backtrace:
Ordinal0 [0x009C6903+2517251]
Ordinal0 [0x0095F8E1+2095329]
Ordinal0 [0x00862848+1058888]
Ordinal0 [0x00880B9D+1182621]
Ordinal0 [0x0087CA60+1165920]
Ordinal0 [0x0087A2CF+1155791]
Ordinal0 [0x008AAAAF+1354415]
Ordinal0 [0x008AA71A+1353498]
Ordinal0 [0x008A639B+1336219]
Ordinal0 [0x008827A7+1189799]
Ordinal0 [0x00883609+1193481]
GetHandleVerifier [0x00B55904+1577972]
GetHandleVerifier [0x00C00B97+2279047]
GetHandleVerifier [0x00A56D09+534521]
GetHandleVerifier [0x00A55DB9+530601]
Ordinal0 [0x00964FF9+2117625]
Ordinal0 [0x009698A8+2136232]
Ordinal0 [0x009699E2+2136546]
Ordinal0 [0x00973541+2176321]
BaseThreadInitThunk [0x75F1FA29+25]
RtlGetAppContainerNamedObjectPath [0x77AE7A9E+286]
RtlGetAppContainerNamedObjectPath [0x77AE7A6E+238]
]]>
            </message>
            <full-stacktrace>
              <![CDATA[org.openqa.selenium.SessionNotCreatedException: session not created: This version of ChromeDriver only supports Chrome version 96
Current browser version is 98.0.4758.81 with binary path C:\Program Files\Google\Chrome\Application\chrome.exe
Build info: version: '3.141.59', revision: 'e82be7d358', time: '2018-11-14T08:17:03'
System info: host: 'IN-PG02NJQY', ip: '192.168.38.148', os.name: 'Windows 10', os.arch: 'amd64', os.version: '10.0', java.version: '11.0.12'
Driver info: driver.version: ChromeDriver
remote stacktrace: Backtrace:
Ordinal0 [0x009C6903+2517251]
Ordinal0 [0x0095F8E1+2095329]
Ordinal0 [0x00862848+1058888]
Ordinal0 [0x00880B9D+1182621]
Ordinal0 [0x0087CA60+1165920]
Ordinal0 [0x0087A2CF+1155791]
Ordinal0 [0x008AAAAF+1354415]
Ordinal0 [0x008AA71A+1353498]
Ordinal0 [0x008A639B+1336219]
Ordinal0 [0x008827A7+1189799]
Ordinal0 [0x00883609+1193481]
GetHandleVerifier [0x00B55904+1577972]
GetHandleVerifier [0x00C00B97+2279047]
GetHandleVerifier [0x00A56D09+534521]
GetHandleVerifier [0x00A55DB9+530601]
Ordinal0 [0x00964FF9+2117625]
Ordinal0 [0x009698A8+2136232]
Ordinal0 [0x009699E2+2136546]
Ordinal0 [0x00973541+2176321]
BaseThreadInitThunk [0x75F1FA29+25]
RtlGetAppContainerNamedObjectPath [0x77AE7A9E+286]
RtlGetAppContainerNamedObjectPath [0x77AE7A6E+238]

at java.base/jdk.internal.reflect.NativeConstructorAccessorImpl.newInstance0(Native Method)
at java.base/jdk.internal.reflect.NativeConstructorAccessorImpl.newInstance(NativeConstructorAccessorImpl.java:62)
at java.base/jdk.internal.reflect.DelegatingConstructorAccessorImpl.newInstance(DelegatingConstructorAccessorImpl.java:45)
at java.base/java.lang.reflect.Constructor.newInstance(Constructor.java:490)
at org.openqa.selenium.remote.W3CHandshakeResponse.lambda$errorHandler$0(W3CHandshakeResponse.java:62)
at org.openqa.selenium.remote.HandshakeResponse.lambda$getResponseFunction$0(HandshakeResponse.java:30)
at org.openqa.selenium.remote.ProtocolHandshake.lambda$createSession$0(ProtocolHandshake.java:126)
at java.base/java.util.stream.ReferencePipeline$3$1.accept(ReferencePipeline.java:195)
at java.base/java.util.Spliterators$ArraySpliterator.tryAdvance(Spliterators.java:958)
at java.base/java.util.stream.ReferencePipeline.forEachWithCancel(ReferencePipeline.java:127)
at java.base/java.util.stream.AbstractPipeline.copyIntoWithCancel(AbstractPipeline.java:502)
at java.base/java.util.stream.AbstractPipeline.copyInto(AbstractPipeline.java:488)
at java.base/java.util.stream.AbstractPipeline.wrapAndCopyInto(AbstractPipeline.java:474)
at java.base/java.util.stream.FindOps$FindOp.evaluateSequential(FindOps.java:150)
at java.base/java.util.stream.AbstractPipeline.evaluate(AbstractPipeline.java:234)
at java.base/java.util.stream.ReferencePipeline.findFirst(ReferencePipeline.java:543)
at org.openqa.selenium.remote.ProtocolHandshake.createSession(ProtocolHandshake.java:128)
at org.openqa.selenium.remote.ProtocolHandshake.createSession(ProtocolHandshake.java:74)
at org.openqa.selenium.remote.HttpCommandExecutor.execute(HttpCommandExecutor.java:136)
at org.openqa.selenium.remote.service.DriverCommandExecutor.execute(DriverCommandExecutor.java:83)
at org.openqa.selenium.remote.RemoteWebDriver.execute(RemoteWebDriver.java:552)
at org.openqa.selenium.remote.RemoteWebDriver.startSession(RemoteWebDriver.java:213)
at org.openqa.selenium.remote.RemoteWebDriver.<init>(RemoteWebDriver.java:131)
at org.openqa.selenium.chrome.ChromeDriver.<init>(ChromeDriver.java:181)
at org.openqa.selenium.chrome.ChromeDriver.<init>(ChromeDriver.java:168)
at org.openqa.selenium.chrome.ChromeDriver.<init>(ChromeDriver.java:157)
at com.SeleniumAssignment.tests.BaseTest.initializationBrowsers(BaseTest.java:81)
at java.base/jdk.internal.reflect.NativeMethodAccessorImpl.invoke0(Native Method)
at java.base/jdk.internal.reflect.NativeMethodAccessorImpl.invoke(NativeMethodAccessorImpl.java:62)
at java.base/jdk.internal.reflect.DelegatingMethodAccessorImpl.invoke(DelegatingMethodAccessorImpl.java:43)
at java.base/java.lang.reflect.Method.invoke(Method.java:566)
at org.testng.internal.MethodInvocationHelper.invokeMethod(MethodInvocationHelper.java:133)
at org.testng.internal.MethodInvocationHelper.invokeMethodConsideringTimeout(MethodInvocationHelper.java:62)
at org.testng.internal.ConfigInvoker.invokeConfigurationMethod(ConfigInvoker.java:385)
at org.testng.internal.ConfigInvoker.invokeConfigurations(ConfigInvoker.java:321)
at org.testng.internal.TestInvoker.runConfigMethods(TestInvoker.java:700)
at org.testng.internal.TestInvoker.invokeMethod(TestInvoker.java:527)
at org.testng.internal.TestInvoker.invokeTestMethod(TestInvoker.java:173)
at org.testng.internal.MethodRunner.runInSequence(MethodRunner.java:46)
at org.testng.internal.TestInvoker$MethodInvocationAgent.invoke(TestInvoker.java:824)
at org.testng.internal.TestInvoker.invokeTestMethods(TestInvoker.java:146)
at org.testng.internal.TestMethodWorker.invokeTestMethods(TestMethodWorker.java:146)
at org.testng.internal.TestMethodWorker.run(TestMethodWorker.java:128)
at java.base/java.util.ArrayList.forEach(ArrayList.java:1541)
at org.testng.TestRunner.privateRun(TestRunner.java:794)
at org.testng.TestRunner.run(TestRunner.java:596)
at org.testng.SuiteRunner.runTest(SuiteRunner.java:377)
at org.testng.SuiteRunner.runSequentially(SuiteRunner.java:371)
at org.testng.SuiteRunner.privateRun(SuiteRunner.java:332)
at org.testng.SuiteRunner.run(SuiteRunner.java:276)
at org.testng.SuiteRunnerWorker.runSuite(SuiteRunnerWorker.java:53)
at org.testng.SuiteRunnerWorker.run(SuiteRunnerWorker.java:96)
at org.testng.TestNG.runSuitesSequentially(TestNG.java:1212)
at org.testng.TestNG.runSuitesLocally(TestNG.java:1134)
at org.testng.TestNG.runSuites(TestNG.java:1063)
at org.testng.TestNG.run(TestNG.java:1031)
at org.testng.remote.AbstractRemoteTestNG.run(AbstractRemoteTestNG.java:115)
at org.testng.remote.RemoteTestNG.initAndRun(RemoteTestNG.java:251)
at org.testng.remote.RemoteTestNG.main(RemoteTestNG.java:77)
]]>
            </full-stacktrace>
          </exception> <!-- org.openqa.selenium.SessionNotCreatedException -->
          <reporter-output>
          </reporter-output>
        </test-method> <!-- navigationBarFashionClickTest -->
        <test-method is-config="true" signature="attachScreenshot(org.testng.ITestResult)[pri:0, instance:com.SeleniumAssignment.tests.HomeTest@a530d0a]" started-at="2022-02-09T18:59:27 IST" name="attachScreenshot" finished-at="1970-01-01T05:30:00 IST" duration-ms="-1644413367004" status="SKIP">
          <reporter-output>
          </reporter-output>
        </test-method> <!-- attachScreenshot -->
        <test-method is-config="true" signature="close()[pri:0, instance:com.SeleniumAssignment.tests.HomeTest@a530d0a]" started-at="2022-02-09T18:59:27 IST" name="close" finished-at="1970-01-01T05:30:00 IST" duration-ms="-1644413367005" status="SKIP">
          <reporter-output>
          </reporter-output>
        </test-method> <!-- close -->
        <test-method is-config="true" signature="initializationBrowsers(java.lang.String)[pri:0, instance:com.SeleniumAssignment.tests.HomeTest@a530d0a]" started-at="2022-02-09T18:59:27 IST" name="initializationBrowsers" finished-at="1970-01-01T05:30:00 IST" duration-ms="-1644413367006" status="SKIP">
          <reporter-output>
          </reporter-output>
        </test-method> <!-- initializationBrowsers -->
        <test-method is-config="true" signature="urlLunch()[pri:0, instance:com.SeleniumAssignment.tests.HomeTest@a530d0a]" started-at="2022-02-09T18:59:27 IST" name="urlLunch" finished-at="1970-01-01T05:30:00 IST" duration-ms="-1644413367007" status="SKIP">
          <reporter-output>
          </reporter-output>
        </test-method> <!-- urlLunch -->
        <test-method signature="navigationBarMobilesClickTest()[pri:0, instance:com.SeleniumAssignment.tests.HomeTest@a530d0a]" started-at="2022-02-09T18:59:27 IST" name="navigationBarMobilesClickTest" finished-at="2022-02-09T18:59:27 IST" duration-ms="1" status="SKIP">
          <exception class="org.openqa.selenium.SessionNotCreatedException">
            <message>
              <![CDATA[session not created: This version of ChromeDriver only supports Chrome version 96
Current browser version is 98.0.4758.81 with binary path C:\Program Files\Google\Chrome\Application\chrome.exe
Build info: version: '3.141.59', revision: 'e82be7d358', time: '2018-11-14T08:17:03'
System info: host: 'IN-PG02NJQY', ip: '192.168.38.148', os.name: 'Windows 10', os.arch: 'amd64', os.version: '10.0', java.version: '11.0.12'
Driver info: driver.version: ChromeDriver
remote stacktrace: Backtrace:
Ordinal0 [0x009C6903+2517251]
Ordinal0 [0x0095F8E1+2095329]
Ordinal0 [0x00862848+1058888]
Ordinal0 [0x00880B9D+1182621]
Ordinal0 [0x0087CA60+1165920]
Ordinal0 [0x0087A2CF+1155791]
Ordinal0 [0x008AAAAF+1354415]
Ordinal0 [0x008AA71A+1353498]
Ordinal0 [0x008A639B+1336219]
Ordinal0 [0x008827A7+1189799]
Ordinal0 [0x00883609+1193481]
GetHandleVerifier [0x00B55904+1577972]
GetHandleVerifier [0x00C00B97+2279047]
GetHandleVerifier [0x00A56D09+534521]
GetHandleVerifier [0x00A55DB9+530601]
Ordinal0 [0x00964FF9+2117625]
Ordinal0 [0x009698A8+2136232]
Ordinal0 [0x009699E2+2136546]
Ordinal0 [0x00973541+2176321]
BaseThreadInitThunk [0x75F1FA29+25]
RtlGetAppContainerNamedObjectPath [0x77AE7A9E+286]
RtlGetAppContainerNamedObjectPath [0x77AE7A6E+238]
]]>
            </message>
            <full-stacktrace>
              <![CDATA[org.openqa.selenium.SessionNotCreatedException: session not created: This version of ChromeDriver only supports Chrome version 96
Current browser version is 98.0.4758.81 with binary path C:\Program Files\Google\Chrome\Application\chrome.exe
Build info: version: '3.141.59', revision: 'e82be7d358', time: '2018-11-14T08:17:03'
System info: host: 'IN-PG02NJQY', ip: '192.168.38.148', os.name: 'Windows 10', os.arch: 'amd64', os.version: '10.0', java.version: '11.0.12'
Driver info: driver.version: ChromeDriver
remote stacktrace: Backtrace:
Ordinal0 [0x009C6903+2517251]
Ordinal0 [0x0095F8E1+2095329]
Ordinal0 [0x00862848+1058888]
Ordinal0 [0x00880B9D+1182621]
Ordinal0 [0x0087CA60+1165920]
Ordinal0 [0x0087A2CF+1155791]
Ordinal0 [0x008AAAAF+1354415]
Ordinal0 [0x008AA71A+1353498]
Ordinal0 [0x008A639B+1336219]
Ordinal0 [0x008827A7+1189799]
Ordinal0 [0x00883609+1193481]
GetHandleVerifier [0x00B55904+1577972]
GetHandleVerifier [0x00C00B97+2279047]
GetHandleVerifier [0x00A56D09+534521]
GetHandleVerifier [0x00A55DB9+530601]
Ordinal0 [0x00964FF9+2117625]
Ordinal0 [0x009698A8+2136232]
Ordinal0 [0x009699E2+2136546]
Ordinal0 [0x00973541+2176321]
BaseThreadInitThunk [0x75F1FA29+25]
RtlGetAppContainerNamedObjectPath [0x77AE7A9E+286]
RtlGetAppContainerNamedObjectPath [0x77AE7A6E+238]

at java.base/jdk.internal.reflect.NativeConstructorAccessorImpl.newInstance0(Native Method)
at java.base/jdk.internal.reflect.NativeConstructorAccessorImpl.newInstance(NativeConstructorAccessorImpl.java:62)
at java.base/jdk.internal.reflect.DelegatingConstructorAccessorImpl.newInstance(DelegatingConstructorAccessorImpl.java:45)
at java.base/java.lang.reflect.Constructor.newInstance(Constructor.java:490)
at org.openqa.selenium.remote.W3CHandshakeResponse.lambda$errorHandler$0(W3CHandshakeResponse.java:62)
at org.openqa.selenium.remote.HandshakeResponse.lambda$getResponseFunction$0(HandshakeResponse.java:30)
at org.openqa.selenium.remote.ProtocolHandshake.lambda$createSession$0(ProtocolHandshake.java:126)
at java.base/java.util.stream.ReferencePipeline$3$1.accept(ReferencePipeline.java:195)
at java.base/java.util.Spliterators$ArraySpliterator.tryAdvance(Spliterators.java:958)
at java.base/java.util.stream.ReferencePipeline.forEachWithCancel(ReferencePipeline.java:127)
at java.base/java.util.stream.AbstractPipeline.copyIntoWithCancel(AbstractPipeline.java:502)
at java.base/java.util.stream.AbstractPipeline.copyInto(AbstractPipeline.java:488)
at java.base/java.util.stream.AbstractPipeline.wrapAndCopyInto(AbstractPipeline.java:474)
at java.base/java.util.stream.FindOps$FindOp.evaluateSequential(FindOps.java:150)
at java.base/java.util.stream.AbstractPipeline.evaluate(AbstractPipeline.java:234)
at java.base/java.util.stream.ReferencePipeline.findFirst(ReferencePipeline.java:543)
at org.openqa.selenium.remote.ProtocolHandshake.createSession(ProtocolHandshake.java:128)
at org.openqa.selenium.remote.ProtocolHandshake.createSession(ProtocolHandshake.java:74)
at org.openqa.selenium.remote.HttpCommandExecutor.execute(HttpCommandExecutor.java:136)
at org.openqa.selenium.remote.service.DriverCommandExecutor.execute(DriverCommandExecutor.java:83)
at org.openqa.selenium.remote.RemoteWebDriver.execute(RemoteWebDriver.java:552)
at org.openqa.selenium.remote.RemoteWebDriver.startSession(RemoteWebDriver.java:213)
at org.openqa.selenium.remote.RemoteWebDriver.<init>(RemoteWebDriver.java:131)
at org.openqa.selenium.chrome.ChromeDriver.<init>(ChromeDriver.java:181)
at org.openqa.selenium.chrome.ChromeDriver.<init>(ChromeDriver.java:168)
at org.openqa.selenium.chrome.ChromeDriver.<init>(ChromeDriver.java:157)
at com.SeleniumAssignment.tests.BaseTest.initializationBrowsers(BaseTest.java:81)
at java.base/jdk.internal.reflect.NativeMethodAccessorImpl.invoke0(Native Method)
at java.base/jdk.internal.reflect.NativeMethodAccessorImpl.invoke(NativeMethodAccessorImpl.java:62)
at java.base/jdk.internal.reflect.DelegatingMethodAccessorImpl.invoke(DelegatingMethodAccessorImpl.java:43)
at java.base/java.lang.reflect.Method.invoke(Method.java:566)
at org.testng.internal.MethodInvocationHelper.invokeMethod(MethodInvocationHelper.java:133)
at org.testng.internal.MethodInvocationHelper.invokeMethodConsideringTimeout(MethodInvocationHelper.java:62)
at org.testng.internal.ConfigInvoker.invokeConfigurationMethod(ConfigInvoker.java:385)
at org.testng.internal.ConfigInvoker.invokeConfigurations(ConfigInvoker.java:321)
at org.testng.internal.TestInvoker.runConfigMethods(TestInvoker.java:700)
at org.testng.internal.TestInvoker.invokeMethod(TestInvoker.java:527)
at org.testng.internal.TestInvoker.invokeTestMethod(TestInvoker.java:173)
at org.testng.internal.MethodRunner.runInSequence(MethodRunner.java:46)
at org.testng.internal.TestInvoker$MethodInvocationAgent.invoke(TestInvoker.java:824)
at org.testng.internal.TestInvoker.invokeTestMethods(TestInvoker.java:146)
at org.testng.internal.TestMethodWorker.invokeTestMethods(TestMethodWorker.java:146)
at org.testng.internal.TestMethodWorker.run(TestMethodWorker.java:128)
at java.base/java.util.ArrayList.forEach(ArrayList.java:1541)
at org.testng.TestRunner.privateRun(TestRunner.java:794)
at org.testng.TestRunner.run(TestRunner.java:596)
at org.testng.SuiteRunner.runTest(SuiteRunner.java:377)
at org.testng.SuiteRunner.runSequentially(SuiteRunner.java:371)
at org.testng.SuiteRunner.privateRun(SuiteRunner.java:332)
at org.testng.SuiteRunner.run(SuiteRunner.java:276)
at org.testng.SuiteRunnerWorker.runSuite(SuiteRunnerWorker.java:53)
at org.testng.SuiteRunnerWorker.run(SuiteRunnerWorker.java:96)
at org.testng.TestNG.runSuitesSequentially(TestNG.java:1212)
at org.testng.TestNG.runSuitesLocally(TestNG.java:1134)
at org.testng.TestNG.runSuites(TestNG.java:1063)
at org.testng.TestNG.run(TestNG.java:1031)
at org.testng.remote.AbstractRemoteTestNG.run(AbstractRemoteTestNG.java:115)
at org.testng.remote.RemoteTestNG.initAndRun(RemoteTestNG.java:251)
at org.testng.remote.RemoteTestNG.main(RemoteTestNG.java:77)
]]>
            </full-stacktrace>
          </exception> <!-- org.openqa.selenium.SessionNotCreatedException -->
          <reporter-output>
          </reporter-output>
        </test-method> <!-- navigationBarMobilesClickTest -->
        <test-method is-config="true" signature="attachScreenshot(org.testng.ITestResult)[pri:0, instance:com.SeleniumAssignment.tests.HomeTest@a530d0a]" started-at="2022-02-09T18:59:27 IST" name="attachScreenshot" finished-at="1970-01-01T05:30:00 IST" duration-ms="-1644413367012" status="SKIP">
          <reporter-output>
          </reporter-output>
        </test-method> <!-- attachScreenshot -->
        <test-method is-config="true" signature="close()[pri:0, instance:com.SeleniumAssignment.tests.HomeTest@a530d0a]" started-at="2022-02-09T18:59:27 IST" name="close" finished-at="1970-01-01T05:30:00 IST" duration-ms="-1644413367013" status="SKIP">
          <reporter-output>
          </reporter-output>
        </test-method> <!-- close -->
        <test-method is-config="true" signature="initializationBrowsers(java.lang.String)[pri:0, instance:com.SeleniumAssignment.tests.HomeTest@a530d0a]" started-at="2022-02-09T18:59:27 IST" name="initializationBrowsers" finished-at="1970-01-01T05:30:00 IST" duration-ms="-1644413367014" status="SKIP">
          <reporter-output>
          </reporter-output>
        </test-method> <!-- initializationBrowsers -->
        <test-method is-config="true" signature="urlLunch()[pri:0, instance:com.SeleniumAssignment.tests.HomeTest@a530d0a]" started-at="2022-02-09T18:59:27 IST" name="urlLunch" finished-at="1970-01-01T05:30:00 IST" duration-ms="-1644413367016" status="SKIP">
          <reporter-output>
          </reporter-output>
        </test-method> <!-- urlLunch -->
        <test-method signature="navigationBarPrimeClickTest()[pri:0, instance:com.SeleniumAssignment.tests.HomeTest@a530d0a]" started-at="2022-02-09T18:59:27 IST" name="navigationBarPrimeClickTest" finished-at="2022-02-09T18:59:27 IST" duration-ms="1" status="SKIP">
          <exception class="org.openqa.selenium.SessionNotCreatedException">
            <message>
              <![CDATA[session not created: This version of ChromeDriver only supports Chrome version 96
Current browser version is 98.0.4758.81 with binary path C:\Program Files\Google\Chrome\Application\chrome.exe
Build info: version: '3.141.59', revision: 'e82be7d358', time: '2018-11-14T08:17:03'
System info: host: 'IN-PG02NJQY', ip: '192.168.38.148', os.name: 'Windows 10', os.arch: 'amd64', os.version: '10.0', java.version: '11.0.12'
Driver info: driver.version: ChromeDriver
remote stacktrace: Backtrace:
Ordinal0 [0x009C6903+2517251]
Ordinal0 [0x0095F8E1+2095329]
Ordinal0 [0x00862848+1058888]
Ordinal0 [0x00880B9D+1182621]
Ordinal0 [0x0087CA60+1165920]
Ordinal0 [0x0087A2CF+1155791]
Ordinal0 [0x008AAAAF+1354415]
Ordinal0 [0x008AA71A+1353498]
Ordinal0 [0x008A639B+1336219]
Ordinal0 [0x008827A7+1189799]
Ordinal0 [0x00883609+1193481]
GetHandleVerifier [0x00B55904+1577972]
GetHandleVerifier [0x00C00B97+2279047]
GetHandleVerifier [0x00A56D09+534521]
GetHandleVerifier [0x00A55DB9+530601]
Ordinal0 [0x00964FF9+2117625]
Ordinal0 [0x009698A8+2136232]
Ordinal0 [0x009699E2+2136546]
Ordinal0 [0x00973541+2176321]
BaseThreadInitThunk [0x75F1FA29+25]
RtlGetAppContainerNamedObjectPath [0x77AE7A9E+286]
RtlGetAppContainerNamedObjectPath [0x77AE7A6E+238]
]]>
            </message>
            <full-stacktrace>
              <![CDATA[org.openqa.selenium.SessionNotCreatedException: session not created: This version of ChromeDriver only supports Chrome version 96
Current browser version is 98.0.4758.81 with binary path C:\Program Files\Google\Chrome\Application\chrome.exe
Build info: version: '3.141.59', revision: 'e82be7d358', time: '2018-11-14T08:17:03'
System info: host: 'IN-PG02NJQY', ip: '192.168.38.148', os.name: 'Windows 10', os.arch: 'amd64', os.version: '10.0', java.version: '11.0.12'
Driver info: driver.version: ChromeDriver
remote stacktrace: Backtrace:
Ordinal0 [0x009C6903+2517251]
Ordinal0 [0x0095F8E1+2095329]
Ordinal0 [0x00862848+1058888]
Ordinal0 [0x00880B9D+1182621]
Ordinal0 [0x0087CA60+1165920]
Ordinal0 [0x0087A2CF+1155791]
Ordinal0 [0x008AAAAF+1354415]
Ordinal0 [0x008AA71A+1353498]
Ordinal0 [0x008A639B+1336219]
Ordinal0 [0x008827A7+1189799]
Ordinal0 [0x00883609+1193481]
GetHandleVerifier [0x00B55904+1577972]
GetHandleVerifier [0x00C00B97+2279047]
GetHandleVerifier [0x00A56D09+534521]
GetHandleVerifier [0x00A55DB9+530601]
Ordinal0 [0x00964FF9+2117625]
Ordinal0 [0x009698A8+2136232]
Ordinal0 [0x009699E2+2136546]
Ordinal0 [0x00973541+2176321]
BaseThreadInitThunk [0x75F1FA29+25]
RtlGetAppContainerNamedObjectPath [0x77AE7A9E+286]
RtlGetAppContainerNamedObjectPath [0x77AE7A6E+238]

at java.base/jdk.internal.reflect.NativeConstructorAccessorImpl.newInstance0(Native Method)
at java.base/jdk.internal.reflect.NativeConstructorAccessorImpl.newInstance(NativeConstructorAccessorImpl.java:62)
at java.base/jdk.internal.reflect.DelegatingConstructorAccessorImpl.newInstance(DelegatingConstructorAccessorImpl.java:45)
at java.base/java.lang.reflect.Constructor.newInstance(Constructor.java:490)
at org.openqa.selenium.remote.W3CHandshakeResponse.lambda$errorHandler$0(W3CHandshakeResponse.java:62)
at org.openqa.selenium.remote.HandshakeResponse.lambda$getResponseFunction$0(HandshakeResponse.java:30)
at org.openqa.selenium.remote.ProtocolHandshake.lambda$createSession$0(ProtocolHandshake.java:126)
at java.base/java.util.stream.ReferencePipeline$3$1.accept(ReferencePipeline.java:195)
at java.base/java.util.Spliterators$ArraySpliterator.tryAdvance(Spliterators.java:958)
at java.base/java.util.stream.ReferencePipeline.forEachWithCancel(ReferencePipeline.java:127)
at java.base/java.util.stream.AbstractPipeline.copyIntoWithCancel(AbstractPipeline.java:502)
at java.base/java.util.stream.AbstractPipeline.copyInto(AbstractPipeline.java:488)
at java.base/java.util.stream.AbstractPipeline.wrapAndCopyInto(AbstractPipeline.java:474)
at java.base/java.util.stream.FindOps$FindOp.evaluateSequential(FindOps.java:150)
at java.base/java.util.stream.AbstractPipeline.evaluate(AbstractPipeline.java:234)
at java.base/java.util.stream.ReferencePipeline.findFirst(ReferencePipeline.java:543)
at org.openqa.selenium.remote.ProtocolHandshake.createSession(ProtocolHandshake.java:128)
at org.openqa.selenium.remote.ProtocolHandshake.createSession(ProtocolHandshake.java:74)
at org.openqa.selenium.remote.HttpCommandExecutor.execute(HttpCommandExecutor.java:136)
at org.openqa.selenium.remote.service.DriverCommandExecutor.execute(DriverCommandExecutor.java:83)
at org.openqa.selenium.remote.RemoteWebDriver.execute(RemoteWebDriver.java:552)
at org.openqa.selenium.remote.RemoteWebDriver.startSession(RemoteWebDriver.java:213)
at org.openqa.selenium.remote.RemoteWebDriver.<init>(RemoteWebDriver.java:131)
at org.openqa.selenium.chrome.ChromeDriver.<init>(ChromeDriver.java:181)
at org.openqa.selenium.chrome.ChromeDriver.<init>(ChromeDriver.java:168)
at org.openqa.selenium.chrome.ChromeDriver.<init>(ChromeDriver.java:157)
at com.SeleniumAssignment.tests.BaseTest.initializationBrowsers(BaseTest.java:81)
at java.base/jdk.internal.reflect.NativeMethodAccessorImpl.invoke0(Native Method)
at java.base/jdk.internal.reflect.NativeMethodAccessorImpl.invoke(NativeMethodAccessorImpl.java:62)
at java.base/jdk.internal.reflect.DelegatingMethodAccessorImpl.invoke(DelegatingMethodAccessorImpl.java:43)
at java.base/java.lang.reflect.Method.invoke(Method.java:566)
at org.testng.internal.MethodInvocationHelper.invokeMethod(MethodInvocationHelper.java:133)
at org.testng.internal.MethodInvocationHelper.invokeMethodConsideringTimeout(MethodInvocationHelper.java:62)
at org.testng.internal.ConfigInvoker.invokeConfigurationMethod(ConfigInvoker.java:385)
at org.testng.internal.ConfigInvoker.invokeConfigurations(ConfigInvoker.java:321)
at org.testng.internal.TestInvoker.runConfigMethods(TestInvoker.java:700)
at org.testng.internal.TestInvoker.invokeMethod(TestInvoker.java:527)
at org.testng.internal.TestInvoker.invokeTestMethod(TestInvoker.java:173)
at org.testng.internal.MethodRunner.runInSequence(MethodRunner.java:46)
at org.testng.internal.TestInvoker$MethodInvocationAgent.invoke(TestInvoker.java:824)
at org.testng.internal.TestInvoker.invokeTestMethods(TestInvoker.java:146)
at org.testng.internal.TestMethodWorker.invokeTestMethods(TestMethodWorker.java:146)
at org.testng.internal.TestMethodWorker.run(TestMethodWorker.java:128)
at java.base/java.util.ArrayList.forEach(ArrayList.java:1541)
at org.testng.TestRunner.privateRun(TestRunner.java:794)
at org.testng.TestRunner.run(TestRunner.java:596)
at org.testng.SuiteRunner.runTest(SuiteRunner.java:377)
at org.testng.SuiteRunner.runSequentially(SuiteRunner.java:371)
at org.testng.SuiteRunner.privateRun(SuiteRunner.java:332)
at org.testng.SuiteRunner.run(SuiteRunner.java:276)
at org.testng.SuiteRunnerWorker.runSuite(SuiteRunnerWorker.java:53)
at org.testng.SuiteRunnerWorker.run(SuiteRunnerWorker.java:96)
at org.testng.TestNG.runSuitesSequentially(TestNG.java:1212)
at org.testng.TestNG.runSuitesLocally(TestNG.java:1134)
at org.testng.TestNG.runSuites(TestNG.java:1063)
at org.testng.TestNG.run(TestNG.java:1031)
at org.testng.remote.AbstractRemoteTestNG.run(AbstractRemoteTestNG.java:115)
at org.testng.remote.RemoteTestNG.initAndRun(RemoteTestNG.java:251)
at org.testng.remote.RemoteTestNG.main(RemoteTestNG.java:77)
]]>
            </full-stacktrace>
          </exception> <!-- org.openqa.selenium.SessionNotCreatedException -->
          <reporter-output>
          </reporter-output>
        </test-method> <!-- navigationBarPrimeClickTest -->
        <test-method is-config="true" signature="attachScreenshot(org.testng.ITestResult)[pri:0, instance:com.SeleniumAssignment.tests.HomeTest@a530d0a]" started-at="2022-02-09T18:59:27 IST" name="attachScreenshot" finished-at="1970-01-01T05:30:00 IST" duration-ms="-1644413367022" status="SKIP">
          <reporter-output>
          </reporter-output>
        </test-method> <!-- attachScreenshot -->
        <test-method is-config="true" signature="close()[pri:0, instance:com.SeleniumAssignment.tests.HomeTest@a530d0a]" started-at="2022-02-09T18:59:27 IST" name="close" finished-at="1970-01-01T05:30:00 IST" duration-ms="-1644413367023" status="SKIP">
          <reporter-output>
          </reporter-output>
        </test-method> <!-- close -->
        <test-method is-config="true" signature="endTest()[pri:0, instance:com.SeleniumAssignment.tests.HomeTest@a530d0a]" started-at="2022-02-09T18:59:29 IST" name="endTest" finished-at="2022-02-09T18:59:29 IST" duration-ms="264" status="PASS">
          <reporter-output>
          </reporter-output>
        </test-method> <!-- endTest -->
      </class> <!-- com.SeleniumAssignment.tests.HomeTest -->
      <class name="com.SeleniumAssignment.tests.CareersTest">
        <test-method is-config="true" signature="initializationBrowsers(java.lang.String)[pri:0, instance:com.SeleniumAssignment.tests.CareersTest@f5acb9d]" started-at="2022-02-09T18:59:27 IST" name="initializationBrowsers" finished-at="2022-02-09T18:59:28 IST" duration-ms="1276" status="FAIL">
          <params>
            <param index="0">
              <value>
                <![CDATA[chrome]]>
              </value>
            </param>
          </params>
          <exception class="org.openqa.selenium.SessionNotCreatedException">
            <message>
              <![CDATA[session not created: This version of ChromeDriver only supports Chrome version 96
Current browser version is 98.0.4758.81 with binary path C:\Program Files\Google\Chrome\Application\chrome.exe
Build info: version: '3.141.59', revision: 'e82be7d358', time: '2018-11-14T08:17:03'
System info: host: 'IN-PG02NJQY', ip: '192.168.38.148', os.name: 'Windows 10', os.arch: 'amd64', os.version: '10.0', java.version: '11.0.12'
Driver info: driver.version: ChromeDriver
remote stacktrace: Backtrace:
Ordinal0 [0x009C6903+2517251]
Ordinal0 [0x0095F8E1+2095329]
Ordinal0 [0x00862848+1058888]
Ordinal0 [0x00880B9D+1182621]
Ordinal0 [0x0087CA60+1165920]
Ordinal0 [0x0087A2CF+1155791]
Ordinal0 [0x008AAAAF+1354415]
Ordinal0 [0x008AA71A+1353498]
Ordinal0 [0x008A639B+1336219]
Ordinal0 [0x008827A7+1189799]
Ordinal0 [0x00883609+1193481]
GetHandleVerifier [0x00B55904+1577972]
GetHandleVerifier [0x00C00B97+2279047]
GetHandleVerifier [0x00A56D09+534521]
GetHandleVerifier [0x00A55DB9+530601]
Ordinal0 [0x00964FF9+2117625]
Ordinal0 [0x009698A8+2136232]
Ordinal0 [0x009699E2+2136546]
Ordinal0 [0x00973541+2176321]
BaseThreadInitThunk [0x75F1FA29+25]
RtlGetAppContainerNamedObjectPath [0x77AE7A9E+286]
RtlGetAppContainerNamedObjectPath [0x77AE7A6E+238]
]]>
            </message>
            <full-stacktrace>
              <![CDATA[org.openqa.selenium.SessionNotCreatedException: session not created: This version of ChromeDriver only supports Chrome version 96
Current browser version is 98.0.4758.81 with binary path C:\Program Files\Google\Chrome\Application\chrome.exe
Build info: version: '3.141.59', revision: 'e82be7d358', time: '2018-11-14T08:17:03'
System info: host: 'IN-PG02NJQY', ip: '192.168.38.148', os.name: 'Windows 10', os.arch: 'amd64', os.version: '10.0', java.version: '11.0.12'
Driver info: driver.version: ChromeDriver
remote stacktrace: Backtrace:
Ordinal0 [0x009C6903+2517251]
Ordinal0 [0x0095F8E1+2095329]
Ordinal0 [0x00862848+1058888]
Ordinal0 [0x00880B9D+1182621]
Ordinal0 [0x0087CA60+1165920]
Ordinal0 [0x0087A2CF+1155791]
Ordinal0 [0x008AAAAF+1354415]
Ordinal0 [0x008AA71A+1353498]
Ordinal0 [0x008A639B+1336219]
Ordinal0 [0x008827A7+1189799]
Ordinal0 [0x00883609+1193481]
GetHandleVerifier [0x00B55904+1577972]
GetHandleVerifier [0x00C00B97+2279047]
GetHandleVerifier [0x00A56D09+534521]
GetHandleVerifier [0x00A55DB9+530601]
Ordinal0 [0x00964FF9+2117625]
Ordinal0 [0x009698A8+2136232]
Ordinal0 [0x009699E2+2136546]
Ordinal0 [0x00973541+2176321]
BaseThreadInitThunk [0x75F1FA29+25]
RtlGetAppContainerNamedObjectPath [0x77AE7A9E+286]
RtlGetAppContainerNamedObjectPath [0x77AE7A6E+238]

at java.base/jdk.internal.reflect.NativeConstructorAccessorImpl.newInstance0(Native Method)
at java.base/jdk.internal.reflect.NativeConstructorAccessorImpl.newInstance(NativeConstructorAccessorImpl.java:62)
at java.base/jdk.internal.reflect.DelegatingConstructorAccessorImpl.newInstance(DelegatingConstructorAccessorImpl.java:45)
at java.base/java.lang.reflect.Constructor.newInstance(Constructor.java:490)
at org.openqa.selenium.remote.W3CHandshakeResponse.lambda$errorHandler$0(W3CHandshakeResponse.java:62)
at org.openqa.selenium.remote.HandshakeResponse.lambda$getResponseFunction$0(HandshakeResponse.java:30)
at org.openqa.selenium.remote.ProtocolHandshake.lambda$createSession$0(ProtocolHandshake.java:126)
at java.base/java.util.stream.ReferencePipeline$3$1.accept(ReferencePipeline.java:195)
at java.base/java.util.Spliterators$ArraySpliterator.tryAdvance(Spliterators.java:958)
at java.base/java.util.stream.ReferencePipeline.forEachWithCancel(ReferencePipeline.java:127)
at java.base/java.util.stream.AbstractPipeline.copyIntoWithCancel(AbstractPipeline.java:502)
at java.base/java.util.stream.AbstractPipeline.copyInto(AbstractPipeline.java:488)
at java.base/java.util.stream.AbstractPipeline.wrapAndCopyInto(AbstractPipeline.java:474)
at java.base/java.util.stream.FindOps$FindOp.evaluateSequential(FindOps.java:150)
at java.base/java.util.stream.AbstractPipeline.evaluate(AbstractPipeline.java:234)
at java.base/java.util.stream.ReferencePipeline.findFirst(ReferencePipeline.java:543)
at org.openqa.selenium.remote.ProtocolHandshake.createSession(ProtocolHandshake.java:128)
at org.openqa.selenium.remote.ProtocolHandshake.createSession(ProtocolHandshake.java:74)
at org.openqa.selenium.remote.HttpCommandExecutor.execute(HttpCommandExecutor.java:136)
at org.openqa.selenium.remote.service.DriverCommandExecutor.execute(DriverCommandExecutor.java:83)
at org.openqa.selenium.remote.RemoteWebDriver.execute(RemoteWebDriver.java:552)
at org.openqa.selenium.remote.RemoteWebDriver.startSession(RemoteWebDriver.java:213)
at org.openqa.selenium.remote.RemoteWebDriver.<init>(RemoteWebDriver.java:131)
at org.openqa.selenium.chrome.ChromeDriver.<init>(ChromeDriver.java:181)
at org.openqa.selenium.chrome.ChromeDriver.<init>(ChromeDriver.java:168)
at org.openqa.selenium.chrome.ChromeDriver.<init>(ChromeDriver.java:157)
at com.SeleniumAssignment.tests.BaseTest.initializationBrowsers(BaseTest.java:81)
at java.base/jdk.internal.reflect.NativeMethodAccessorImpl.invoke0(Native Method)
at java.base/jdk.internal.reflect.NativeMethodAccessorImpl.invoke(NativeMethodAccessorImpl.java:62)
at java.base/jdk.internal.reflect.DelegatingMethodAccessorImpl.invoke(DelegatingMethodAccessorImpl.java:43)
at java.base/java.lang.reflect.Method.invoke(Method.java:566)
at org.testng.internal.MethodInvocationHelper.invokeMethod(MethodInvocationHelper.java:133)
at org.testng.internal.MethodInvocationHelper.invokeMethodConsideringTimeout(MethodInvocationHelper.java:62)
at org.testng.internal.ConfigInvoker.invokeConfigurationMethod(ConfigInvoker.java:385)
at org.testng.internal.ConfigInvoker.invokeConfigurations(ConfigInvoker.java:321)
at org.testng.internal.TestInvoker.runConfigMethods(TestInvoker.java:700)
at org.testng.internal.TestInvoker.invokeMethod(TestInvoker.java:527)
at org.testng.internal.TestInvoker.invokeTestMethod(TestInvoker.java:173)
at org.testng.internal.MethodRunner.runInSequence(MethodRunner.java:46)
at org.testng.internal.TestInvoker$MethodInvocationAgent.invoke(TestInvoker.java:824)
at org.testng.internal.TestInvoker.invokeTestMethods(TestInvoker.java:146)
at org.testng.internal.TestMethodWorker.invokeTestMethods(TestMethodWorker.java:146)
at org.testng.internal.TestMethodWorker.run(TestMethodWorker.java:128)
at java.base/java.util.ArrayList.forEach(ArrayList.java:1541)
at org.testng.TestRunner.privateRun(TestRunner.java:794)
at org.testng.TestRunner.run(TestRunner.java:596)
at org.testng.SuiteRunner.runTest(SuiteRunner.java:377)
at org.testng.SuiteRunner.runSequentially(SuiteRunner.java:371)
at org.testng.SuiteRunner.privateRun(SuiteRunner.java:332)
at org.testng.SuiteRunner.run(SuiteRunner.java:276)
at org.testng.SuiteRunnerWorker.runSuite(SuiteRunnerWorker.java:53)
at org.testng.SuiteRunnerWorker.run(SuiteRunnerWorker.java:96)
at org.testng.TestNG.runSuitesSequentially(TestNG.java:1212)
at org.testng.TestNG.runSuitesLocally(TestNG.java:1134)
at org.testng.TestNG.runSuites(TestNG.java:1063)
at org.testng.TestNG.run(TestNG.java:1031)
at org.testng.remote.AbstractRemoteTestNG.run(AbstractRemoteTestNG.java:115)
at org.testng.remote.RemoteTestNG.initAndRun(RemoteTestNG.java:251)
at org.testng.remote.RemoteTestNG.main(RemoteTestNG.java:77)
]]>
            </full-stacktrace>
          </exception> <!-- org.openqa.selenium.SessionNotCreatedException -->
          <reporter-output>
          </reporter-output>
        </test-method> <!-- initializationBrowsers -->
        <test-method is-config="true" signature="urlLunch()[pri:0, instance:com.SeleniumAssignment.tests.CareersTest@f5acb9d]" started-at="2022-02-09T18:59:28 IST" name="urlLunch" finished-at="1970-01-01T05:30:00 IST" duration-ms="-1644413368310" status="SKIP">
          <reporter-output>
          </reporter-output>
        </test-method> <!-- urlLunch -->
        <test-method signature="careersSearchJobTest()[pri:0, instance:com.SeleniumAssignment.tests.CareersTest@f5acb9d]" started-at="2022-02-09T18:59:28 IST" name="careersSearchJobTest" finished-at="2022-02-09T18:59:28 IST" duration-ms="0" status="SKIP">
          <exception class="org.openqa.selenium.SessionNotCreatedException">
            <message>
              <![CDATA[session not created: This version of ChromeDriver only supports Chrome version 96
Current browser version is 98.0.4758.81 with binary path C:\Program Files\Google\Chrome\Application\chrome.exe
Build info: version: '3.141.59', revision: 'e82be7d358', time: '2018-11-14T08:17:03'
System info: host: 'IN-PG02NJQY', ip: '192.168.38.148', os.name: 'Windows 10', os.arch: 'amd64', os.version: '10.0', java.version: '11.0.12'
Driver info: driver.version: ChromeDriver
remote stacktrace: Backtrace:
Ordinal0 [0x009C6903+2517251]
Ordinal0 [0x0095F8E1+2095329]
Ordinal0 [0x00862848+1058888]
Ordinal0 [0x00880B9D+1182621]
Ordinal0 [0x0087CA60+1165920]
Ordinal0 [0x0087A2CF+1155791]
Ordinal0 [0x008AAAAF+1354415]
Ordinal0 [0x008AA71A+1353498]
Ordinal0 [0x008A639B+1336219]
Ordinal0 [0x008827A7+1189799]
Ordinal0 [0x00883609+1193481]
GetHandleVerifier [0x00B55904+1577972]
GetHandleVerifier [0x00C00B97+2279047]
GetHandleVerifier [0x00A56D09+534521]
GetHandleVerifier [0x00A55DB9+530601]
Ordinal0 [0x00964FF9+2117625]
Ordinal0 [0x009698A8+2136232]
Ordinal0 [0x009699E2+2136546]
Ordinal0 [0x00973541+2176321]
BaseThreadInitThunk [0x75F1FA29+25]
RtlGetAppContainerNamedObjectPath [0x77AE7A9E+286]
RtlGetAppContainerNamedObjectPath [0x77AE7A6E+238]
]]>
            </message>
            <full-stacktrace>
              <![CDATA[org.openqa.selenium.SessionNotCreatedException: session not created: This version of ChromeDriver only supports Chrome version 96
Current browser version is 98.0.4758.81 with binary path C:\Program Files\Google\Chrome\Application\chrome.exe
Build info: version: '3.141.59', revision: 'e82be7d358', time: '2018-11-14T08:17:03'
System info: host: 'IN-PG02NJQY', ip: '192.168.38.148', os.name: 'Windows 10', os.arch: 'amd64', os.version: '10.0', java.version: '11.0.12'
Driver info: driver.version: ChromeDriver
remote stacktrace: Backtrace:
Ordinal0 [0x009C6903+2517251]
Ordinal0 [0x0095F8E1+2095329]
Ordinal0 [0x00862848+1058888]
Ordinal0 [0x00880B9D+1182621]
Ordinal0 [0x0087CA60+1165920]
Ordinal0 [0x0087A2CF+1155791]
Ordinal0 [0x008AAAAF+1354415]
Ordinal0 [0x008AA71A+1353498]
Ordinal0 [0x008A639B+1336219]
Ordinal0 [0x008827A7+1189799]
Ordinal0 [0x00883609+1193481]
GetHandleVerifier [0x00B55904+1577972]
GetHandleVerifier [0x00C00B97+2279047]
GetHandleVerifier [0x00A56D09+534521]
GetHandleVerifier [0x00A55DB9+530601]
Ordinal0 [0x00964FF9+2117625]
Ordinal0 [0x009698A8+2136232]
Ordinal0 [0x009699E2+2136546]
Ordinal0 [0x00973541+2176321]
BaseThreadInitThunk [0x75F1FA29+25]
RtlGetAppContainerNamedObjectPath [0x77AE7A9E+286]
RtlGetAppContainerNamedObjectPath [0x77AE7A6E+238]

at java.base/jdk.internal.reflect.NativeConstructorAccessorImpl.newInstance0(Native Method)
at java.base/jdk.internal.reflect.NativeConstructorAccessorImpl.newInstance(NativeConstructorAccessorImpl.java:62)
at java.base/jdk.internal.reflect.DelegatingConstructorAccessorImpl.newInstance(DelegatingConstructorAccessorImpl.java:45)
at java.base/java.lang.reflect.Constructor.newInstance(Constructor.java:490)
at org.openqa.selenium.remote.W3CHandshakeResponse.lambda$errorHandler$0(W3CHandshakeResponse.java:62)
at org.openqa.selenium.remote.HandshakeResponse.lambda$getResponseFunction$0(HandshakeResponse.java:30)
at org.openqa.selenium.remote.ProtocolHandshake.lambda$createSession$0(ProtocolHandshake.java:126)
at java.base/java.util.stream.ReferencePipeline$3$1.accept(ReferencePipeline.java:195)
at java.base/java.util.Spliterators$ArraySpliterator.tryAdvance(Spliterators.java:958)
at java.base/java.util.stream.ReferencePipeline.forEachWithCancel(ReferencePipeline.java:127)
at java.base/java.util.stream.AbstractPipeline.copyIntoWithCancel(AbstractPipeline.java:502)
at java.base/java.util.stream.AbstractPipeline.copyInto(AbstractPipeline.java:488)
at java.base/java.util.stream.AbstractPipeline.wrapAndCopyInto(AbstractPipeline.java:474)
at java.base/java.util.stream.FindOps$FindOp.evaluateSequential(FindOps.java:150)
at java.base/java.util.stream.AbstractPipeline.evaluate(AbstractPipeline.java:234)
at java.base/java.util.stream.ReferencePipeline.findFirst(ReferencePipeline.java:543)
at org.openqa.selenium.remote.ProtocolHandshake.createSession(ProtocolHandshake.java:128)
at org.openqa.selenium.remote.ProtocolHandshake.createSession(ProtocolHandshake.java:74)
at org.openqa.selenium.remote.HttpCommandExecutor.execute(HttpCommandExecutor.java:136)
at org.openqa.selenium.remote.service.DriverCommandExecutor.execute(DriverCommandExecutor.java:83)
at org.openqa.selenium.remote.RemoteWebDriver.execute(RemoteWebDriver.java:552)
at org.openqa.selenium.remote.RemoteWebDriver.startSession(RemoteWebDriver.java:213)
at org.openqa.selenium.remote.RemoteWebDriver.<init>(RemoteWebDriver.java:131)
at org.openqa.selenium.chrome.ChromeDriver.<init>(ChromeDriver.java:181)
at org.openqa.selenium.chrome.ChromeDriver.<init>(ChromeDriver.java:168)
at org.openqa.selenium.chrome.ChromeDriver.<init>(ChromeDriver.java:157)
at com.SeleniumAssignment.tests.BaseTest.initializationBrowsers(BaseTest.java:81)
at java.base/jdk.internal.reflect.NativeMethodAccessorImpl.invoke0(Native Method)
at java.base/jdk.internal.reflect.NativeMethodAccessorImpl.invoke(NativeMethodAccessorImpl.java:62)
at java.base/jdk.internal.reflect.DelegatingMethodAccessorImpl.invoke(DelegatingMethodAccessorImpl.java:43)
at java.base/java.lang.reflect.Method.invoke(Method.java:566)
at org.testng.internal.MethodInvocationHelper.invokeMethod(MethodInvocationHelper.java:133)
at org.testng.internal.MethodInvocationHelper.invokeMethodConsideringTimeout(MethodInvocationHelper.java:62)
at org.testng.internal.ConfigInvoker.invokeConfigurationMethod(ConfigInvoker.java:385)
at org.testng.internal.ConfigInvoker.invokeConfigurations(ConfigInvoker.java:321)
at org.testng.internal.TestInvoker.runConfigMethods(TestInvoker.java:700)
at org.testng.internal.TestInvoker.invokeMethod(TestInvoker.java:527)
at org.testng.internal.TestInvoker.invokeTestMethod(TestInvoker.java:173)
at org.testng.internal.MethodRunner.runInSequence(MethodRunner.java:46)
at org.testng.internal.TestInvoker$MethodInvocationAgent.invoke(TestInvoker.java:824)
at org.testng.internal.TestInvoker.invokeTestMethods(TestInvoker.java:146)
at org.testng.internal.TestMethodWorker.invokeTestMethods(TestMethodWorker.java:146)
at org.testng.internal.TestMethodWorker.run(TestMethodWorker.java:128)
at java.base/java.util.ArrayList.forEach(ArrayList.java:1541)
at org.testng.TestRunner.privateRun(TestRunner.java:794)
at org.testng.TestRunner.run(TestRunner.java:596)
at org.testng.SuiteRunner.runTest(SuiteRunner.java:377)
at org.testng.SuiteRunner.runSequentially(SuiteRunner.java:371)
at org.testng.SuiteRunner.privateRun(SuiteRunner.java:332)
at org.testng.SuiteRunner.run(SuiteRunner.java:276)
at org.testng.SuiteRunnerWorker.runSuite(SuiteRunnerWorker.java:53)
at org.testng.SuiteRunnerWorker.run(SuiteRunnerWorker.java:96)
at org.testng.TestNG.runSuitesSequentially(TestNG.java:1212)
at org.testng.TestNG.runSuitesLocally(TestNG.java:1134)
at org.testng.TestNG.runSuites(TestNG.java:1063)
at org.testng.TestNG.run(TestNG.java:1031)
at org.testng.remote.AbstractRemoteTestNG.run(AbstractRemoteTestNG.java:115)
at org.testng.remote.RemoteTestNG.initAndRun(RemoteTestNG.java:251)
at org.testng.remote.RemoteTestNG.main(RemoteTestNG.java:77)
]]>
            </full-stacktrace>
          </exception> <!-- org.openqa.selenium.SessionNotCreatedException -->
          <reporter-output>
          </reporter-output>
        </test-method> <!-- careersSearchJobTest -->
        <test-method is-config="true" signature="attachScreenshot(org.testng.ITestResult)[pri:0, instance:com.SeleniumAssignment.tests.CareersTest@f5acb9d]" started-at="2022-02-09T18:59:28 IST" name="attachScreenshot" finished-at="1970-01-01T05:30:00 IST" duration-ms="-1644413368318" status="SKIP">
          <reporter-output>
          </reporter-output>
        </test-method> <!-- attachScreenshot -->
        <test-method is-config="true" signature="close()[pri:0, instance:com.SeleniumAssignment.tests.CareersTest@f5acb9d]" started-at="2022-02-09T18:59:28 IST" name="close" finished-at="1970-01-01T05:30:00 IST" duration-ms="-1644413368319" status="SKIP">
          <reporter-output>
          </reporter-output>
        </test-method> <!-- close -->
      </class> <!-- com.SeleniumAssignment.tests.CareersTest -->
      <class name="com.SeleniumAssignment.tests.RegistrationTest">
        <test-method is-config="true" signature="initializationBrowsers(java.lang.String)[pri:0, instance:com.SeleniumAssignment.tests.RegistrationTest@4fb3ee4e]" started-at="2022-02-09T18:59:28 IST" name="initializationBrowsers" finished-at="2022-02-09T18:59:29 IST" duration-ms="1314" status="FAIL">
          <params>
            <param index="0">
              <value>
                <![CDATA[chrome]]>
              </value>
            </param>
          </params>
          <exception class="org.openqa.selenium.SessionNotCreatedException">
            <message>
              <![CDATA[session not created: This version of ChromeDriver only supports Chrome version 96
Current browser version is 98.0.4758.81 with binary path C:\Program Files\Google\Chrome\Application\chrome.exe
Build info: version: '3.141.59', revision: 'e82be7d358', time: '2018-11-14T08:17:03'
System info: host: 'IN-PG02NJQY', ip: '192.168.38.148', os.name: 'Windows 10', os.arch: 'amd64', os.version: '10.0', java.version: '11.0.12'
Driver info: driver.version: ChromeDriver
remote stacktrace: Backtrace:
Ordinal0 [0x009C6903+2517251]
Ordinal0 [0x0095F8E1+2095329]
Ordinal0 [0x00862848+1058888]
Ordinal0 [0x00880B9D+1182621]
Ordinal0 [0x0087CA60+1165920]
Ordinal0 [0x0087A2CF+1155791]
Ordinal0 [0x008AAAAF+1354415]
Ordinal0 [0x008AA71A+1353498]
Ordinal0 [0x008A639B+1336219]
Ordinal0 [0x008827A7+1189799]
Ordinal0 [0x00883609+1193481]
GetHandleVerifier [0x00B55904+1577972]
GetHandleVerifier [0x00C00B97+2279047]
GetHandleVerifier [0x00A56D09+534521]
GetHandleVerifier [0x00A55DB9+530601]
Ordinal0 [0x00964FF9+2117625]
Ordinal0 [0x009698A8+2136232]
Ordinal0 [0x009699E2+2136546]
Ordinal0 [0x00973541+2176321]
BaseThreadInitThunk [0x75F1FA29+25]
RtlGetAppContainerNamedObjectPath [0x77AE7A9E+286]
RtlGetAppContainerNamedObjectPath [0x77AE7A6E+238]
]]>
            </message>
            <full-stacktrace>
              <![CDATA[org.openqa.selenium.SessionNotCreatedException: session not created: This version of ChromeDriver only supports Chrome version 96
Current browser version is 98.0.4758.81 with binary path C:\Program Files\Google\Chrome\Application\chrome.exe
Build info: version: '3.141.59', revision: 'e82be7d358', time: '2018-11-14T08:17:03'
System info: host: 'IN-PG02NJQY', ip: '192.168.38.148', os.name: 'Windows 10', os.arch: 'amd64', os.version: '10.0', java.version: '11.0.12'
Driver info: driver.version: ChromeDriver
remote stacktrace: Backtrace:
Ordinal0 [0x009C6903+2517251]
Ordinal0 [0x0095F8E1+2095329]
Ordinal0 [0x00862848+1058888]
Ordinal0 [0x00880B9D+1182621]
Ordinal0 [0x0087CA60+1165920]
Ordinal0 [0x0087A2CF+1155791]
Ordinal0 [0x008AAAAF+1354415]
Ordinal0 [0x008AA71A+1353498]
Ordinal0 [0x008A639B+1336219]
Ordinal0 [0x008827A7+1189799]
Ordinal0 [0x00883609+1193481]
GetHandleVerifier [0x00B55904+1577972]
GetHandleVerifier [0x00C00B97+2279047]
GetHandleVerifier [0x00A56D09+534521]
GetHandleVerifier [0x00A55DB9+530601]
Ordinal0 [0x00964FF9+2117625]
Ordinal0 [0x009698A8+2136232]
Ordinal0 [0x009699E2+2136546]
Ordinal0 [0x00973541+2176321]
BaseThreadInitThunk [0x75F1FA29+25]
RtlGetAppContainerNamedObjectPath [0x77AE7A9E+286]
RtlGetAppContainerNamedObjectPath [0x77AE7A6E+238]

at java.base/jdk.internal.reflect.NativeConstructorAccessorImpl.newInstance0(Native Method)
at java.base/jdk.internal.reflect.NativeConstructorAccessorImpl.newInstance(NativeConstructorAccessorImpl.java:62)
at java.base/jdk.internal.reflect.DelegatingConstructorAccessorImpl.newInstance(DelegatingConstructorAccessorImpl.java:45)
at java.base/java.lang.reflect.Constructor.newInstance(Constructor.java:490)
at org.openqa.selenium.remote.W3CHandshakeResponse.lambda$errorHandler$0(W3CHandshakeResponse.java:62)
at org.openqa.selenium.remote.HandshakeResponse.lambda$getResponseFunction$0(HandshakeResponse.java:30)
at org.openqa.selenium.remote.ProtocolHandshake.lambda$createSession$0(ProtocolHandshake.java:126)
at java.base/java.util.stream.ReferencePipeline$3$1.accept(ReferencePipeline.java:195)
at java.base/java.util.Spliterators$ArraySpliterator.tryAdvance(Spliterators.java:958)
at java.base/java.util.stream.ReferencePipeline.forEachWithCancel(ReferencePipeline.java:127)
at java.base/java.util.stream.AbstractPipeline.copyIntoWithCancel(AbstractPipeline.java:502)
at java.base/java.util.stream.AbstractPipeline.copyInto(AbstractPipeline.java:488)
at java.base/java.util.stream.AbstractPipeline.wrapAndCopyInto(AbstractPipeline.java:474)
at java.base/java.util.stream.FindOps$FindOp.evaluateSequential(FindOps.java:150)
at java.base/java.util.stream.AbstractPipeline.evaluate(AbstractPipeline.java:234)
at java.base/java.util.stream.ReferencePipeline.findFirst(ReferencePipeline.java:543)
at org.openqa.selenium.remote.ProtocolHandshake.createSession(ProtocolHandshake.java:128)
at org.openqa.selenium.remote.ProtocolHandshake.createSession(ProtocolHandshake.java:74)
at org.openqa.selenium.remote.HttpCommandExecutor.execute(HttpCommandExecutor.java:136)
at org.openqa.selenium.remote.service.DriverCommandExecutor.execute(DriverCommandExecutor.java:83)
at org.openqa.selenium.remote.RemoteWebDriver.execute(RemoteWebDriver.java:552)
at org.openqa.selenium.remote.RemoteWebDriver.startSession(RemoteWebDriver.java:213)
at org.openqa.selenium.remote.RemoteWebDriver.<init>(RemoteWebDriver.java:131)
at org.openqa.selenium.chrome.ChromeDriver.<init>(ChromeDriver.java:181)
at org.openqa.selenium.chrome.ChromeDriver.<init>(ChromeDriver.java:168)
at org.openqa.selenium.chrome.ChromeDriver.<init>(ChromeDriver.java:157)
at com.SeleniumAssignment.tests.BaseTest.initializationBrowsers(BaseTest.java:81)
at java.base/jdk.internal.reflect.NativeMethodAccessorImpl.invoke0(Native Method)
at java.base/jdk.internal.reflect.NativeMethodAccessorImpl.invoke(NativeMethodAccessorImpl.java:62)
at java.base/jdk.internal.reflect.DelegatingMethodAccessorImpl.invoke(DelegatingMethodAccessorImpl.java:43)
at java.base/java.lang.reflect.Method.invoke(Method.java:566)
at org.testng.internal.MethodInvocationHelper.invokeMethod(MethodInvocationHelper.java:133)
at org.testng.internal.MethodInvocationHelper.invokeMethodConsideringTimeout(MethodInvocationHelper.java:62)
at org.testng.internal.ConfigInvoker.invokeConfigurationMethod(ConfigInvoker.java:385)
at org.testng.internal.ConfigInvoker.invokeConfigurations(ConfigInvoker.java:321)
at org.testng.internal.TestInvoker.runConfigMethods(TestInvoker.java:700)
at org.testng.internal.TestInvoker.invokeMethod(TestInvoker.java:527)
at org.testng.internal.TestInvoker.invokeTestMethod(TestInvoker.java:173)
at org.testng.internal.MethodRunner.runInSequence(MethodRunner.java:46)
at org.testng.internal.TestInvoker$MethodInvocationAgent.invoke(TestInvoker.java:824)
at org.testng.internal.TestInvoker.invokeTestMethods(TestInvoker.java:146)
at org.testng.internal.TestMethodWorker.invokeTestMethods(TestMethodWorker.java:146)
at org.testng.internal.TestMethodWorker.run(TestMethodWorker.java:128)
at java.base/java.util.ArrayList.forEach(ArrayList.java:1541)
at org.testng.TestRunner.privateRun(TestRunner.java:794)
at org.testng.TestRunner.run(TestRunner.java:596)
at org.testng.SuiteRunner.runTest(SuiteRunner.java:377)
at org.testng.SuiteRunner.runSequentially(SuiteRunner.java:371)
at org.testng.SuiteRunner.privateRun(SuiteRunner.java:332)
at org.testng.SuiteRunner.run(SuiteRunner.java:276)
at org.testng.SuiteRunnerWorker.runSuite(SuiteRunnerWorker.java:53)
at org.testng.SuiteRunnerWorker.run(SuiteRunnerWorker.java:96)
at org.testng.TestNG.runSuitesSequentially(TestNG.java:1212)
at org.testng.TestNG.runSuitesLocally(TestNG.java:1134)
at org.testng.TestNG.runSuites(TestNG.java:1063)
at org.testng.TestNG.run(TestNG.java:1031)
at org.testng.remote.AbstractRemoteTestNG.run(AbstractRemoteTestNG.java:115)
at org.testng.remote.RemoteTestNG.initAndRun(RemoteTestNG.java:251)
at org.testng.remote.RemoteTestNG.main(RemoteTestNG.java:77)
]]>
            </full-stacktrace>
          </exception> <!-- org.openqa.selenium.SessionNotCreatedException -->
          <reporter-output>
          </reporter-output>
        </test-method> <!-- initializationBrowsers -->
        <test-method is-config="true" signature="urlLunch()[pri:0, instance:com.SeleniumAssignment.tests.RegistrationTest@4fb3ee4e]" started-at="2022-02-09T18:59:29 IST" name="urlLunch" finished-at="1970-01-01T05:30:00 IST" duration-ms="-1644413369638" status="SKIP">
          <reporter-output>
          </reporter-output>
        </test-method> <!-- urlLunch -->
        <test-method signature="RegistrionFormTest(java.lang.String,java.lang.String,java.lang.String,java.lang.String)[pri:0, instance:com.SeleniumAssignment.tests.RegistrationTest@4fb3ee4e]" started-at="2022-02-09T18:59:29 IST" name="RegistrionFormTest" finished-at="2022-02-09T18:59:29 IST" duration-ms="0" status="SKIP">
          <params>
            <param index="0">
              <value>
                <![CDATA[Rajib]]>
              </value>
            </param>
            <param index="1">
              <value>
                <![CDATA[9932456789]]>
              </value>
            </param>
            <param index="2">
              <value>
                <![CDATA[xyz.abc@gmail.com]]>
              </value>
            </param>
            <param index="3">
              <value>
                <![CDATA[Rajib#2021]]>
              </value>
            </param>
          </params>
          <exception class="org.openqa.selenium.SessionNotCreatedException">
            <message>
              <![CDATA[session not created: This version of ChromeDriver only supports Chrome version 96
Current browser version is 98.0.4758.81 with binary path C:\Program Files\Google\Chrome\Application\chrome.exe
Build info: version: '3.141.59', revision: 'e82be7d358', time: '2018-11-14T08:17:03'
System info: host: 'IN-PG02NJQY', ip: '192.168.38.148', os.name: 'Windows 10', os.arch: 'amd64', os.version: '10.0', java.version: '11.0.12'
Driver info: driver.version: ChromeDriver
remote stacktrace: Backtrace:
Ordinal0 [0x009C6903+2517251]
Ordinal0 [0x0095F8E1+2095329]
Ordinal0 [0x00862848+1058888]
Ordinal0 [0x00880B9D+1182621]
Ordinal0 [0x0087CA60+1165920]
Ordinal0 [0x0087A2CF+1155791]
Ordinal0 [0x008AAAAF+1354415]
Ordinal0 [0x008AA71A+1353498]
Ordinal0 [0x008A639B+1336219]
Ordinal0 [0x008827A7+1189799]
Ordinal0 [0x00883609+1193481]
GetHandleVerifier [0x00B55904+1577972]
GetHandleVerifier [0x00C00B97+2279047]
GetHandleVerifier [0x00A56D09+534521]
GetHandleVerifier [0x00A55DB9+530601]
Ordinal0 [0x00964FF9+2117625]
Ordinal0 [0x009698A8+2136232]
Ordinal0 [0x009699E2+2136546]
Ordinal0 [0x00973541+2176321]
BaseThreadInitThunk [0x75F1FA29+25]
RtlGetAppContainerNamedObjectPath [0x77AE7A9E+286]
RtlGetAppContainerNamedObjectPath [0x77AE7A6E+238]
]]>
            </message>
            <full-stacktrace>
              <![CDATA[org.openqa.selenium.SessionNotCreatedException: session not created: This version of ChromeDriver only supports Chrome version 96
Current browser version is 98.0.4758.81 with binary path C:\Program Files\Google\Chrome\Application\chrome.exe
Build info: version: '3.141.59', revision: 'e82be7d358', time: '2018-11-14T08:17:03'
System info: host: 'IN-PG02NJQY', ip: '192.168.38.148', os.name: 'Windows 10', os.arch: 'amd64', os.version: '10.0', java.version: '11.0.12'
Driver info: driver.version: ChromeDriver
remote stacktrace: Backtrace:
Ordinal0 [0x009C6903+2517251]
Ordinal0 [0x0095F8E1+2095329]
Ordinal0 [0x00862848+1058888]
Ordinal0 [0x00880B9D+1182621]
Ordinal0 [0x0087CA60+1165920]
Ordinal0 [0x0087A2CF+1155791]
Ordinal0 [0x008AAAAF+1354415]
Ordinal0 [0x008AA71A+1353498]
Ordinal0 [0x008A639B+1336219]
Ordinal0 [0x008827A7+1189799]
Ordinal0 [0x00883609+1193481]
GetHandleVerifier [0x00B55904+1577972]
GetHandleVerifier [0x00C00B97+2279047]
GetHandleVerifier [0x00A56D09+534521]
GetHandleVerifier [0x00A55DB9+530601]
Ordinal0 [0x00964FF9+2117625]
Ordinal0 [0x009698A8+2136232]
Ordinal0 [0x009699E2+2136546]
Ordinal0 [0x00973541+2176321]
BaseThreadInitThunk [0x75F1FA29+25]
RtlGetAppContainerNamedObjectPath [0x77AE7A9E+286]
RtlGetAppContainerNamedObjectPath [0x77AE7A6E+238]

at java.base/jdk.internal.reflect.NativeConstructorAccessorImpl.newInstance0(Native Method)
at java.base/jdk.internal.reflect.NativeConstructorAccessorImpl.newInstance(NativeConstructorAccessorImpl.java:62)
at java.base/jdk.internal.reflect.DelegatingConstructorAccessorImpl.newInstance(DelegatingConstructorAccessorImpl.java:45)
at java.base/java.lang.reflect.Constructor.newInstance(Constructor.java:490)
at org.openqa.selenium.remote.W3CHandshakeResponse.lambda$errorHandler$0(W3CHandshakeResponse.java:62)
at org.openqa.selenium.remote.HandshakeResponse.lambda$getResponseFunction$0(HandshakeResponse.java:30)
at org.openqa.selenium.remote.ProtocolHandshake.lambda$createSession$0(ProtocolHandshake.java:126)
at java.base/java.util.stream.ReferencePipeline$3$1.accept(ReferencePipeline.java:195)
at java.base/java.util.Spliterators$ArraySpliterator.tryAdvance(Spliterators.java:958)
at java.base/java.util.stream.ReferencePipeline.forEachWithCancel(ReferencePipeline.java:127)
at java.base/java.util.stream.AbstractPipeline.copyIntoWithCancel(AbstractPipeline.java:502)
at java.base/java.util.stream.AbstractPipeline.copyInto(AbstractPipeline.java:488)
at java.base/java.util.stream.AbstractPipeline.wrapAndCopyInto(AbstractPipeline.java:474)
at java.base/java.util.stream.FindOps$FindOp.evaluateSequential(FindOps.java:150)
at java.base/java.util.stream.AbstractPipeline.evaluate(AbstractPipeline.java:234)
at java.base/java.util.stream.ReferencePipeline.findFirst(ReferencePipeline.java:543)
at org.openqa.selenium.remote.ProtocolHandshake.createSession(ProtocolHandshake.java:128)
at org.openqa.selenium.remote.ProtocolHandshake.createSession(ProtocolHandshake.java:74)
at org.openqa.selenium.remote.HttpCommandExecutor.execute(HttpCommandExecutor.java:136)
at org.openqa.selenium.remote.service.DriverCommandExecutor.execute(DriverCommandExecutor.java:83)
at org.openqa.selenium.remote.RemoteWebDriver.execute(RemoteWebDriver.java:552)
at org.openqa.selenium.remote.RemoteWebDriver.startSession(RemoteWebDriver.java:213)
at org.openqa.selenium.remote.RemoteWebDriver.<init>(RemoteWebDriver.java:131)
at org.openqa.selenium.chrome.ChromeDriver.<init>(ChromeDriver.java:181)
at org.openqa.selenium.chrome.ChromeDriver.<init>(ChromeDriver.java:168)
at org.openqa.selenium.chrome.ChromeDriver.<init>(ChromeDriver.java:157)
at com.SeleniumAssignment.tests.BaseTest.initializationBrowsers(BaseTest.java:81)
at java.base/jdk.internal.reflect.NativeMethodAccessorImpl.invoke0(Native Method)
at java.base/jdk.internal.reflect.NativeMethodAccessorImpl.invoke(NativeMethodAccessorImpl.java:62)
at java.base/jdk.internal.reflect.DelegatingMethodAccessorImpl.invoke(DelegatingMethodAccessorImpl.java:43)
at java.base/java.lang.reflect.Method.invoke(Method.java:566)
at org.testng.internal.MethodInvocationHelper.invokeMethod(MethodInvocationHelper.java:133)
at org.testng.internal.MethodInvocationHelper.invokeMethodConsideringTimeout(MethodInvocationHelper.java:62)
at org.testng.internal.ConfigInvoker.invokeConfigurationMethod(ConfigInvoker.java:385)
at org.testng.internal.ConfigInvoker.invokeConfigurations(ConfigInvoker.java:321)
at org.testng.internal.TestInvoker.runConfigMethods(TestInvoker.java:700)
at org.testng.internal.TestInvoker.invokeMethod(TestInvoker.java:527)
at org.testng.internal.TestInvoker.invokeTestMethod(TestInvoker.java:173)
at org.testng.internal.MethodRunner.runInSequence(MethodRunner.java:46)
at org.testng.internal.TestInvoker$MethodInvocationAgent.invoke(TestInvoker.java:824)
at org.testng.internal.TestInvoker.invokeTestMethods(TestInvoker.java:146)
at org.testng.internal.TestMethodWorker.invokeTestMethods(TestMethodWorker.java:146)
at org.testng.internal.TestMethodWorker.run(TestMethodWorker.java:128)
at java.base/java.util.ArrayList.forEach(ArrayList.java:1541)
at org.testng.TestRunner.privateRun(TestRunner.java:794)
at org.testng.TestRunner.run(TestRunner.java:596)
at org.testng.SuiteRunner.runTest(SuiteRunner.java:377)
at org.testng.SuiteRunner.runSequentially(SuiteRunner.java:371)
at org.testng.SuiteRunner.privateRun(SuiteRunner.java:332)
at org.testng.SuiteRunner.run(SuiteRunner.java:276)
at org.testng.SuiteRunnerWorker.runSuite(SuiteRunnerWorker.java:53)
at org.testng.SuiteRunnerWorker.run(SuiteRunnerWorker.java:96)
at org.testng.TestNG.runSuitesSequentially(TestNG.java:1212)
at org.testng.TestNG.runSuitesLocally(TestNG.java:1134)
at org.testng.TestNG.runSuites(TestNG.java:1063)
at org.testng.TestNG.run(TestNG.java:1031)
at org.testng.remote.AbstractRemoteTestNG.run(AbstractRemoteTestNG.java:115)
at org.testng.remote.RemoteTestNG.initAndRun(RemoteTestNG.java:251)
at org.testng.remote.RemoteTestNG.main(RemoteTestNG.java:77)
]]>
            </full-stacktrace>
          </exception> <!-- org.openqa.selenium.SessionNotCreatedException -->
          <reporter-output>
          </reporter-output>
        </test-method> <!-- RegistrionFormTest -->
        <test-method is-config="true" signature="close()[pri:0, instance:com.SeleniumAssignment.tests.RegistrationTest@4fb3ee4e]" started-at="2022-02-09T18:59:29 IST" name="close" finished-at="1970-01-01T05:30:00 IST" duration-ms="-1644413369642" status="SKIP">
          <reporter-output>
          </reporter-output>
        </test-method> <!-- close -->
        <test-method is-config="true" signature="attachScreenshot(org.testng.ITestResult)[pri:0, instance:com.SeleniumAssignment.tests.RegistrationTest@4fb3ee4e]" started-at="2022-02-09T18:59:29 IST" name="attachScreenshot" finished-at="1970-01-01T05:30:00 IST" duration-ms="-1644413369642" status="SKIP">
          <reporter-output>
          </reporter-output>
        </test-method> <!-- attachScreenshot -->
      </class> <!-- com.SeleniumAssignment.tests.RegistrationTest -->
    </test> <!-- Test -->
  </suite> <!-- Suite -->
</testng-results>
