<?xml version="1.0" encoding="UTF-8"?>
<!-- Generated by org.testng.reporters.JUnitReportReporter -->
<testsuite hostname="IN-PG02NJQY" failures="0" tests="10" name="com.SeleniumAssignment.tests.HomeTest" time="1.888" errors="1" timestamp="2022-02-09T18:59:30 IST" skipped="9">
  <testcase classname="com.SeleniumAssignment.tests.HomeTest" name="initializationBrowsers" time="1.886">
    <error message="session not created: This version of ChromeDriver only supports Chrome version 96
Current browser version is 98.0.4758.81 with binary path C:\Program Files\Google\Chrome\Application\chrome.exe
Build info: version: &#039;3.141.59&#039;, revision: &#039;e82be7d358&#039;, time: &#039;2018-11-14T08:17:03&#039;
System info: host: &#039;IN-PG02NJQY&#039;, ip: &#039;192.168.38.148&#039;, os.name: &#039;Windows 10&#039;, os.arch: &#039;amd64&#039;, os.version: &#039;10.0&#039;, java.version: &#039;11.0.12&#039;
Driver info: driver.version: ChromeDriver
remote stacktrace: Backtrace:
	Ordinal0 [0x009C6903+2517251]
	Ordinal0 [0x0095F8E1+2095329]
	Ordinal0 [0x00862848+1058888]
	Ordinal0 [0x00880B9D+1182621]
	Ordinal0 [0x0087CA60+1165920]
	Ordinal0 [0x0087A2CF+1155791]
	Ordinal0 [0x008AAAAF+1354415]
	Ordinal0 [0x008AA71A+1353498]
	Ordinal0 [0x008A639B+1336219]
	Ordinal0 [0x008827A7+1189799]
	Ordinal0 [0x00883609+1193481]
	GetHandleVerifier [0x00B55904+1577972]
	GetHandleVerifier [0x00C00B97+2279047]
	GetHandleVerifier [0x00A56D09+534521]
	GetHandleVerifier [0x00A55DB9+530601]
	Ordinal0 [0x00964FF9+2117625]
	Ordinal0 [0x009698A8+2136232]
	Ordinal0 [0x009699E2+2136546]
	Ordinal0 [0x00973541+2176321]
	BaseThreadInitThunk [0x75F1FA29+25]
	RtlGetAppContainerNamedObjectPath [0x77AE7A9E+286]
	RtlGetAppContainerNamedObjectPath [0x77AE7A6E+238]
" type="org.openqa.selenium.SessionNotCreatedException">
      <![CDATA[org.openqa.selenium.SessionNotCreatedException: session not created: This version of ChromeDriver only supports Chrome version 96
Current browser version is 98.0.4758.81 with binary path C:\Program Files\Google\Chrome\Application\chrome.exe
Build info: version: '3.141.59', revision: 'e82be7d358', time: '2018-11-14T08:17:03'
System info: host: 'IN-PG02NJQY', ip: '192.168.38.148', os.name: 'Windows 10', os.arch: 'amd64', os.version: '10.0', java.version: '11.0.12'
Driver info: driver.version: ChromeDriver
remote stacktrace: Backtrace:
Ordinal0 [0x009C6903+2517251]
Ordinal0 [0x0095F8E1+2095329]
Ordinal0 [0x00862848+1058888]
Ordinal0 [0x00880B9D+1182621]
Ordinal0 [0x0087CA60+1165920]
Ordinal0 [0x0087A2CF+1155791]
Ordinal0 [0x008AAAAF+1354415]
Ordinal0 [0x008AA71A+1353498]
Ordinal0 [0x008A639B+1336219]
Ordinal0 [0x008827A7+1189799]
Ordinal0 [0x00883609+1193481]
GetHandleVerifier [0x00B55904+1577972]
GetHandleVerifier [0x00C00B97+2279047]
GetHandleVerifier [0x00A56D09+534521]
GetHandleVerifier [0x00A55DB9+530601]
Ordinal0 [0x00964FF9+2117625]
Ordinal0 [0x009698A8+2136232]
Ordinal0 [0x009699E2+2136546]
Ordinal0 [0x00973541+2176321]
BaseThreadInitThunk [0x75F1FA29+25]
RtlGetAppContainerNamedObjectPath [0x77AE7A9E+286]
RtlGetAppContainerNamedObjectPath [0x77AE7A6E+238]

at java.base/jdk.internal.reflect.NativeConstructorAccessorImpl.newInstance0(Native Method)
at java.base/jdk.internal.reflect.NativeConstructorAccessorImpl.newInstance(NativeConstructorAccessorImpl.java:62)
at java.base/jdk.internal.reflect.DelegatingConstructorAccessorImpl.newInstance(DelegatingConstructorAccessorImpl.java:45)
at java.base/java.lang.reflect.Constructor.newInstance(Constructor.java:490)
at org.openqa.selenium.remote.W3CHandshakeResponse.lambda$errorHandler$0(W3CHandshakeResponse.java:62)
at org.openqa.selenium.remote.HandshakeResponse.lambda$getResponseFunction$0(HandshakeResponse.java:30)
at org.openqa.selenium.remote.ProtocolHandshake.lambda$createSession$0(ProtocolHandshake.java:126)
at java.base/java.util.stream.ReferencePipeline$3$1.accept(ReferencePipeline.java:195)
at java.base/java.util.Spliterators$ArraySpliterator.tryAdvance(Spliterators.java:958)
at java.base/java.util.stream.ReferencePipeline.forEachWithCancel(ReferencePipeline.java:127)
at java.base/java.util.stream.AbstractPipeline.copyIntoWithCancel(AbstractPipeline.java:502)
at java.base/java.util.stream.AbstractPipeline.copyInto(AbstractPipeline.java:488)
at java.base/java.util.stream.AbstractPipeline.wrapAndCopyInto(AbstractPipeline.java:474)
at java.base/java.util.stream.FindOps$FindOp.evaluateSequential(FindOps.java:150)
at java.base/java.util.stream.AbstractPipeline.evaluate(AbstractPipeline.java:234)
at java.base/java.util.stream.ReferencePipeline.findFirst(ReferencePipeline.java:543)
at org.openqa.selenium.remote.ProtocolHandshake.createSession(ProtocolHandshake.java:128)
at org.openqa.selenium.remote.ProtocolHandshake.createSession(ProtocolHandshake.java:74)
at org.openqa.selenium.remote.HttpCommandExecutor.execute(HttpCommandExecutor.java:136)
at org.openqa.selenium.remote.service.DriverCommandExecutor.execute(DriverCommandExecutor.java:83)
at org.openqa.selenium.remote.RemoteWebDriver.execute(RemoteWebDriver.java:552)
at org.openqa.selenium.remote.RemoteWebDriver.startSession(RemoteWebDriver.java:213)
at org.openqa.selenium.remote.RemoteWebDriver.<init>(RemoteWebDriver.java:131)
at org.openqa.selenium.chrome.ChromeDriver.<init>(ChromeDriver.java:181)
at org.openqa.selenium.chrome.ChromeDriver.<init>(ChromeDriver.java:168)
at org.openqa.selenium.chrome.ChromeDriver.<init>(ChromeDriver.java:157)
at com.SeleniumAssignment.tests.BaseTest.initializationBrowsers(BaseTest.java:81)
at java.base/jdk.internal.reflect.NativeMethodAccessorImpl.invoke0(Native Method)
at java.base/jdk.internal.reflect.NativeMethodAccessorImpl.invoke(NativeMethodAccessorImpl.java:62)
at java.base/jdk.internal.reflect.DelegatingMethodAccessorImpl.invoke(DelegatingMethodAccessorImpl.java:43)
at java.base/java.lang.reflect.Method.invoke(Method.java:566)
at org.testng.internal.MethodInvocationHelper.invokeMethod(MethodInvocationHelper.java:133)
at org.testng.internal.MethodInvocationHelper.invokeMethodConsideringTimeout(MethodInvocationHelper.java:62)
at org.testng.internal.ConfigInvoker.invokeConfigurationMethod(ConfigInvoker.java:385)
at org.testng.internal.ConfigInvoker.invokeConfigurations(ConfigInvoker.java:321)
at org.testng.internal.TestInvoker.runConfigMethods(TestInvoker.java:700)
at org.testng.internal.TestInvoker.invokeMethod(TestInvoker.java:527)
at org.testng.internal.TestInvoker.invokeTestMethod(TestInvoker.java:173)
at org.testng.internal.MethodRunner.runInSequence(MethodRunner.java:46)
at org.testng.internal.TestInvoker$MethodInvocationAgent.invoke(TestInvoker.java:824)
at org.testng.internal.TestInvoker.invokeTestMethods(TestInvoker.java:146)
at org.testng.internal.TestMethodWorker.invokeTestMethods(TestMethodWorker.java:146)
at org.testng.internal.TestMethodWorker.run(TestMethodWorker.java:128)
at java.base/java.util.ArrayList.forEach(ArrayList.java:1541)
at org.testng.TestRunner.privateRun(TestRunner.java:794)
at org.testng.TestRunner.run(TestRunner.java:596)
at org.testng.SuiteRunner.runTest(SuiteRunner.java:377)
at org.testng.SuiteRunner.runSequentially(SuiteRunner.java:371)
at org.testng.SuiteRunner.privateRun(SuiteRunner.java:332)
at org.testng.SuiteRunner.run(SuiteRunner.java:276)
at org.testng.SuiteRunnerWorker.runSuite(SuiteRunnerWorker.java:53)
at org.testng.SuiteRunnerWorker.run(SuiteRunnerWorker.java:96)
at org.testng.TestNG.runSuitesSequentially(TestNG.java:1212)
at org.testng.TestNG.runSuitesLocally(TestNG.java:1134)
at org.testng.TestNG.runSuites(TestNG.java:1063)
at org.testng.TestNG.run(TestNG.java:1031)
at org.testng.remote.AbstractRemoteTestNG.run(AbstractRemoteTestNG.java:115)
at org.testng.remote.RemoteTestNG.initAndRun(RemoteTestNG.java:251)
at org.testng.remote.RemoteTestNG.main(RemoteTestNG.java:77)
]]>
    </error>
  </testcase> <!-- initializationBrowsers -->
  <system-out/>
  <testcase classname="com.SeleniumAssignment.tests.HomeTest" name="navigationBarElectronicsClickTest" time="0.000">
    <skipped/>
  </testcase> <!-- navigationBarElectronicsClickTest -->
  <system-out/>
  <testcase classname="com.SeleniumAssignment.tests.HomeTest" name="navigationBarPrimeClickTest" time="0.001">
    <skipped/>
  </testcase> <!-- navigationBarPrimeClickTest -->
  <system-out/>
  <testcase classname="com.SeleniumAssignment.tests.HomeTest" name="contectWithUsFacebookClickTest" time="0.000">
    <skipped/>
  </testcase> <!-- contectWithUsFacebookClickTest -->
  <system-out/>
  <testcase classname="com.SeleniumAssignment.tests.HomeTest" name="contectWithUsInstagramClickTest" time="0.000">
    <skipped/>
  </testcase> <!-- contectWithUsInstagramClickTest -->
  <system-out/>
  <testcase classname="com.SeleniumAssignment.tests.HomeTest" name="enterSearchText" time="0.000">
    <skipped/>
  </testcase> <!-- enterSearchText -->
  <system-out/>
  <testcase classname="com.SeleniumAssignment.tests.HomeTest" name="navigationBarMobilesClickTest" time="0.001">
    <skipped/>
  </testcase> <!-- navigationBarMobilesClickTest -->
  <system-out/>
  <testcase classname="com.SeleniumAssignment.tests.HomeTest" name="navigationBarFashionClickTest" time="0.000">
    <skipped/>
  </testcase> <!-- navigationBarFashionClickTest -->
  <system-out/>
  <testcase classname="com.SeleniumAssignment.tests.HomeTest" name="contectWithUsTwitterClickTest" time="0.000">
    <skipped/>
  </testcase> <!-- contectWithUsTwitterClickTest -->
  <system-out/>
  <testcase classname="com.SeleniumAssignment.tests.HomeTest" name="navigationBarBestSellerClickTest" time="0.000">
    <skipped/>
  </testcase> <!-- navigationBarBestSellerClickTest -->
  <system-out/>
</testsuite> <!-- com.SeleniumAssignment.tests.HomeTest -->
